#
# There is insufficient memory for the Java Runtime Environment to continue.
# Native memory allocation (mmap) failed to map 53477376 bytes for G1 virtual space
# Possible reasons:
#   The system is out of physical RAM or swap space
#   The process is running with CompressedOops enabled, and the Java Heap may be blocking the growth of the native heap
# Possible solutions:
#   Reduce memory load on the system
#   Increase physical memory or swap space
#   Check if swap backing store is full
#   Decrease Java heap size (-Xmx/-Xms)
#   Decrease number of Java threads
#   Decrease Java thread stack sizes (-Xss)
#   Set larger code cache with -XX:ReservedCodeCacheSize=
#   JVM is running with Unscaled Compressed Oops mode in which the Java heap is
#     placed in the first 4GB address space. The Java Heap base address is the
#     maximum limit for the native heap growth. Please use -XX:HeapBaseMinAddress
#     to set the Java Heap base and to place the Java Heap above 4GB virtual address.
# This output file may be truncated or incomplete.
#
#  Out of Memory Error (os_windows.cpp:3530), pid=16752, tid=17124
#
# JRE version: OpenJDK Runtime Environment Corretto-18.0.2.9.1 (18.0.2+9) (build 18.0.2+9-FR)
# Java VM: OpenJDK 64-Bit Server VM Corretto-18.0.2.9.1 (18.0.2+9-FR, mixed mode, emulated-client, sharing, tiered, compressed oops, compressed class ptrs, g1 gc, windows-amd64)
# No core dump will be written. Minidumps are not enabled by default on client versions of Windows
#

---------------  S U M M A R Y ------------

Command Line: -XX:TieredStopAtLevel=1 -Dspring.output.ansi.enabled=always -Dcom.sun.management.jmxremote -Dspring.jmx.enabled=true -Dspring.liveBeansView.mbeanDomain -Dspring.application.admin.enabled=true -Dmanagement.endpoints.jmx.exposure.include=* -javaagent:C:\Program Files\JetBrains\IntelliJ IDEA 2022.3.3\lib\idea_rt.jar=51588:C:\Program Files\JetBrains\IntelliJ IDEA 2022.3.3\bin -Dfile.encoding=UTF-8 -Dsun.stdout.encoding=UTF-8 -Dsun.stderr.encoding=UTF-8 com.esprit.socialNetwork.SocialNetworkApplication

Host: Intel(R) Core(TM) i7-8550U CPU @ 1.80GHz, 8 cores, 7G,  Windows 10 , 64 bit Build 19041 (10.0.19041.3155)
Time: Thu Aug  3 10:18:23 2023 Paris, Madrid (heure duild 19041 (10.0.19041.3155) elapsed time: 7.006693 seconds (0d 0h 0m 7s)

---------------  T H R E A D  ---------------

Current thread (0x000001c17f95c100):  VMThread "VM Thread" [stack: 0x0000003407c00000,0x0000003407d00000] [id=17124]

Stack: [0x0000003407c00000,0x0000003407d00000]
Native frames: (J=compiled Java code, j=interpreted, Vv=VM code, C=native code)
V  [jvm.dll+0x685a2a]
V  [jvm.dll+0x82ae8d]
V  [jvm.dll+0x82c75e]
V  [jvm.dll+0x82ce03]
V  [jvm.dll+0x25ef4b]
V  [jvm.dll+0x6828ca]
V  [jvm.dll+0x67745a]
V  [jvm.dll+0x3243f9]
V  [jvm.dll+0x32ba86]
V  [jvm.dll+0x37e00a]
V  [jvm.dll+0x37e24f]
V  [jvm.dll+0x2fb50a]
V  [jvm.dll+0x2fb5b7]
V  [jvm.dll+0x33f162]
V  [jvm.dll+0x33d8f0]
V  [jvm.dll+0x2fad70]
V  [jvm.dll+0x33cecb]
V  [jvm.dll+0x831b3b]
V  [jvm.dll+0x8328c8]
V  [jvm.dll+0x832e15]
V  [jvm.dll+0x833254]
V  [jvm.dll+0x833315]
V  [jvm.dll+0x7d9cba]
V  [jvm.dll+0x6848a5]
C  [ucrtbase.dll+0x21bb2]
C  [KERNEL32.DLL+0x17614]
C  [ntdll.dll+0x526b1]

VM_Operation (0x00000034076f3c50): G1CollectForAllocation, mode: safepoint, requested by thread 0x000001c17f8d5b60


---------------  P R O C E S S  ---------------

Threads class SMR info:
_java_thread_list=0x000001c117f6a140, length=22, elements={
0x000001c17f8d5b60, 0x000001c112028e50, 0x000001c1120299c0, 0x000001c11203eeb0,
0x000001c11203f760, 0x000001c112040010, 0x000001c112040a00, 0x000001c1120412b0,
0x000001c1120429c0, 0x000001c112013bf0, 0x000001c1166a3660, 0x000001c1166a5f80,
0x000001c116c8c460, 0x000001c116c917e0, 0x000001c116d6b780, 0x000001c11710c250,
0x000001c1175eb7f0, 0x000001c1178c1500, 0x000001c1179984b0, 0x000001c1179997f0,
0x000001c117998e50, 0x000001c117997fe0
}

Java Threads: ( => current thread )
  0x000001c17f8d5b60 JavaThread "main" [_thread_blocked, id=11352, stack(0x0000003407600000,0x0000003407700000)]
  0x000001c112028e50 JavaThread "Reference Handler" daemon [_thread_blocked, id=11648, stack(0x0000003407d00000,0x0000003407e00000)]
  0x000001c1120299c0 JavaThread "Finalizer" daemon [_thread_blocked, id=14520, stack(0x0000003407e00000,0x0000003407f00000)]
  0x000001c11203eeb0 JavaThread "Signal Dispatcher" daemon [_thread_blocked, id=8504, stack(0x0000003407f00000,0x0000003408000000)]
  0x000001c11203f760 JavaThread "Attach Listener" daemon [_thread_blocked, id=18012, stack(0x0000003408000000,0x0000003408100000)]
  0x000001c112040010 JavaThread "Service Thread" daemon [_thread_blocked, id=9300, stack(0x0000003408100000,0x0000003408200000)]
  0x000001c112040a00 JavaThread "Monitor Deflation Thread" daemon [_thread_blocked, id=18776, stack(0x0000003408200000,0x0000003408300000)]
  0x000001c1120412b0 JavaThread "C1 CompilerThread0" daemon [_thread_blocked, id=17552, stack(0x0000003408300000,0x0000003408400000)]
  0x000001c1120429c0 JavaThread "Sweeper thread" daemon [_thread_blocked, id=10696, stack(0x0000003408400000,0x0000003408500000)]
  0x000001c112013bf0 JavaThread "Common-Cleaner" daemon [_thread_blocked, id=6620, stack(0x0000003408500000,0x0000003408600000)]
  0x000001c1166a3660 JavaThread "C1 CompilerThread1" daemon [_thread_blocked, id=20652, stack(0x0000003408600000,0x0000003408700000)]
  0x000001c1166a5f80 JavaThread "C1 CompilerThread2" daemon [_thread_blocked, id=18252, stack(0x0000003408700000,0x0000003408800000)]
  0x000001c116c8c460 JavaThread "Monitor Ctrl-Break" daemon [_thread_in_native, id=15144, stack(0x0000003408800000,0x0000003408900000)]
  0x000001c116c917e0 JavaThread "Notification Thread" daemon [_thread_blocked, id=7620, stack(0x0000003408900000,0x0000003408a00000)]
  0x000001c116d6b780 JavaThread "RMI TCP Accept-0" daemon [_thread_in_native, id=19512, stack(0x0000003408a00000,0x0000003408b00000)]
  0x000001c11710c250 JavaThread "RMI TCP Connection(2)-192.168.1.199" daemon [_thread_in_native, id=18724, stack(0x0000003408c00000,0x0000003408d00000)]
  0x000001c1175eb7f0 JavaThread "RMI Scheduler(0)" daemon [_thread_blocked, id=21200, stack(0x0000003409600000,0x0000003409700000)]
  0x000001c1178c1500 JavaThread "C1 CompilerThread3" daemon [_thread_blocked, id=13996, stack(0x0000003409800000,0x0000003409900000)]
  0x000001c1179984b0 JavaThread "RMI TCP Connection(3)-192.168.1.199" daemon [_thread_in_native, id=19192, stack(0x0000003409900000,0x0000003409a00000)]
  0x000001c1179997f0 JavaThread "mysql-cj-abandoned-connection-cleanup" daemon [_thread_blocked, id=16396, stack(0x0000003409a00000,0x0000003409b00000)]
  0x000001c117998e50 JavaThread "HikariPool-1 housekeeper" daemon [_thread_blocked, id=7804, stack(0x0000003409c00000,0x0000003409d00000)]
  0x000001c117997fe0 JavaThread "HikariPool-1 connection adder" daemon [_thread_blocked, id=17608, stack(0x0000003409d00000,0x0000003409e00000)]

Other Threads:
=>0x000001c17f95c100 VMThread "VM Thread" [stack: 0x0000003407c00000,0x0000003407d00000] [id=17124]
  0x000001c116d7ac20 WatcherThread "VM Periodic Task Thread" [stack: 0x0000003408b00000,0x0000003408c00000] [id=15752]
  0x000001c17f938b40 WorkerThread "GC Thread#0" [stack: 0x0000003407700000,0x0000003407800000] [id=8432]
  0x000001c1175e8a90 WorkerThread "GC Thread#1" [stack: 0x0000003408d00000,0x0000003408e00000] [id=19256]
  0x000001c1175e8d30 WorkerThread "GC Thread#2" [stack: 0x0000003408e00000,0x0000003408f00000] [id=11912]
  0x000001c117109f00 WorkerThread "GC Thread#3" [stack: 0x0000003408f00000,0x0000003409000000] [id=9188]
  0x000001c1175e3ef0 WorkerThread "GC Thread#4" [stack: 0x0000003409000000,0x0000003409100000] [id=13476]
  0x000001c117609c50 WorkerThread "GC Thread#5" [stack: 0x0000003409100000,0x0000003409200000] [id=15488]
  0x000001c11760a370 WorkerThread "GC Thread#6" [stack: 0x0000003409200000,0x0000003409300000] [id=5848]
  0x000001c117612620 WorkerThread "GC Thread#7" [stack: 0x0000003409300000,0x0000003409400000] [id=20956]
  0x000001c17f9495c0 ConcurrentGCThread "G1 Main Marker" [stack: 0x0000003407800000,0x0000003407900000] [id=20308]
  0x000001c17f949ec0 WorkerThread "G1 Conc#0" [stack: 0x0000003407900000,0x0000003407a00000] [id=13896]
  0x000001c117d3d100 WorkerThread "G1 Conc#1" [stack: 0x0000003409700000,0x0000003409800000] [id=11632]
  0x000001c17f98a7e0 ConcurrentGCThread "G1 Refine#0" [stack: 0x0000003407a00000,0x0000003407b00000] [id=15068]
  0x000001c117127750 ConcurrentGCThread "G1 Refine#1" [stack: 0x0000003409400000,0x0000003409500000] [id=460]
  0x000001c117127a20 ConcurrentGCThread "G1 Refine#2" [stack: 0x0000003409500000,0x0000003409600000] [id=19928]
  0x000001c17f98b000 ConcurrentGCThread "G1 Service" [stack: 0x0000003407b00000,0x0000003407c00000] [id=4940]

Threads with active compile tasks:

VM state: at safepoint (normal execution)

VM Mutex/Monitor currently owned by a thread:  ([mutex/lock_event])
[0x000001c17f8d2580] Threads_lock - owner thread: 0x000001c17f95c100
[0x000001c17f8d1380] Heap_lock - owner thread: 0x000001c17f8d5b60

Heap address: 0x0000000081e00000, size: 2018 MB, Compressed Oops mode: 32-bit

CDS archive(s) mapped at: [0x0000000800000000-0x0000000800ba0000-0x0000000800ba0000), size 12189696, SharedBaseAddress: 0x0000000800000000, ArchiveRelocationMode: 0.
Compressed class space mapped at: 0x0000000800c00000-0x0000000840c00000, reserved size: 1073741824
Narrow klass base: 0x0000000800000000, Narrow klass shift: 0, Narrow klass range: 0x100000000

GC Precious Log:
 CardTable entry size: 512
 Card Set container configuration: InlinePtr #cards 5 size 8 Array Of Cards #cards 12 size 40 Howl #buckets 4 coarsen threshold 1843 Howl Bitmap #cards 512 size 80 coarsen threshold 460 Card regions per heap region 1 cards per card region 2048
 CPUs: 8 total, 8 available
 Memory: 8070M
 Large Page Support: Disabled
 NUMA Support: Disabled
 Compressed Oops: Enabled (32-bit)
 Heap Region Size: 1M
 Heap Min Capacity: 8M
 Heap Initial Capacity: 128M
 Heap Max Capacity: 2018M
 Pre-touch: Disabled
 Parallel Workers: 8
 Concurrent Workers: 2
 Concurrent Refinement Workers: 8
 Periodic GC: Disabled

Heap:
 garbage-first heap   total 58368K, used 24515K [0x0000000081e00000, 0x0000000100000000)
  region size 1024K, 3 young (3072K), 3 survivors (3072K)
 Metaspace       used 40544K, committed 41088K, reserved 1114112K
  class space    used 5575K, committed 5824K, reserved 1048576K

Heap Regions: E=young(eden), S=young(survivor), O=old, HS=humongous(starts), HC=humongous(continues), CS=collection set, F=free, OA=open archive, CA=closed archive, TAMS=top-at-mark-start (previous, next)
|   0|0x0000000081e00000, 0x0000000081f00000, 0x0000000081f00000|100%|HS|  |TAMS 0x0000000081f00000, 0x0000000081e00000| Complete 
|   1|0x0000000081f00000, 0x0000000082000000, 0x0000000082000000|100%| O|  |TAMS 0x0000000082000000, 0x0000000081f00000| Untracked 
|   2|0x0000000082000000, 0x0000000082100000, 0x0000000082100000|100%| O|  |TAMS 0x0000000082100000, 0x0000000082000000| Untracked 
|   3|0x0000000082100000, 0x0000000082200000, 0x0000000082200000|100%| O|  |TAMS 0x0000000082200000, 0x0000000082100000| Untracked 
|   4|0x0000000082200000, 0x0000000082300000, 0x0000000082300000|100%| O|  |TAMS 0x0000000082300000, 0x0000000082200000| Untracked 
|   5|0x0000000082300000, 0x0000000082400000, 0x0000000082400000|100%| O|  |TAMS 0x0000000082400000, 0x0000000082300000| Untracked 
|   6|0x0000000082400000, 0x0000000082500000, 0x0000000082500000|100%| O|  |TAMS 0x0000000082500000, 0x0000000082400000| Untracked 
|   7|0x0000000082500000, 0x0000000082600000, 0x0000000082600000|100%| O|  |TAMS 0x0000000082600000, 0x0000000082500000| Untracked 
|   8|0x0000000082600000, 0x0000000082700000, 0x0000000082700000|100%| O|  |TAMS 0x0000000082700000, 0x0000000082600000| Untracked 
|   9|0x0000000082700000, 0x0000000082800000, 0x0000000082800000|100%| O|  |TAMS 0x0000000082800000, 0x0000000082700000| Untracked 
|  10|0x0000000082800000, 0x0000000082900000, 0x0000000082900000|100%| O|  |TAMS 0x0000000082900000, 0x0000000082800000| Untracked 
|  11|0x0000000082900000, 0x0000000082a00000, 0x0000000082a00000|100%| O|  |TAMS 0x0000000082a00000, 0x0000000082900000| Untracked 
|  12|0x0000000082a00000, 0x0000000082b00000, 0x0000000082b00000|100%| O|  |TAMS 0x0000000082b00000, 0x0000000082a00000| Untracked 
|  13|0x0000000082b00000, 0x0000000082c00000, 0x0000000082c00000|100%| O|  |TAMS 0x0000000082c00000, 0x0000000082b00000| Untracked 
|  14|0x0000000082c00000, 0x0000000082d00000, 0x0000000082d00000|100%| O|  |TAMS 0x0000000082d00000, 0x0000000082c00000| Untracked 
|  15|0x0000000082d00000, 0x0000000082e00000, 0x0000000082e00000|100%| O|  |TAMS 0x0000000082e00000, 0x0000000082d00000| Untracked 
|  16|0x0000000082e00000, 0x0000000082f00000, 0x0000000082f00000|100%| O|  |TAMS 0x0000000082f00000, 0x0000000082e00000| Untracked 
|  17|0x0000000082f00000, 0x0000000083000000, 0x0000000083000000|100%| O|  |TAMS 0x0000000083000000, 0x0000000082f00000| Untracked 
|  18|0x0000000083000000, 0x0000000083100000, 0x0000000083100000|100%| O|  |TAMS 0x0000000083100000, 0x0000000083000000| Complete 
|  19|0x0000000083100000, 0x0000000083200000, 0x0000000083200000|100%| O|  |TAMS 0x00000000831da600, 0x0000000083100000| Untracked 
|  20|0x0000000083200000, 0x00000000832f0e00, 0x0000000083300000| 94%| O|  |TAMS 0x0000000083200000, 0x0000000083200000| Untracked 
|  21|0x0000000083300000, 0x0000000083300000, 0x0000000083400000|  0%| F|  |TAMS 0x0000000083300000, 0x0000000083300000| Untracked 
|  22|0x0000000083400000, 0x0000000083400000, 0x0000000083500000|  0%| F|  |TAMS 0x0000000083400000, 0x0000000083400000| Untracked 
|  23|0x0000000083500000, 0x0000000083500000, 0x0000000083600000|  0%| F|  |TAMS 0x0000000083500000, 0x0000000083500000| Untracked 
|  24|0x0000000083600000, 0x0000000083600000, 0x0000000083700000|  0%| F|  |TAMS 0x0000000083600000, 0x0000000083600000| Untracked 
|  25|0x0000000083700000, 0x0000000083700000, 0x0000000083800000|  0%| F|  |TAMS 0x0000000083700000, 0x0000000083700000| Untracked 
|  26|0x0000000083800000, 0x0000000083800000, 0x0000000083900000|  0%| F|  |TAMS 0x0000000083800000, 0x0000000083800000| Untracked 
|  27|0x0000000083900000, 0x0000000083900000, 0x0000000083a00000|  0%| F|  |TAMS 0x0000000083900000, 0x0000000083900000| Untracked 
|  28|0x0000000083a00000, 0x0000000083a00000, 0x0000000083b00000|  0%| F|  |TAMS 0x0000000083a00000, 0x0000000083a00000| Untracked 
|  29|0x0000000083b00000, 0x0000000083b00000, 0x0000000083c00000|  0%| F|  |TAMS 0x0000000083b00000, 0x0000000083b00000| Untracked 
|  30|0x0000000083c00000, 0x0000000083c00000, 0x0000000083d00000|  0%| F|  |TAMS 0x0000000083c00000, 0x0000000083c00000| Untracked 
|  31|0x0000000083d00000, 0x0000000083e00000, 0x0000000083e00000|100%| S|CS|TAMS 0x0000000083d00000, 0x0000000083d00000| Complete 
|  32|0x0000000083e00000, 0x0000000083f00000, 0x0000000083f00000|100%| S|CS|TAMS 0x0000000083e00000, 0x0000000083e00000| Complete 
|  33|0x0000000083f00000, 0x0000000084000000, 0x0000000084000000|100%| S|CS|TAMS 0x0000000083f00000, 0x0000000083f00000| Complete 
|  34|0x0000000084000000, 0x0000000084000000, 0x0000000084100000|  0%| F|  |TAMS 0x0000000084000000, 0x0000000084000000| Untracked 
|  35|0x0000000084100000, 0x0000000084100000, 0x0000000084200000|  0%| F|  |TAMS 0x0000000084100000, 0x0000000084100000| Untracked 
|  36|0x0000000084200000, 0x0000000084200000, 0x0000000084300000|  0%| F|  |TAMS 0x0000000084200000, 0x0000000084200000| Untracked 
|  37|0x0000000084300000, 0x0000000084300000, 0x0000000084400000|  0%| F|  |TAMS 0x0000000084300000, 0x0000000084300000| Untracked 
|  38|0x0000000084400000, 0x0000000084400000, 0x0000000084500000|  0%| F|  |TAMS 0x0000000084400000, 0x0000000084400000| Untracked 
|  39|0x0000000084500000, 0x0000000084500000, 0x0000000084600000|  0%| F|  |TAMS 0x0000000084500000, 0x0000000084500000| Untracked 
|  40|0x0000000084600000, 0x0000000084600000, 0x0000000084700000|  0%| F|  |TAMS 0x0000000084600000, 0x0000000084600000| Untracked 
|  41|0x0000000084700000, 0x0000000084700000, 0x0000000084800000|  0%| F|  |TAMS 0x0000000084700000, 0x0000000084700000| Untracked 
|  42|0x0000000084800000, 0x0000000084800000, 0x0000000084900000|  0%| F|  |TAMS 0x0000000084800000, 0x0000000084800000| Untracked 
|  43|0x0000000084900000, 0x0000000084900000, 0x0000000084a00000|  0%| F|  |TAMS 0x0000000084900000, 0x0000000084900000| Untracked 
|  44|0x0000000084a00000, 0x0000000084a00000, 0x0000000084b00000|  0%| F|  |TAMS 0x0000000084a00000, 0x0000000084a00000| Untracked 
|  45|0x0000000084b00000, 0x0000000084b00000, 0x0000000084c00000|  0%| F|  |TAMS 0x0000000084b00000, 0x0000000084b00000| Untracked 
|  46|0x0000000084c00000, 0x0000000084c00000, 0x0000000084d00000|  0%| F|  |TAMS 0x0000000084c00000, 0x0000000084c00000| Untracked 
|  47|0x0000000084d00000, 0x0000000084d00000, 0x0000000084e00000|  0%| F|  |TAMS 0x0000000084d00000, 0x0000000084d00000| Untracked 
|  48|0x0000000084e00000, 0x0000000084e00000, 0x0000000084f00000|  0%| F|  |TAMS 0x0000000084e00000, 0x0000000084e00000| Untracked 
|  49|0x0000000084f00000, 0x0000000084f00000, 0x0000000085000000|  0%| F|  |TAMS 0x0000000084f00000, 0x0000000084f00000| Untracked 
| 101|0x0000000088300000, 0x0000000088300000, 0x0000000088400000|  0%| F|  |TAMS 0x0000000088300000, 0x0000000088300000| Untracked 
| 102|0x0000000088400000, 0x0000000088400000, 0x0000000088500000|  0%| F|  |TAMS 0x0000000088400000, 0x0000000088400000| Untracked 
| 103|0x0000000088500000, 0x0000000088500000, 0x0000000088600000|  0%| F|  |TAMS 0x0000000088500000, 0x0000000088500000| Untracked 
| 104|0x0000000088600000, 0x0000000088600000, 0x0000000088700000|  0%| F|  |TAMS 0x0000000088600000, 0x0000000088600000| Untracked 
| 105|0x0000000088700000, 0x0000000088700000, 0x0000000088800000|  0%| F|  |TAMS 0x0000000088700000, 0x0000000088700000| Untracked 
| 106|0x0000000088800000, 0x0000000088800000, 0x0000000088900000|  0%| F|  |TAMS 0x0000000088800000, 0x0000000088800000| Untracked 
| 127|0x0000000089d00000, 0x0000000089d00000, 0x0000000089e00000|  0%| F|  |TAMS 0x0000000089d00000, 0x0000000089d00000| Untracked 

Card table byte_map: [0x000001c10b230000,0x000001c10b630000] _byte_map_base: 0x000001c10ae21000

Marking Bits (Prev, Next): (CMBitMap*) 0x000001c17f939050, (CMBitMap*) 0x000001c17f939090
 Prev Bits: [0x000001c10ba30000, 0x000001c10d9b8000)
 Next Bits: [0x000001c10d9c0000, 0x000001c10f948000)

Polling page: 0x000001c17f990000

Metaspace:

Usage:
  Non-class:     34.15 MB used.
      Class:      5.45 MB used.
       Both:     39.59 MB used.

Virtual space:
  Non-class space:       64.00 MB reserved,      34.44 MB ( 54%) committed,  1 nodes.
      Class space:        1.00 GB reserved,       5.69 MB ( <1%) committed,  1 nodes.
             Both:        1.06 GB reserved,      40.13 MB (  4%) committed. 

Chunk freelists:
   Non-Class:  1.19 MB
       Class:  2.27 MB
        Both:  3.45 MB

MaxMetaspaceSize: unlimited
CompressedClassSpaceSize: 1.00 GB
Initial GC threshold: 21.00 MB
Current GC threshold: 59.06 MB
CDS: on
MetaspaceReclaimPolicy: balanced
 - commit_granule_bytes: 65536.
 - commit_granule_words: 8192.
 - virtual_space_node_default_size: 8388608.
 - enlarge_chunks_in_place: 1.
 - new_chunks_are_fully_committed: 0.
 - uncommit_free_chunks: 1.
 - use_allocation_guard: 0.


Internal statistics:

num_allocs_failed_limit: 6.
num_arena_births: 758.
num_arena_deaths: 0.
num_vsnodes_births: 2.
num_vsnodes_deaths: 0.
num_space_committed: 642.
num_space_uncommitted: 0.
num_chunks_returned_to_freelist: 6.
num_chunks_taken_from_freelist: 2142.
num_chunk_merges: 6.
num_chunk_splits: 1557.
num_chunks_enlarged: 1202.
num_inconsistent_stats: 0.

CodeCache: size=49152Kb used=9701Kb max_used=9701Kb free=39450Kb
 bounds [0x000001c107b00000, 0x000001c108480000, 0x000001c10ab00000]
 total_blobs=4942 nmethods=4367 adapters=498
 compilation: enabled
              stopped_count=0, restarted_count=0
 full_count=0

Compilation events (20 events):
Event: 6.947 Thread 0x000001c1120412b0 4359       1       org.hibernate.boot.model.internal.HCANNHelper::findAnnotation (90 bytes)
Event: 6.948 Thread 0x000001c1120412b0 nmethod 4359 0x000001c108473c90 code [0x000001c108473ea0, 0x000001c108474218]
Event: 6.948 Thread 0x000001c1166a3660 4360       1       java.util.ServiceLoader$ModuleServicesLookupIterator::iteratorFor (191 bytes)
Event: 6.950 Thread 0x000001c1120412b0 4361       1       java.lang.ClassLoader::getParent (32 bytes)
Event: 6.951 Thread 0x000001c1120412b0 nmethod 4361 0x000001c108474490 code [0x000001c108474620, 0x000001c108474738]
Event: 6.951 Thread 0x000001c1166a3660 nmethod 4360 0x000001c108474790 code [0x000001c108474ae0, 0x000001c108475968]
Event: 6.953 Thread 0x000001c1166a3660 4362       1       org.hibernate.boot.internal.MetadataBuildingContextRootImpl::getBuildingOptions (5 bytes)
Event: 6.953 Thread 0x000001c1166a3660 nmethod 4362 0x000001c108476490 code [0x000001c108476620, 0x000001c1084766f8]
Event: 6.953 Thread 0x000001c1166a3660 4363       1       org.hibernate.boot.model.naming.Identifier::isQuoted (104 bytes)
Event: 6.954 Thread 0x000001c1166a3660 nmethod 4363 0x000001c108476790 code [0x000001c108476980, 0x000001c108476f38]
Event: 6.957 Thread 0x000001c1166a3660 4364       1       java.lang.ClassLoader::getSystemClassLoader (96 bytes)
Event: 6.957 Thread 0x000001c1166a3660 nmethod 4364 0x000001c108477690 code [0x000001c108477840, 0x000001c1084779e8]
Event: 6.966 Thread 0x000001c1166a3660 4365       1       java.lang.invoke.DirectMethodHandle::getFunction (53 bytes)
Event: 6.966 Thread 0x000001c1166a3660 nmethod 4365 0x000001c108477a90 code [0x000001c108477c40, 0x000001c108477e48]
Event: 6.969 Thread 0x000001c1166a5f80 4366       1       org.hibernate.mapping.SimpleValue::getBuildingContext (5 bytes)
Event: 6.969 Thread 0x000001c1166a5f80 nmethod 4366 0x000001c108477f90 code [0x000001c108478120, 0x000001c1084781f8]
Event: 6.969 Thread 0x000001c1178c1500 4367   !   1       java.util.stream.ReferencePipeline$7$1::accept (127 bytes)
Event: 6.969 Thread 0x000001c1120412b0 4368       1       java.util.stream.AbstractPipeline::sequential (10 bytes)
Event: 6.969 Thread 0x000001c1120412b0 nmethod 4368 0x000001c108478290 code [0x000001c108478420, 0x000001c1084784f8]
Event: 6.970 Thread 0x000001c1178c1500 nmethod 4367 0x000001c108478590 code [0x000001c1084787c0, 0x000001c108478d18]

GC Heap History (19 events):
Event: 1.358 GC heap before
{Heap before GC invocations=0 (full 0):
 garbage-first heap   total 131072K, used 24576K [0x0000000081e00000, 0x0000000100000000)
  region size 1024K, 23 young (23552K), 0 survivors (0K)
 Metaspace       used 7027K, committed 7296K, reserved 1114112K
  class space    used 850K, committed 960K, reserved 1048576K
}
Event: 1.369 GC heap after
{Heap after GC invocations=1 (full 0):
 garbage-first heap   total 131072K, used 10240K [0x0000000081e00000, 0x0000000100000000)
  region size 1024K, 3 young (3072K), 3 survivors (3072K)
 Metaspace       used 7027K, committed 7296K, reserved 1114112K
  class space    used 850K, committed 960K, reserved 1048576K
}
Event: 2.031 GC heap before
{Heap before GC invocations=1 (full 0):
 garbage-first heap   total 131072K, used 27648K [0x0000000081e00000, 0x0000000100000000)
  region size 1024K, 20 young (20480K), 3 survivors (3072K)
 Metaspace       used 10760K, committed 11072K, reserved 1114112K
  class space    used 1439K, committed 1600K, reserved 1048576K
}
Event: 2.037 GC heap after
{Heap after GC invocations=2 (full 0):
 garbage-first heap   total 131072K, used 11807K [0x0000000081e00000, 0x0000000100000000)
  region size 1024K, 2 young (2048K), 2 survivors (2048K)
 Metaspace       used 10760K, committed 11072K, reserved 1114112K
  class space    used 1439K, committed 1600K, reserved 1048576K
}
Event: 3.156 GC heap before
{Heap before GC invocations=2 (full 0):
 garbage-first heap   total 131072K, used 55839K [0x0000000081e00000, 0x0000000100000000)
  region size 1024K, 46 young (47104K), 2 survivors (2048K)
 Metaspace       used 18874K, committed 19200K, reserved 1114112K
  class space    used 2454K, committed 2624K, reserved 1048576K
}
Event: 3.165 GC heap after
{Heap after GC invocations=3 (full 0):
 garbage-first heap   total 131072K, used 15325K [0x0000000081e00000, 0x0000000100000000)
  region size 1024K, 5 young (5120K), 5 survivors (5120K)
 Metaspace       used 18874K, committed 19200K, reserved 1114112K
  class space    used 2454K, committed 2624K, reserved 1048576K
}
Event: 3.635 GC heap before
{Heap before GC invocations=3 (full 0):
 garbage-first heap   total 131072K, used 35805K [0x0000000081e00000, 0x0000000100000000)
  region size 1024K, 26 young (26624K), 5 survivors (5120K)
 Metaspace       used 21208K, committed 21504K, reserved 1114112K
  class space    used 2797K, committed 2944K, reserved 1048576K
}
Event: 3.641 GC heap after
{Heap after GC invocations=4 (full 0):
 garbage-first heap   total 131072K, used 16349K [0x0000000081e00000, 0x0000000100000000)
  region size 1024K, 6 young (6144K), 6 survivors (6144K)
 Metaspace       used 21208K, committed 21504K, reserved 1114112K
  class space    used 2797K, committed 2944K, reserved 1048576K
}
Event: 4.309 GC heap before
{Heap before GC invocations=5 (full 0):
 garbage-first heap   total 58368K, used 45021K [0x0000000081e00000, 0x0000000100000000)
  region size 1024K, 34 young (34816K), 6 survivors (6144K)
 Metaspace       used 25278K, committed 25792K, reserved 1114112K
  class space    used 3464K, committed 3712K, reserved 1048576K
}
Event: 4.324 GC heap after
{Heap after GC invocations=6 (full 0):
 garbage-first heap   total 58368K, used 18642K [0x0000000081e00000, 0x0000000100000000)
  region size 1024K, 4 young (4096K), 4 survivors (4096K)
 Metaspace       used 25278K, committed 25792K, reserved 1114112K
  class space    used 3464K, committed 3712K, reserved 1048576K
}
Event: 4.345 GC heap before
{Heap before GC invocations=6 (full 0):
 garbage-first heap   total 58368K, used 19666K [0x0000000081e00000, 0x0000000100000000)
  region size 1024K, 5 young (5120K), 4 survivors (4096K)
 Metaspace       used 25400K, committed 25920K, reserved 1114112K
  class space    used 3498K, committed 3712K, reserved 1048576K
}
Event: 4.360 GC heap after
{Heap after GC invocations=7 (full 0):
 garbage-first heap   total 58368K, used 19294K [0x0000000081e00000, 0x0000000100000000)
  region size 1024K, 1 young (1024K), 1 survivors (1024K)
 Metaspace       used 25400K, committed 25920K, reserved 1114112K
  class space    used 3498K, committed 3712K, reserved 1048576K
}
Event: 5.327 GC heap before
{Heap before GC invocations=7 (full 0):
 garbage-first heap   total 58368K, used 39774K [0x0000000081e00000, 0x0000000100000000)
  region size 1024K, 22 young (22528K), 1 survivors (1024K)
 Metaspace       used 28107K, committed 28608K, reserved 1114112K
  class space    used 3835K, committed 4032K, reserved 1048576K
}
Event: 5.334 GC heap after
{Heap after GC invocations=8 (full 0):
 garbage-first heap   total 58368K, used 20360K [0x0000000081e00000, 0x0000000100000000)
  region size 1024K, 2 young (2048K), 2 survivors (2048K)
 Metaspace       used 28107K, committed 28608K, reserved 1114112K
  class space    used 3835K, committed 4032K, reserved 1048576K
}
Event: 6.246 GC heap before
{Heap before GC invocations=8 (full 0):
 garbage-first heap   total 58368K, used 40840K [0x0000000081e00000, 0x0000000100000000)
  region size 1024K, 23 young (23552K), 2 survivors (2048K)
 Metaspace       used 33118K, committed 33728K, reserved 1114112K
  class space    used 4565K, committed 4864K, reserved 1048576K
}
Event: 6.252 GC heap after
{Heap after GC invocations=9 (full 0):
 garbage-first heap   total 58368K, used 21544K [0x0000000081e00000, 0x0000000100000000)
  region size 1024K, 2 young (2048K), 2 survivors (2048K)
 Metaspace       used 33118K, committed 33728K, reserved 1114112K
  class space    used 4565K, committed 4864K, reserved 1048576K
}
Event: 6.425 GC heap before
{Heap before GC invocations=9 (full 0):
 garbage-first heap   total 58368K, used 28712K [0x0000000081e00000, 0x0000000100000000)
  region size 1024K, 11 young (11264K), 2 survivors (2048K)
 Metaspace       used 35457K, committed 35968K, reserved 1114112K
  class space    used 4863K, committed 5120K, reserved 1048576K
}
Event: 6.429 GC heap after
{Heap after GC invocations=10 (full 0):
 garbage-first heap   total 58368K, used 22310K [0x0000000081e00000, 0x0000000100000000)
  region size 1024K, 2 young (2048K), 2 survivors (2048K)
 Metaspace       used 35457K, committed 35968K, reserved 1114112K
  class space    used 4863K, committed 5120K, reserved 1048576K
}
Event: 6.995 GC heap before
{Heap before GC invocations=11 (full 0):
 garbage-first heap   total 58368K, used 42790K [0x0000000081e00000, 0x0000000100000000)
  region size 1024K, 23 young (23552K), 2 survivors (2048K)
 Metaspace       used 40544K, committed 41088K, reserved 1114112K
  class space    used 5575K, committed 5824K, reserved 1048576K
}

Deoptimization events (6 events):
Event: 2.340 Thread 0x000001c17f8d5b60 DEOPT PACKING pc=0x000001c1080ba299 sp=0x00000034076fd860
Event: 2.340 Thread 0x000001c17f8d5b60 DEOPT UNPACKING pc=0x000001c107b52b43 sp=0x00000034076fcd40 mode 3
Event: 3.974 Thread 0x000001c17f8d5b60 DEOPT PACKING pc=0x000001c1082e6b19 sp=0x00000034076fd190
Event: 3.974 Thread 0x000001c17f8d5b60 DEOPT UNPACKING pc=0x000001c107b52b43 sp=0x00000034076fc670 mode 3
Event: 6.368 Thread 0x000001c17f8d5b60 DEOPT PACKING pc=0x000001c10839899d sp=0x00000034076f6640
Event: 6.368 Thread 0x000001c17f8d5b60 DEOPT UNPACKING pc=0x000001c107b52b43 sp=0x00000034076f5ba8 mode 3

Classes loaded (20 events):
Event: 6.620 Loading class java/io/CharArrayWriter
Event: 6.620 Loading class java/io/CharArrayWriter done
Event: 6.620 Loading class java/lang/StringIndexOutOfBoundsException
Event: 6.620 Loading class java/lang/StringIndexOutOfBoundsException done
Event: 6.810 Loading class java/util/regex/Pattern$SliceS
Event: 6.810 Loading class java/util/regex/Pattern$SliceS done
Event: 6.813 Loading class jdk/internal/ValueBased
Event: 6.813 Loading class jdk/internal/ValueBased done
Event: 6.860 Loading class sun/reflect/generics/repository/FieldRepository
Event: 6.860 Loading class sun/reflect/generics/repository/FieldRepository done
Event: 6.919 Loading class java/util/stream/ReduceOps$1
Event: 6.919 Loading class java/util/stream/ReduceOps$1 done
Event: 6.919 Loading class java/util/stream/ReduceOps$1ReducingSink
Event: 6.919 Loading class java/util/stream/ReduceOps$1ReducingSink done
Event: 6.928 Loading class sun/security/provider/MD5
Event: 6.928 Loading class sun/security/provider/MD5 done
Event: 6.928 Loading class sun/security/provider/ByteArrayAccess$LE
Event: 6.928 Loading class sun/security/provider/ByteArrayAccess$LE done
Event: 6.928 Loading class java/math/MutableBigInteger
Event: 6.930 Loading class java/math/MutableBigInteger done

Classes unloaded (0 events):
No events

Classes redefined (0 events):
No events

Internal exceptions (20 events):
Event: 4.303 Thread 0x000001c17f8d5b60 Exception <a 'java/lang/IncompatibleClassChangeError'{0x0000000083585db8}: Found class java.lang.Object, but interface was expected> (0x0000000083585db8) 
thrown [s\src\hotspot\share\interpreter\linkResolver.cpp, line 826]
Event: 4.304 Thread 0x000001c17f8d5b60 Exception <a 'java/lang/NoSuchMethodError'{0x000000008359ea10}: 'void java.lang.invoke.DirectMethodHandle$Holder.invokeStatic(java.lang.Object, int, java.lang.Object)'> (0x000000008359ea10) 
thrown [s\src\hotspot\share\interpreter\linkResolver.cpp, line 759]
Event: 4.307 Thread 0x000001c17f8d5b60 Exception <a 'java/lang/NoSuchMethodError'{0x00000000835dcc20}: 'void java.lang.invoke.DirectMethodHandle$Holder.invokeStatic(java.lang.Object, java.lang.Object, java.lang.Object, int, java.lang.Object)'> (0x00000000835dcc20) 
thrown [s\src\hotspot\share\interpreter\linkResolver.cpp, line 759]
Event: 4.307 Thread 0x000001c17f8d5b60 Exception <a 'java/lang/NoSuchMethodError'{0x00000000835e4010}: 'java.lang.Object java.lang.invoke.DirectMethodHandle$Holder.newInvokeSpecial(java.lang.Object, java.lang.Object, java.lang.Object, int)'> (0x00000000835e4010) 
thrown [s\src\hotspot\share\interpreter\linkResolver.cpp, line 759]
Event: 4.307 Thread 0x000001c17f8d5b60 Exception <a 'java/lang/NoSuchMethodError'{0x00000000835e8090}: 'java.lang.Object java.lang.invoke.DirectMethodHandle$Holder.invokeSpecial(java.lang.Object, java.lang.Object, java.lang.Object, java.lang.Object, int)'> (0x00000000835e8090) 
thrown [s\src\hotspot\share\interpreter\linkResolver.cpp, line 759]
Event: 4.308 Thread 0x000001c17f8d5b60 Exception <a 'java/lang/NoSuchMethodError'{0x00000000835eb798}: 'java.lang.Object java.lang.invoke.Invokers$Holder.linkToTargetMethod(java.lang.Object, java.lang.Object, int, java.lang.Object)'> (0x00000000835eb798) 
thrown [s\src\hotspot\share\interpreter\linkResolver.cpp, line 759]
Event: 4.616 Thread 0x000001c17f8d5b60 Exception <a 'java/lang/NoSuchMethodError'{0x0000000084e0b238}: 'int java.lang.invoke.DirectMethodHandle$Holder.invokeVirtual(java.lang.Object, java.lang.Object, java.lang.Object, java.lang.Object)'> (0x0000000084e0b238) 
thrown [s\src\hotspot\share\interpreter\linkResolver.cpp, line 759]
Event: 4.616 Thread 0x000001c17f8d5b60 Exception <a 'java/lang/NoSuchMethodError'{0x0000000084e0ef38}: 'int java.lang.invoke.DelegatingMethodHandle$Holder.reinvoke_L(java.lang.Object, java.lang.Object, java.lang.Object, java.lang.Object)'> (0x0000000084e0ef38) 
thrown [s\src\hotspot\share\interpreter\linkResolver.cpp, line 759]
Event: 4.928 Thread 0x000001c17f8d5b60 Exception <a 'java/lang/NoSuchMethodError'{0x0000000084cc3600}: 'java.lang.Object java.lang.invoke.DirectMethodHandle$Holder.invokeSpecial(java.lang.Object, java.lang.Object, long, java.lang.Object, java.lang.Object, java.lang.Object, java.lang.Object, java.lang.Object, java.lang.Object)'> (0x0000000084cc3600) 
thrown [s\src\hotspot\share\interpreter\linkResolver.cpp, line 759]
Event: 4.929 Thread 0x000001c17f8d5b60 Exception <a 'java/lang/NoSuchMethodError'{0x0000000084cc8130}: 'java.lang.Object java.lang.invoke.DelegatingMethodHandle$Holder.reinvoke_L(java.lang.Object, long, java.lang.Object, java.lang.Object, java.lang.Object, java.lang.Object, java.lang.Object, java.lang.Object)'> (0x0000000084cc8130) 
thrown [s\src\hotspot\share\interpreter\linkResolver.cpp, line 759]
Event: 5.170 Thread 0x000001c17f8d5b60 Exception <a 'java/io/FileNotFoundException'{0x00000000849d9910}> (0x00000000849d9910) 
thrown [s\src\hotspot\share\prims\jni.cpp, line 516]
Event: 5.223 Thread 0x000001c17f8d5b60 Exception <a 'java/lang/NoSuchMethodError'{0x0000000084503048}: 'int java.lang.invoke.DirectMethodHandle$Holder.invokeInterface(java.lang.Object, java.lang.Object, java.lang.Object, java.lang.Object)'> (0x0000000084503048) 
thrown [s\src\hotspot\share\interpreter\linkResolver.cpp, line 759]
Event: 5.249 Thread 0x000001c17f8d5b60 Exception <a 'java/lang/NoSuchMethodError'{0x0000000084425c98}: 'void java.lang.invoke.Invokers$Holder.invokeExact_MT(java.lang.Object, java.lang.Object, java.lang.Object, java.lang.Object)'> (0x0000000084425c98) 
thrown [s\src\hotspot\share\interpreter\linkResolver.cpp, line 759]
Event: 5.250 Thread 0x000001c17f8d5b60 Exception <a 'java/lang/NoSuchMethodError'{0x000000008442c680}: 'long java.lang.invoke.DelegatingMethodHandle$Holder.reinvoke_L(java.lang.Object, java.lang.Object)'> (0x000000008442c680) 
thrown [s\src\hotspot\share\interpreter\linkResolver.cpp, line 759]
Event: 5.250 Thread 0x000001c17f8d5b60 Exception <a 'java/lang/NoSuchMethodError'{0x0000000084436c10}: 'void java.lang.invoke.DelegatingMethodHandle$Holder.reinvoke_L(java.lang.Object, java.lang.Object, long)'> (0x0000000084436c10) 
thrown [s\src\hotspot\share\interpreter\linkResolver.cpp, line 759]
Event: 5.374 Thread 0x000001c17f8d5b60 Exception <a 'java/lang/NoSuchMethodError'{0x00000000888c59e8}: 'java.lang.Object java.lang.invoke.DirectMethodHandle$Holder.newInvokeSpecial(java.lang.Object, java.lang.Object, java.lang.Object, java.lang.Object, java.lang.Object, java.lang.Object, java.lang.Object, java.lang.Object, java.lang.Object, java.lang.Object, java.lang.Object)'> (0x00000000888c59e8) 
thrown [s\src\hotspot\share\interpreter\linkResolver.cpp, line 759]
Event: 5.375 Thread 0x000001c17f8d5b60 Exception <a 'java/lang/NoSuchMethodError'{0x00000000888cb408}: 'java.lang.Object java.lang.invoke.DirectMethodHandle$Holder.invokeSpecial(java.lang.Object, java.lang.Object, java.lang.Object, java.lang.Object, java.lang.Object, java.lang.Object, java.lang.Object, java.lang.Object, java.lang.Object, java.lang.Object, java.lang.Object, java.lang.Object)'> (0x00000000888cb408) 
thrown [s\src\hotspot\share\interpreter\linkResolver.cpp, line 759]
Event: 5.534 Thread 0x000001c17f8d5b60 Exception <a 'java/lang/NoSuchMethodError'{0x0000000088489388}: 'void java.lang.invoke.DelegatingMethodHandle$Holder.reinvoke_L(java.lang.Object, java.lang.Object, java.lang.Object, java.lang.Object, int, java.lang.Object, java.lang.Object, java.lang.Object)'> (0x0000000088489388) 
thrown [s\src\hotspot\share\interpreter\linkResolver.cpp, line 759]
Event: 6.621 Thread 0x000001c17f8d5b60 Exception <a 'java/lang/NoSuchMethodError'{0x00000000884fd250}: 'java.lang.Object java.lang.invoke.DirectMethodHandle$Holder.invokeStaticInit(java.lang.Object, java.lang.Object, java.lang.Object, java.lang.Object)'> (0x00000000884fd250) 
thrown [s\src\hotspot\share\interpreter\linkResolver.cpp, line 759]
Event: 6.966 Thread 0x000001c17f8d5b60 Exception <a 'java/lang/NoSuchMethodError'{0x0000000084154310}: 'java.lang.Object java.lang.invoke.DirectMethodHandle$Holder.newInvokeSpecial(java.lang.Object, java.lang.Object, int)'> (0x0000000084154310) 
thrown [s\src\hotspot\share\interpreter\linkResolver.cpp, line 759]

VM Operations (20 events):
Event: 4.750 Executing VM operation: HandshakeAllThreads done
Event: 4.966 Executing VM operation: HandshakeAllThreads
Event: 4.966 Executing VM operation: HandshakeAllThreads done
Event: 5.131 Executing VM operation: HandshakeAllThreads
Event: 5.131 Executing VM operation: HandshakeAllThreads done
Event: 5.159 Executing VM operation: HandshakeAllThreads
Event: 5.159 Executing VM operation: HandshakeAllThreads done
Event: 5.309 Executing VM operation: HandshakeAllThreads
Event: 5.309 Executing VM operation: HandshakeAllThreads done
Event: 5.327 Executing VM operation: G1CollectForAllocation
Event: 5.335 Executing VM operation: G1CollectForAllocation done
Event: 6.246 Executing VM operation: G1CollectForAllocation
Event: 6.252 Executing VM operation: G1CollectForAllocation done
Event: 6.424 Executing VM operation: CollectForMetadataAllocation
Event: 6.429 Executing VM operation: CollectForMetadataAllocation done
Event: 6.446 Executing VM operation: G1Concurrent
Event: 6.450 Executing VM operation: G1Concurrent done
Event: 6.457 Executing VM operation: G1Concurrent
Event: 6.457 Executing VM operation: G1Concurrent done
Event: 6.995 Executing VM operation: G1CollectForAllocation

Events (20 events):
Event: 2.996 Thread 0x000001c1179997f0 Thread exited: 0x000001c1179997f0
Event: 3.497 Thread 0x000001c117998e50 Thread added: 0x000001c117998e50
Event: 3.501 Thread 0x000001c117998e50 Thread exited: 0x000001c117998e50
Event: 4.003 Thread 0x000001c117997fe0 Thread added: 0x000001c117997fe0
Event: 4.009 Thread 0x000001c117997fe0 Thread exited: 0x000001c117997fe0
Event: 4.525 Thread 0x000001c1179997f0 Thread added: 0x000001c1179997f0
Event: 4.540 Thread 0x000001c1179997f0 Thread exited: 0x000001c1179997f0
Event: 5.054 Thread 0x000001c117998980 Thread added: 0x000001c117998980
Event: 5.066 Thread 0x000001c117998980 Thread exited: 0x000001c117998980
Event: 5.152 Loaded shared library C:\Users\ASUS\.jdks\corretto-18.0.2\bin\sunmscapi.dll
Event: 5.310 Thread 0x000001c1179997f0 Thread added: 0x000001c1179997f0
Event: 5.568 Thread 0x000001c117999320 Thread added: 0x000001c117999320
Event: 5.577 Thread 0x000001c117999320 Thread exited: 0x000001c117999320
Event: 6.081 Thread 0x000001c117998980 Thread added: 0x000001c117998980
Event: 6.089 Thread 0x000001c117998980 Thread exited: 0x000001c117998980
Event: 6.144 Loaded shared library C:\Users\ASUS\.jdks\corretto-18.0.2\bin\verify.dll
Event: 6.543 Thread 0x000001c117998e50 Thread added: 0x000001c117998e50
Event: 6.591 Thread 0x000001c117997fe0 Thread added: 0x000001c117997fe0
Event: 6.596 Thread 0x000001c117997fe0 Thread exited: 0x000001c117997fe0
Event: 6.655 Thread 0x000001c117997fe0 Thread added: 0x000001c117997fe0


Dynamic libraries:
0x00007ff7836b0000 - 0x00007ff7836bd000 	C:\Users\ASUS\.jdks\corretto-18.0.2\bin\java.exe
0x00007ffcc83f0000 - 0x00007ffcc85e8000 	C:\Windows\SYSTEM32\ntdll.dll
0x00007ffcc8040000 - 0x00007ffcc80ff000 	C:\Windows\System32\KERNEL32.DLL
0x00007ffcc5b90000 - 0x00007ffcc5e86000 	C:\Windows\System32\KERNELBASE.dll
0x00007ffcc62b0000 - 0x00007ffcc63b0000 	C:\Windows\System32\ucrtbase.dll
0x00007ffcb9fd0000 - 0x00007ffcb9fe7000 	C:\Users\ASUS\.jdks\corretto-18.0.2\bin\jli.dll
0x00007ffc99360000 - 0x00007ffc99375000 	C:\Users\ASUS\.jdks\corretto-18.0.2\bin\VCRUNTIME140.dll
0x00007ffcb18e0000 - 0x00007ffcb1b7a000 	C:\Windows\WinSxS\amd64_microsoft.windows.common-controls_6595b64144ccf1df_6.0.19041.1110_none_60b5254171f9507e\COMCTL32.dll
0x00007ffcc6e10000 - 0x00007ffcc6eae000 	C:\Windows\System32\msvcrt.dll
0x00007ffcc8210000 - 0x00007ffcc83ad000 	C:\Windows\System32\USER32.dll
0x00007ffcc5ad0000 - 0x00007ffcc5af2000 	C:\Windows\System32\win32u.dll
0x00007ffcc6580000 - 0x00007ffcc65ac000 	C:\Windows\System32\GDI32.dll
0x00007ffcc5ee0000 - 0x00007ffcc5ff5000 	C:\Windows\System32\gdi32full.dll
0x00007ffcc60b0000 - 0x00007ffcc614d000 	C:\Windows\System32\msvcp_win.dll
0x00007ffcc8010000 - 0x00007ffcc8040000 	C:\Windows\System32\IMM32.DLL
0x00007ffc79650000 - 0x00007ffc796eb000 	C:\Users\ASUS\.jdks\corretto-18.0.2\bin\msvcp140.dll
0x00007ffc51b10000 - 0x00007ffc52781000 	C:\Users\ASUS\.jdks\corretto-18.0.2\bin\server\jvm.dll
0x00007ffcc8160000 - 0x00007ffcc820f000 	C:\Windows\System32\ADVAPI32.dll
0x00007ffcc7e40000 - 0x00007ffcc7edc000 	C:\Windows\System32\sechost.dll
0x00007ffcc65b0000 - 0x00007ffcc66d6000 	C:\Windows\System32\RPCRT4.dll
0x00007ffcc7e30000 - 0x00007ffcc7e38000 	C:\Windows\System32\PSAPI.DLL
0x00007ffcc10e0000 - 0x00007ffcc10e9000 	C:\Windows\SYSTEM32\WSOCK32.dll
0x00007ffcc6eb0000 - 0x00007ffcc6f1b000 	C:\Windows\System32\WS2_32.dll
0x00007ffcb32e0000 - 0x00007ffcb3307000 	C:\Windows\SYSTEM32\WINMM.dll
0x00007ffcc0a70000 - 0x00007ffcc0a7a000 	C:\Windows\SYSTEM32\VERSION.dll
0x00007ffcc4310000 - 0x00007ffcc4322000 	C:\Windows\SYSTEM32\kernel.appcore.dll
0x00007ffcbed30000 - 0x00007ffcbed3a000 	C:\Users\ASUS\.jdks\corretto-18.0.2\bin\jimage.dll
0x00007ffcc3860000 - 0x00007ffcc3a44000 	C:\Windows\SYSTEM32\DBGHELP.DLL
0x00007ffcbdcd0000 - 0x00007ffcbdd04000 	C:\Windows\SYSTEM32\dbgcore.DLL
0x00007ffcc5b00000 - 0x00007ffcc5b82000 	C:\Windows\System32\bcryptPrimitives.dll
0x00007ffcc0870000 - 0x00007ffcc087e000 	C:\Users\ASUS\.jdks\corretto-18.0.2\bin\instrument.dll
0x00007ffc907f0000 - 0x00007ffc90815000 	C:\Users\ASUS\.jdks\corretto-18.0.2\bin\java.dll
0x00007ffc79570000 - 0x00007ffc79646000 	C:\Users\ASUS\.jdks\corretto-18.0.2\bin\jsvml.dll
0x00007ffcc6f20000 - 0x00007ffcc7664000 	C:\Windows\System32\SHELL32.dll
0x00007ffcc3a50000 - 0x00007ffcc41e4000 	C:\Windows\SYSTEM32\windows.storage.dll
0x00007ffcc67a0000 - 0x00007ffcc6af4000 	C:\Windows\System32\combase.dll
0x00007ffcc5440000 - 0x00007ffcc546e000 	C:\Windows\SYSTEM32\Wldp.dll
0x00007ffcc7670000 - 0x00007ffcc771d000 	C:\Windows\System32\SHCORE.dll
0x00007ffcc6db0000 - 0x00007ffcc6e05000 	C:\Windows\System32\shlwapi.dll
0x00007ffcc5a00000 - 0x00007ffcc5a25000 	C:\Windows\SYSTEM32\profapi.dll
0x00007ffc90840000 - 0x00007ffc90858000 	C:\Users\ASUS\.jdks\corretto-18.0.2\bin\zip.dll
0x00007ffc97e80000 - 0x00007ffc97e93000 	C:\Users\ASUS\.jdks\corretto-18.0.2\bin\net.dll
0x00007ffcbf0b0000 - 0x00007ffcbf1ba000 	C:\Windows\SYSTEM32\WINHTTP.dll
0x00007ffcc51a0000 - 0x00007ffcc520a000 	C:\Windows\system32\mswsock.dll
0x00007ffc97ba0000 - 0x00007ffc97bb5000 	C:\Users\ASUS\.jdks\corretto-18.0.2\bin\nio.dll
0x00007ffcc0450000 - 0x00007ffcc046a000 	C:\Program Files\JetBrains\IntelliJ IDEA 2022.3.3\bin\breakgen64.dll
0x00007ffcc4ed0000 - 0x00007ffcc4f9a000 	C:\Windows\SYSTEM32\DNSAPI.dll
0x00007ffcc4e90000 - 0x00007ffcc4ecc000 	C:\Windows\SYSTEM32\IPHLPAPI.DLL
0x00007ffcc7720000 - 0x00007ffcc7728000 	C:\Windows\System32\NSI.dll
0x00007ffcbb3b0000 - 0x00007ffcbb3ba000 	C:\Windows\System32\rasadhlp.dll
0x00007ffcbb3d0000 - 0x00007ffcbb452000 	C:\Windows\System32\fwpuclnt.dll
0x00007ffcc63b0000 - 0x00007ffcc63d7000 	C:\Windows\System32\bcrypt.dll
0x00007ffcc07c0000 - 0x00007ffcc07c9000 	C:\Users\ASUS\.jdks\corretto-18.0.2\bin\management.dll
0x00007ffcc0760000 - 0x00007ffcc076b000 	C:\Users\ASUS\.jdks\corretto-18.0.2\bin\management_ext.dll
0x00007ffcc5390000 - 0x00007ffcc53a8000 	C:\Windows\SYSTEM32\CRYPTSP.dll
0x00007ffcc4ac0000 - 0x00007ffcc4af4000 	C:\Windows\system32\rsaenh.dll
0x00007ffcc59c0000 - 0x00007ffcc59ee000 	C:\Windows\SYSTEM32\USERENV.dll
0x00007ffcc53b0000 - 0x00007ffcc53bc000 	C:\Windows\SYSTEM32\CRYPTBASE.dll
0x00007ffcbf670000 - 0x00007ffcbf687000 	C:\Windows\SYSTEM32\dhcpcsvc6.DLL
0x00007ffcbf880000 - 0x00007ffcbf89d000 	C:\Windows\SYSTEM32\dhcpcsvc.DLL
0x00007ffcb5c90000 - 0x00007ffcb5ca7000 	C:\Windows\system32\napinsp.dll
0x00007ffcb5690000 - 0x00007ffcb56ab000 	C:\Windows\system32\pnrpnsp.dll
0x00007ffc9b290000 - 0x00007ffc9b2a5000 	C:\Windows\system32\wshbth.dll
0x00007ffcbfcc0000 - 0x00007ffcbfcdd000 	C:\Windows\system32\NLAapi.dll
0x00007ffca6360000 - 0x00007ffca6372000 	C:\Windows\System32\winrnr.dll
0x00007ffcc0680000 - 0x00007ffcc068e000 	C:\Users\ASUS\.jdks\corretto-18.0.2\bin\sunmscapi.dll
0x00007ffcc6150000 - 0x00007ffcc62ae000 	C:\Windows\System32\CRYPT32.dll
0x00007ffcc54b0000 - 0x00007ffcc54d8000 	C:\Windows\SYSTEM32\ncrypt.dll
0x00007ffcc5470000 - 0x00007ffcc54ab000 	C:\Windows\SYSTEM32\NTASN1.dll
0x00007ffcbc7e0000 - 0x00007ffcbc7f0000 	C:\Users\ASUS\.jdks\corretto-18.0.2\bin\verify.dll

dbghelp: loaded successfully - version: 4.0.5 - missing functions: none
symbol engine: initialized successfully - sym options: 0x614 - pdb path: .;C:\Users\ASUS\.jdks\corretto-18.0.2\bin;C:\Windows\SYSTEM32;C:\Windows\WinSxS\amd64_microsoft.windows.common-controls_6595b64144ccf1df_6.0.19041.1110_none_60b5254171f9507e;C:\Users\ASUS\.jdks\corretto-18.0.2\bin\server;C:\Program Files\JetBrains\IntelliJ IDEA 2022.3.3\bin

VM Arguments:
jvm_args: -XX:TieredStopAtLevel=1 -Dspring.output.ansi.enabled=always -Dcom.sun.management.jmxremote -Dspring.jmx.enabled=true -Dspring.liveBeansView.mbeanDomain -Dspring.application.admin.enabled=true -Dmanagement.endpoints.jmx.exposure.include=* -javaagent:C:\Program Files\JetBrains\IntelliJ IDEA 2022.3.3\lib\idea_rt.jar=51588:C:\Program Files\JetBrains\IntelliJ IDEA 2022.3.3\bin -Dfile.encoding=UTF-8 -Dsun.stdout.encoding=UTF-8 -Dsun.stderr.encoding=UTF-8 
java_command: com.esprit.socialNetwork.SocialNetworkApplication
java_class_path (initial): C:\Users\ASUS\Desktop\Stage\Social-Network\target\classes;C:\Users\ASUS\.m2\repository\org\springframework\boot\spring-boot-starter-data-jpa\3.1.1\spring-boot-starter-data-jpa-3.1.1.jar;C:\Users\ASUS\.m2\repository\org\springframework\boot\spring-boot-starter-aop\3.1.1\spring-boot-starter-aop-3.1.1.jar;C:\Users\ASUS\.m2\repository\org\aspectj\aspectjweaver\1.9.19\aspectjweaver-1.9.19.jar;C:\Users\ASUS\.m2\repository\org\springframework\boot\spring-boot-starter-jdbc\3.1.1\spring-boot-starter-jdbc-3.1.1.jar;C:\Users\ASUS\.m2\repository\com\zaxxer\HikariCP\5.0.1\HikariCP-5.0.1.jar;C:\Users\ASUS\.m2\repository\org\springframework\spring-jdbc\6.0.10\spring-jdbc-6.0.10.jar;C:\Users\ASUS\.m2\repository\org\hibernate\orm\hibernate-core\6.2.5.Final\hibernate-core-6.2.5.Final.jar;C:\Users\ASUS\.m2\repository\jakarta\persistence\jakarta.persistence-api\3.1.0\jakarta.persistence-api-3.1.0.jar;C:\Users\ASUS\.m2\repository\jakarta\transaction\jakarta.transaction-api\2.0.1\jakarta.transaction-api-2.0.1.jar;C:\Users\ASUS\.m2\repository\org\hibernate\common\hibernate-commons-annotations\6.0.6.Final\hibernate-commons-annotations-6.0.6.Final.jar;C:\Users\ASUS\.m2\repository\io\smallrye\jandex\3.0.5\jandex-3.0.5.jar;C:\Users\ASUS\.m2\repository\com\fasterxml\classmate\1.5.1\classmate-1.5.1.jar;C:\Users\ASUS\.m2\repository\net\bytebuddy\byte-buddy\1.14.5\byte-buddy-1.14.5.jar;C:\Users\ASUS\.m2\repository\org\glassfish\jaxb\jaxb-runtime\4.0.3\jaxb-runtime-4.0.3.jar;C:\Users\ASUS\.m2\repository\org\glassfish\jaxb\jaxb-core\4.0.3\jaxb-core-4.0.3.jar;C:\Users\ASUS\.m2\repository\org\eclipse\angus\angus-activation\2.0.1\angus-activation-2.0.1.jar;C:\Users\ASUS\.m2\repository\org\glassfish\jaxb\txw2\4.0.3\txw2-4.0.3.jar;C:\Users\ASUS\.m2\repository\com\sun\istack\istack-commons-runtime\4.1.2\istack-commons-runtime-4.1.2.jar;C:\Users\ASUS\.m2\repository\jakarta\inject\jakarta.inject-api\2.0.1\jakarta.inject-api-2.0.1.jar;C:\Users\ASUS\.m2\repository\org\antlr\antlr4-runtime\4.10.1\antlr4-runtime-4.10.1.jar;C:\Users\ASUS\.m2\repository\org\springframework\data\spring-data-jpa\3.1.1\spring-data-jpa-3.1.1.jar;C:\Users\ASUS\.m2\repository\org\springframework\data\spring-data-commons\3.1.1\spring-data-commons-3.1.1.jar;C:\Users\ASUS\.m2\repository\org\springframework\spring-orm\6.0.10\spring-orm-6.0.10.jar;C:\Users\ASUS\.m2\repository\org\springframework\spring-context\6.0.10\spring-context-6.0.10.jar;C:\Users\ASUS\.m2\repository\org\springframework\spring-tx\6.0.10\spring-tx-6.0.10.jar;C:\Users\ASUS\.m2\repository\org\springframework\spring-beans\6.0.10\spring-beans-6.0.10.jar;C:\Users\ASUS\.m2\repository\jakarta\annotation\jakarta.annotation-api\2.1.1\jakarta.annotation-api-2.1.1.jar;C:\Users\ASUS\.m2\repository\org\slf4j\slf4j-api\2.0.7\slf4j-api-2.0.7.jar;C:\Users\ASUS\.m2\repository\org\springframework\spring-aspects\6.0.10\spring-aspects-6.0.10.jar;C:\Users\ASUS\.m2\repository\org\springframework\boot\spring-boot-starter-security\3.1.1\spring-boot-starter-security-3.1.1.jar;C:\Users\ASUS\.m2\repository\org\springframework\boot\spring-boot-starter\3.1.1\spring-boot-starter-3.1.1.jar;C:\Users\ASUS\.m2\repository\org\springframework\boot\spring-boot-starter-logging\3.1.1\spring-boot-starter-logging-3.1.1.jar;C:\Users\ASUS\.m2\repository\ch\qos\logback\logback-classic\1.4.8\logback-classic-1.4.8.jar;C:\Users\ASUS\.m2\repository\ch\qos\logback\logback-core\1.4.8\logback-core-1.4.8.jar;C:\Users\ASUS\.m2\repository\org\apache\logging\log4j\log4j-to-slf4j\2.20.0\log4j-to-slf4j-2.20.0.jar;C:\Users\ASUS\.m2\repository\org\apache\logging\log4j\log4j-api\2.20.0\log4j-api-2.20.0.jar;C:\Users\ASUS\.m2\repository\org\slf4j\jul-to-slf4j\2.0.7\jul-to-slf4j-2.0.7.jar;C:\Users\ASUS\.m2\repository\org\yaml\snakeyaml\1.33\snakeyaml-1.33.jar;C:\Users\ASUS\.m2\repository\org\springframework\spring-aop\6.0.10\spring-aop-6.0.10.jar;C:\Users\ASUS\.m2\repository\org\springframework\security\spring-security-config\6.1.1\spring-security-config-6.1.1.jar;C:\Users\ASUS\.m2\repository\org\springframework\security\spring-security-web\6.1.1\spring-security-web-6.1.1.jar;C:\Users\ASUS\.m2\repository\org\springframework\spring-expression\6.0.10\spring-expression-6.0.10.jar;C:\Users\ASUS\.m2\repository\org\springframework\boot\spring-boot-starter-web\3.1.1\spring-boot-starter-web-3.1.1.jar;C:\Users\ASUS\.m2\repository\org\springframework\boot\spring-boot-starter-json\3.1.1\spring-boot-starter-json-3.1.1.jar;C:\Users\ASUS\.m2\repository\com\fasterxml\jackson\datatype\jackson-datatype-jdk8\2.15.2\jackson-datatype-jdk8-2.15.2.jar;C:\Users\ASUS\.m2\repository\com\fasterxml\jackson\datatype\jackson-datatype-jsr310\2.15.2\jackson-datatype-jsr310-2.15.2.jar;C:\Users\ASUS\.m2\repository\com\fasterxml\jackson\module\jackson-module-parameter-names\2.15.2\jackson-module-parameter-names-2.15.2.jar;C:\Users\ASUS\.m2\repository\org\springframework\boot\spring-boot-starter-tomcat\3.1.1\spring-boot-starter-tomcat-3.1.1.jar;C:\Users\ASUS\.m2\repository\org\apache\tomcat\embed\tomcat-embed-core\10.1.10\tomcat-embed-core-10.1.10.jar;C:\Users\ASUS\.m2\repository\org\apache\tomcat\embed\tomcat-embed-el\10.1.10\tomcat-embed-el-10.1.10.jar;C:\Users\ASUS\.m2\repository\org\apache\tomcat\embed\tomcat-embed-websocket\10.1.10\tomcat-embed-websocket-10.1.10.jar;C:\Users\ASUS\.m2\repository\org\springframework\spring-web\6.0.10\spring-web-6.0.10.jar;C:\Users\ASUS\.m2\repository\io\micrometer\micrometer-observation\1.11.1\micrometer-observation-1.11.1.jar;C:\Users\ASUS\.m2\repository\io\micrometer\micrometer-commons\1.11.1\micrometer-commons-1.11.1.jar;C:\Users\ASUS\.m2\repository\org\springframework\spring-webmvc\6.0.10\spring-webmvc-6.0.10.jar;C:\Users\ASUS\.m2\repository\com\mysql\mysql-connector-j\8.0.33\mysql-connector-j-8.0.33.jar;C:\Users\ASUS\.m2\repository\org\projectlombok\lombok\1.18.28\lombok-1.18.28.jar;C:\Users\ASUS\.m2\repository\jakarta\xml\bind\jakarta.xml.bind-api\4.0.0\jakarta.xml.bind-api-4.0.0.jar;C:\Users\ASUS\.m2\repository\jakarta\activation\jakarta.activation-api\2.1.2\jakarta.activation-api-2.1.2.jar;C:\Users\ASUS\.m2\repository\org\springframework\spring-core\6.0.10\spring-core-6.0.10.jar;C:\Users\ASUS\.m2\repository\org\springframework\spring-jcl\6.0.10\spring-jcl-6.0.10.jar;C:\Users\ASUS\.m2\repository\org\springframework\security\spring-security-core\6.1.1\spring-security-core-6.1.1.jar;C:\Users\ASUS\.m2\repository\org\springframework\security\spring-security-crypto\6.1.1\spring-security-crypto-6.1.1.jar;C:\Users\ASUS\.m2\repository\org\hibernate\hibernate-c3p0\4.3.6.Final\hibernate-c3p0-4.3.6.Final.jar;C:\Users\ASUS\.m2\repository\org\jboss\logging\jboss-logging\3.5.1.Final\jboss-logging-3.5.1.Final.jar;C:\Users\ASUS\.m2\repository\org\jboss\logging\jboss-logging-annotations\1.2.0.Beta1\jboss-logging-annotations-1.2.0.Beta1.jar;C:\Users\ASUS\.m2\repository\org\hibernate\hibernate-core\4.3.6.Final\hibernate-core-4.3.6.Final.jar;C:\Users\ASUS\.m2\repository\org\jboss\spec\javax\transaction\jboss-transaction-api_1.2_spec\1.0.0.Final\jboss-transaction-api_1.2_spec-1.0.0.Final.jar;C:\Users\ASUS\.m2\repository\dom4j\dom4j\1.6.1\dom4j-1.6.1.jar;C:\Users\ASUS\.m2\repository\xml-apis\xml-apis\1.0.b2\xml-apis-1.0.b2.jar;C:\Users\ASUS\.m2\repository\org\hibernate\javax\persistence\hibernate-jpa-2.1-api\1.0.0.Final\hibernate-jpa-2.1-api-1.0.0.Final.jar;C:\Users\ASUS\.m2\repository\org\javassist\javassist\3.18.1-GA\javassist-3.18.1-GA.jar;C:\Users\ASUS\.m2\repository\antlr\antlr\2.7.7\antlr-2.7.7.jar;C:\Users\ASUS\.m2\repository\org\jboss\jandex\1.1.0.Final\jandex-1.1.0.Final.jar;C:\Users\ASUS\.m2\repository\com\mchange\c3p0\0.9.2.1\c3p0-0.9.2.1.jar;C:\Users\ASUS\.m2\repository\com\mchange\mchange-commons-java\0.2.3.4\mchange-commons-java-0.2.3.4.jar;C:\Users\ASUS\.m2\repository\io\jsonwebtoken\jjwt-api\0.11.5\jjwt-api-0.11.5.jar;C:\Users\ASUS\.m2\repository\io\jsonwebtoken\jjwt-impl\0.11.5\jjwt-impl-0.11.5.jar;C:\Users\ASUS\.m2\repository\io\jsonwebtoken\jjwt-jackson\0.11.5\jjwt-jackson-0.11.5.jar;C:\Users\ASUS\.m2\repository\com\fasterxml\jackson\core\jackson-databind\2.15.2\jackson-databind-2.15.2.jar;C:\Users\ASUS\.m2\repository\com\fasterxml\jackson\core\jackson-core\2.15.2\jackson-core-2.15.2.jar;C:\Users\ASUS\.m2\repository\org\springdoc\springdoc-openapi-ui\1.6.9\springdoc-openapi-ui-1.6.9.jar;C:\Users\ASUS\.m2\repository\org\springdoc\springdoc-openapi-webmvc-core\1.6.9\springdoc-openapi-webmvc-core-1.6.9.jar;C:\Users\ASUS\.m2\repository\org\springdoc\springdoc-openapi-common\1.6.9\springdoc-openapi-common-1.6.9.jar;C:\Users\ASUS\.m2\repository\io\swagger\core\v3\swagger-core\2.2.0\swagger-core-2.2.0.jar;C:\Users\ASUS\.m2\repository\org\apache\commons\commons-lang3\3.12.0\commons-lang3-3.12.0.jar;C:\Users\ASUS\.m2\repository\com\fasterxml\jackson\dataformat\jackson-dataformat-yaml\2.15.2\jackson-dataformat-yaml-2.15.2.jar;C:\Users\ASUS\.m2\repository\io\swagger\core\v3\swagger-annotations\2.2.0\swagger-annotations-2.2.0.jar;C:\Users\ASUS\.m2\repository\io\swagger\core\v3\swagger-models\2.2.0\swagger-models-2.2.0.jar;C:\Users\ASUS\.m2\repository\jakarta\validation\jakarta.validation-api\3.0.2\jakarta.validation-api-3.0.2.jar;C:\Users\ASUS\.m2\repository\org\webjars\swagger-ui\4.11.1\swagger-ui-4.11.1.jar;C:\Users\ASUS\.m2\repository\org\webjars\webjars-locator-core\0.52\webjars-locator-core-0.52.jar;C:\Users\ASUS\.m2\repository\io\github\classgraph\classgraph\4.8.147\classgraph-4.8.147.jar;C:\Users\ASUS\.m2\repository\org\springframework\security\oauth\boot\spring-security-oauth2-autoconfigure\2.0.6.RELEASE\spring-security-oauth2-autoconfigure-2.0.6.RELEASE.jar;C:\Users\ASUS\.m2\repository\com\fasterxml\jackson\core\jackson-annotations\2.15.2\jackson-annotations-2.15.2.jar;C:\Users\ASUS\.m2\repository\org\springframework\boot\spring-boot\3.1.1\spring-boot-3.1.1.jar;C:\Users\ASUS\.m2\repository\org\springframework\boot\spring-boot-autoconfigure\3.1.1\spring-boot-autoconfigure-3.1.1.jar;C:\Users\ASUS\.m2\repository\org\springframework\security\oauth\spring-security-oauth2\2.2.3.RELEASE\spring-security-oauth2-2.2.3.RELEASE.jar;C:\Users\ASUS\.m2\repository\commons-codec\commons-codec\1.15\commons-codec-1.15.jar;C:\Users\ASUS\.m2\repository\org\codehaus\jackson\jackson-mapper-asl\1.9.13\jackson-mapper-asl-1.9.13.jar;C:\Users\ASUS\.m2\repository\org\codehaus\jackson\jackson-core-asl\1.9.13\jackson-core-asl-1.9.13.jar;C:\Users\ASUS\.m2\repository\org\springframework\security\spring-security-jwt\1.0.9.RELEASE\spring-security-jwt-1.0.9.RELEASE.jar;C:\Users\ASUS\.m2\repository\org\bouncycastle\bcpkix-jdk15on\1.56\bcpkix-jdk15on-1.56.jar;C:\Users\ASUS\.m2\repository\org\bouncycastle\bcprov-jdk15on\1.56\bcprov-jdk15on-1.56.jar;C:\Users\ASUS\.m2\repository\com\auth0\java-jwt\4.0.0\java-jwt-4.0.0.jar;C:\Users\ASUS\.m2\repository\com\google\api-client\google-api-client\1.32.1\google-api-client-1.32.1.jar;C:\Users\ASUS\.m2\repository\com\google\oauth-client\google-oauth-client\1.31.5\google-oauth-client-1.31.5.jar;C:\Users\ASUS\.m2\repository\com\google\http-client\google-http-client-gson\1.39.2\google-http-client-gson-1.39.2.jar;C:\Users\ASUS\.m2\repository\com\google\code\gson\gson\2.10.1\gson-2.10.1.jar;C:\Users\ASUS\.m2\repository\com\google\guava\guava\30.1.1-android\guava-30.1.1-android.jar;C:\Users\ASUS\.m2\repository\com\google\guava\failureaccess\1.0.1\failureaccess-1.0.1.jar;C:\Users\ASUS\.m2\repository\com\google\guava\listenablefuture\9999.0-empty-to-avoid-conflict-with-guava\listenablefuture-9999.0-empty-to-avoid-conflict-with-guava.jar;C:\Users\ASUS\.m2\repository\com\google\code\findbugs\jsr305\3.0.2\jsr305-3.0.2.jar;C:\Users\ASUS\.m2\repository\org\checkerframework\checker-compat-qual\2.5.5\checker-compat-qual-2.5.5.jar;C:\Users\ASUS\.m2\repository\com\google\errorprone\error_prone_annotations\2.5.1\error_prone_annotations-2.5.1.jar;C:\Users\ASUS\.m2\repository\com\google\j2objc\j2objc-annotations\1.3\j2objc-annotations-1.3.jar;C:\Users\ASUS\.m2\repository\com\google\http-client\google-http-client-apache-v2\1.39.2\google-http-client-apache-v2-1.39.2.jar;C:\Users\ASUS\.m2\repository\org\apache\httpcomponents\httpcore\4.4.16\httpcore-4.4.16.jar;C:\Users\ASUS\.m2\repository\org\apache\httpcomponents\httpclient\4.5.13\httpclient-4.5.13.jar;C:\Users\ASUS\.m2\repository\commons-logging\commons-logging\1.2\commons-logging-1.2.jar;C:\Users\ASUS\.m2\repository\com\google\http-client\google-http-client\1.39.2\google-http-client-1.39.2.jar;C:\Users\ASUS\.m2\repository\io\opencensus\opencensus-api\0.28.0\opencensus-api-0.28.0.jar;C:\Users\ASUS\.m2\repository\io\grpc\grpc-context\1.27.2\grpc-context-1.27.2.jar;C:\Users\ASUS\.m2\repository\io\opencensus\opencensus-contrib-http-util\0.28.0\opencensus-contrib-http-util-0.28.0.jar;C:\Users\ASUS\.m2\repository\com\google\oauth-client\google-oauth-client-jetty\1.32.1\google-oauth-client-jetty-1.32.1.jar;C:\Users\ASUS\.m2\repository\com\google\oauth-client\google-oauth-client-java6\1.32.1\google-oauth-client-java6-1.32.1.jar;C:\Users\ASUS\.m2\repository\org\modelmapper\modelmapper\2.3.5\modelmapper-2.3.5.jar
Launcher Type: SUN_STANDARD

[Global flags]
     intx CICompilerCount                          = 4                                         {product} {ergonomic}
     uint ConcGCThreads                            = 2                                         {product} {ergonomic}
     uint G1ConcRefinementThreads                  = 8                                         {product} {ergonomic}
   size_t G1HeapRegionSize                         = 1048576                                   {product} {ergonomic}
    uintx GCDrainStackTargetSize                   = 64                                        {product} {ergonomic}
   size_t InitialHeapSize                          = 134217728                                 {product} {ergonomic}
     bool ManagementServer                         = true                                      {product} {command line}
   size_t MarkStackSize                            = 4194304                                   {product} {ergonomic}
   size_t MaxHeapSize                              = 2116026368                                {product} {ergonomic}
   size_t MaxNewSize                               = 1268776960                                {product} {ergonomic}
   size_t MinHeapDeltaBytes                        = 1048576                                   {product} {ergonomic}
   size_t MinHeapSize                              = 8388608                                   {product} {ergonomic}
    uintx NonProfiledCodeHeapSize                  = 0                                      {pd product} {ergonomic}
     bool ProfileInterpreter                       = false                                  {pd product} {command line}
    uintx ProfiledCodeHeapSize                     = 0                                      {pd product} {ergonomic}
   size_t SoftMaxHeapSize                          = 2116026368                             {manageable} {ergonomic}
     intx TieredStopAtLevel                        = 1                                         {product} {command line}
     bool UseCompressedClassPointers               = true                           {product lp64_product} {ergonomic}
     bool UseCompressedOops                        = true                           {product lp64_product} {ergonomic}
     bool UseG1GC                                  = true                                      {product} {ergonomic}
     bool UseLargePagesIndividualAllocation        = false                                  {pd product} {ergonomic}

Logging:
Log output configuration:
 #0: stdout all=warning uptime,level,tags foldmultilines=false
 #1: stderr all=off uptime,level,tags foldmultilines=false

Environment Variables:
PATH=C:\Program Files (x86)\Common Files\Oracle\Java\javapath;C:\Windows\system32;C:\Windows;C:\Windows\System32\Wbem;C:\Windows\System32\WindowsPowerShell\v1.0\;C:\Windows\System32\OpenSSH\;C:\Program Files (x86)\NVIDIA Corporation\PhysX\Common;C:\Program Files\NVIDIA Corporation\NVIDIA NvDLISR;C:\Program Files\nodejs\;C:\Program Files\Git\cmd;C:\Program Files (x86)\Microsoft SQL Server\110\DTS\Binn\;C:\Program Files (x86)\Microsoft SQL Server\110\Tools\Binn\;C:\Program Files (x86)\Microsoft SQL Server\110\Tools\Binn\ManagementStudio\;C:\Program Files (x86)\Microsoft Visual Studio 10.0\Common7\IDE\PrivateAssemblies\;C:\Users\ASUS\AppData\Local\Programs\Python\Python311\Scripts\;C:\Users\ASUS\AppData\Local\Programs\Python\Python311\;C:\Users\ASUS\AppData\Local\Microsoft\WindowsApps;;C:\Program Files\JetBrains\IntelliJ IDEA 2022.3.3\bin;;C:\Users\ASUS\AppData\Local\Programs\Microsoft VS Code\bin;C:\Users\ASUS\AppData\Roaming\npm
USERNAME=ASUS
OS=Windows_NT
PROCESSOR_IDENTIFIER=Intel64 Family 6 Model 142 Stepping 10, GenuineIntel



---------------  S Y S T E M  ---------------

OS:
 Windows 10 , 64 bit Build 19041 (10.0.19041.3155)
OS uptime: 21 days 15:39 hours

CPU: total 8 (initial active 8) (4 cores per cpu, 2 threads per core) family 6 model 142 stepping 10 microcode 0xb4, cx8, cmov, fxsr, ht, mmx, 3dnowpref, sse, sse2, sse3, ssse3, sse4.1, sse4.2, popcnt, lzcnt, tsc, tscinvbit, avx, avx2, aes, erms, clmul, bmi1, bmi2, adx, fma, vzeroupper, clflush, clflushopt

Memory: 4k page, system-wide physical 8070M (445M free)
TotalPageFile size 15070M (AvailPageFile size 11M)
current process WorkingSet (physical memory assigned to process): 162M, peak: 162M
current process commit charge ("private bytes"): 204M, peak: 255M

vm_info: OpenJDK 64-Bit Server VM (18.0.2+9-FR) for windows-amd64 JRE (18.0.2+9-FR), built on Jul 15 2022 20:03:03 by "Administrator" with MS VC++ 15.9 (VS2017)

END.
