#
# There is insufficient memory for the Java Runtime Environment to continue.
# Native memory allocation (mmap) failed to map 5242880 bytes for G1 virtual space
# Possible reasons:
#   The system is out of physical RAM or swap space
#   The process is running with CompressedOops enabled, and the Java Heap may be blocking the growth of the native heap
# Possible solutions:
#   Reduce memory load on the system
#   Increase physical memory or swap space
#   Check if swap backing store is full
#   Decrease Java heap size (-Xmx/-Xms)
#   Decrease number of Java threads
#   Decrease Java thread stack sizes (-Xss)
#   Set larger code cache with -XX:ReservedCodeCacheSize=
#   JVM is running with Unscaled Compressed Oops mode in which the Java heap is
#     placed in the first 4GB address space. The Java Heap base address is the
#     maximum limit for the native heap growth. Please use -XX:HeapBaseMinAddress
#     to set the Java Heap base and to place the Java Heap above 4GB virtual address.
# This output file may be truncated or incomplete.
#
#  Out of Memory Error (os_windows.cpp:3530), pid=19844, tid=7712
#
# JRE version: OpenJDK Runtime Environment Corretto-18.0.2.9.1 (18.0.2+9) (build 18.0.2+9-FR)
# Java VM: OpenJDK 64-Bit Server VM Corretto-18.0.2.9.1 (18.0.2+9-FR, mixed mode, emulated-client, sharing, tiered, compressed oops, compressed class ptrs, g1 gc, windows-amd64)
# No core dump will be written. Minidumps are not enabled by default on client versions of Windows
#

---------------  S U M M A R Y ------------

Command Line: -XX:TieredStopAtLevel=1 -Dspring.output.ansi.enabled=always -Dcom.sun.management.jmxremote -Dspring.jmx.enabled=true -Dspring.liveBeansView.mbeanDomain -Dspring.application.admin.enabled=true -Dmanagement.endpoints.jmx.exposure.include=* -javaagent:C:\Program Files\JetBrains\IntelliJ IDEA 2022.3.3\lib\idea_rt.jar=64765:C:\Program Files\JetBrains\IntelliJ IDEA 2022.3.3\bin -Dfile.encoding=UTF-8 -Dsun.stdout.encoding=UTF-8 -Dsun.stderr.encoding=UTF-8 com.esprit.socialNetwork.SocialNetworkApplication

Host: Intel(R) Core(TM) i7-8550U CPU @ 1.80GHz, 8 cores, 7G,  Windows 10 , 64 bit Build 19041 (10.0.19041.3155)
Time: Sat Aug 26 07:42:56 2023 Paris, Madrid (heure duild 19041 (10.0.19041.3155) elapsed time: 15.694841 seconds (0d 0h 0m 15s)

---------------  T H R E A D  ---------------

Current thread (0x00000246c28b71e0):  VMThread "VM Thread" [stack: 0x000000f802600000,0x000000f802700000] [id=7712]

Stack: [0x000000f802600000,0x000000f802700000]
Native frames: (J=compiled Java code, j=interpreted, Vv=VM code, C=native code)
V  [jvm.dll+0x685a2a]
V  [jvm.dll+0x82ae8d]
V  [jvm.dll+0x82c75e]
V  [jvm.dll+0x82ce03]
V  [jvm.dll+0x25ef4b]
V  [jvm.dll+0x6828ca]
V  [jvm.dll+0x67745a]
V  [jvm.dll+0x3243f9]
V  [jvm.dll+0x32ba86]
V  [jvm.dll+0x37e00a]
V  [jvm.dll+0x37e24f]
V  [jvm.dll+0x2fb50a]
V  [jvm.dll+0x2fb5b7]
V  [jvm.dll+0x33f162]
V  [jvm.dll+0x33d8f0]
V  [jvm.dll+0x2fad70]
V  [jvm.dll+0x33cecb]
V  [jvm.dll+0x831b3b]
V  [jvm.dll+0x8328c8]
V  [jvm.dll+0x832e15]
V  [jvm.dll+0x833254]
V  [jvm.dll+0x833315]
V  [jvm.dll+0x7d9cba]
V  [jvm.dll+0x6848a5]
C  [ucrtbase.dll+0x21bb2]
C  [KERNEL32.DLL+0x17614]
C  [ntdll.dll+0x526b1]

VM_Operation (0x000000f8048fd7e0): G1CollectForAllocation, mode: safepoint, requested by thread 0x00000246d93e8fb0


---------------  P R O C E S S  ---------------

Threads class SMR info:
_java_thread_list=0x00000246db4ca6c0, length=36, elements={
0x00000246c28339d0, 0x00000246d4a044d0, 0x00000246d4a05390, 0x00000246d4a1ce00,
0x00000246d4a1d6b0, 0x00000246d4a1df60, 0x00000246d4a27970, 0x00000246d4a353a0,
0x00000246d4a2a4c0, 0x00000246d49edd20, 0x00000246d92bb680, 0x00000246d8ffda60,
0x00000246d93453d0, 0x00000246d94e58f0, 0x00000246d93b09a0, 0x00000246d94fd830,
0x00000246da6a8a60, 0x00000246daa64060, 0x00000246da87a450, 0x00000246db3b8020,
0x00000246db331570, 0x00000246d93e6e00, 0x00000246d93e72d0, 0x00000246d93e8fb0,
0x00000246d93e77a0, 0x00000246d93e8140, 0x00000246d93e7c70, 0x00000246d93e8610,
0x00000246d93e5f90, 0x00000246d93e6930, 0x00000246d93e8ae0, 0x00000246d93e9480,
0x00000246d93e6460, 0x00000246db649830, 0x00000246db64d1f0, 0x00000246db646ce0
}

Java Threads: ( => current thread )
  0x00000246c28339d0 JavaThread "main" [_thread_blocked, id=16880, stack(0x000000f802000000,0x000000f802100000)]
  0x00000246d4a044d0 JavaThread "Reference Handler" daemon [_thread_blocked, id=3828, stack(0x000000f802700000,0x000000f802800000)]
  0x00000246d4a05390 JavaThread "Finalizer" daemon [_thread_blocked, id=19460, stack(0x000000f802800000,0x000000f802900000)]
  0x00000246d4a1ce00 JavaThread "Signal Dispatcher" daemon [_thread_blocked, id=15120, stack(0x000000f802900000,0x000000f802a00000)]
  0x00000246d4a1d6b0 JavaThread "Attach Listener" daemon [_thread_blocked, id=4284, stack(0x000000f802a00000,0x000000f802b00000)]
  0x00000246d4a1df60 JavaThread "Service Thread" daemon [_thread_blocked, id=18540, stack(0x000000f802b00000,0x000000f802c00000)]
  0x00000246d4a27970 JavaThread "Monitor Deflation Thread" daemon [_thread_blocked, id=6152, stack(0x000000f802c00000,0x000000f802d00000)]
  0x00000246d4a353a0 JavaThread "C1 CompilerThread0" daemon [_thread_blocked, id=10896, stack(0x000000f802d00000,0x000000f802e00000)]
  0x00000246d4a2a4c0 JavaThread "Sweeper thread" daemon [_thread_blocked, id=7880, stack(0x000000f802e00000,0x000000f802f00000)]
  0x00000246d49edd20 JavaThread "Common-Cleaner" daemon [_thread_blocked, id=11812, stack(0x000000f802f00000,0x000000f803000000)]
  0x00000246d92bb680 JavaThread "Monitor Ctrl-Break" daemon [_thread_in_native, id=13572, stack(0x000000f803000000,0x000000f803100000)]
  0x00000246d8ffda60 JavaThread "Notification Thread" daemon [_thread_blocked, id=10004, stack(0x000000f803100000,0x000000f803200000)]
  0x00000246d93453d0 JavaThread "C1 CompilerThread1" daemon [_thread_blocked, id=18996, stack(0x000000f803200000,0x000000f803300000)]
  0x00000246d94e58f0 JavaThread "C1 CompilerThread2" daemon [_thread_blocked, id=6532, stack(0x000000f803300000,0x000000f803400000)]
  0x00000246d93b09a0 JavaThread "C1 CompilerThread3" daemon [_thread_blocked, id=13684, stack(0x000000f803400000,0x000000f803500000)]
  0x00000246d94fd830 JavaThread "RMI TCP Accept-0" daemon [_thread_in_native, id=3240, stack(0x000000f803500000,0x000000f803600000)]
  0x00000246da6a8a60 JavaThread "mysql-cj-abandoned-connection-cleanup" daemon [_thread_blocked, id=20364, stack(0x000000f804000000,0x000000f804100000)]
  0x00000246daa64060 JavaThread "HikariPool-1 housekeeper" daemon [_thread_blocked, id=12020, stack(0x000000f804200000,0x000000f804300000)]
  0x00000246da87a450 JavaThread "HikariPool-1 connection adder" daemon [_thread_blocked, id=13808, stack(0x000000f804300000,0x000000f804400000)]
  0x00000246db3b8020 JavaThread "Catalina-utility-1" [_thread_blocked, id=4132, stack(0x000000f804400000,0x000000f804500000)]
  0x00000246db331570 JavaThread "Catalina-utility-2" [_thread_blocked, id=19524, stack(0x000000f804500000,0x000000f804600000)]
  0x00000246d93e6e00 JavaThread "container-0" [_thread_blocked, id=9828, stack(0x000000f804600000,0x000000f804700000)]
  0x00000246d93e72d0 JavaThread "ClassGraph-worker-28" daemon [_thread_blocked, id=14916, stack(0x000000f804700000,0x000000f804800000)]
  0x00000246d93e8fb0 JavaThread "ClassGraph-worker-29" daemon [_thread_blocked, id=5156, stack(0x000000f804800000,0x000000f804900000)]
  0x00000246d93e77a0 JavaThread "ClassGraph-worker-30" daemon [_thread_blocked, id=5596, stack(0x000000f804900000,0x000000f804a00000)]
  0x00000246d93e8140 JavaThread "ClassGraph-worker-31" daemon [_thread_blocked, id=10916, stack(0x000000f804a00000,0x000000f804b00000)]
  0x00000246d93e7c70 JavaThread "ClassGraph-worker-32" daemon [_thread_blocked, id=18208, stack(0x000000f804b00000,0x000000f804c00000)]
  0x00000246d93e8610 JavaThread "ClassGraph-worker-33" daemon [_thread_blocked, id=8840, stack(0x000000f804c00000,0x000000f804d00000)]
  0x00000246d93e5f90 JavaThread "ClassGraph-worker-34" daemon [_thread_blocked, id=9620, stack(0x000000f804d00000,0x000000f804e00000)]
  0x00000246d93e6930 JavaThread "ClassGraph-worker-35" daemon [_thread_blocked, id=6876, stack(0x000000f804e00000,0x000000f804f00000)]
  0x00000246d93e8ae0 JavaThread "ClassGraph-worker-36" daemon [_thread_blocked, id=8128, stack(0x000000f804f00000,0x000000f805000000)]
  0x00000246d93e9480 JavaThread "ClassGraph-worker-37" daemon [_thread_blocked, id=17392, stack(0x000000f805000000,0x000000f805100000)]
  0x00000246d93e6460 JavaThread "ClassGraph-worker-38" daemon [_thread_blocked, id=9168, stack(0x000000f805100000,0x000000f805200000)]
  0x00000246db649830 JavaThread "ClassGraph-worker-39" daemon [_thread_blocked, id=19084, stack(0x000000f805200000,0x000000f805300000)]
  0x00000246db64d1f0 JavaThread "ClassGraph-worker-40" daemon [_thread_blocked, id=6348, stack(0x000000f805300000,0x000000f805400000)]
  0x00000246db646ce0 JavaThread "ClassGraph-worker-41" daemon [_thread_blocked, id=11240, stack(0x000000f805400000,0x000000f805500000)]

Other Threads:
=>0x00000246c28b71e0 VMThread "VM Thread" [stack: 0x000000f802600000,0x000000f802700000] [id=7712]
  0x00000246d93a9ca0 WatcherThread "VM Periodic Task Thread" [stack: 0x000000f803600000,0x000000f803700000] [id=17548]
  0x00000246c2891ad0 WorkerThread "GC Thread#0" [stack: 0x000000f802100000,0x000000f802200000] [id=2684]
  0x00000246d95f8e00 WorkerThread "GC Thread#1" [stack: 0x000000f803700000,0x000000f803800000] [id=20272]
  0x00000246d9591930 WorkerThread "GC Thread#2" [stack: 0x000000f803800000,0x000000f803900000] [id=14744]
  0x00000246d95f57d0 WorkerThread "GC Thread#3" [stack: 0x000000f803900000,0x000000f803a00000] [id=11908]
  0x00000246d97a71f0 WorkerThread "GC Thread#4" [stack: 0x000000f803a00000,0x000000f803b00000] [id=16184]
  0x00000246d97a7490 WorkerThread "GC Thread#5" [stack: 0x000000f803b00000,0x000000f803c00000] [id=17992]
  0x00000246d97a7bb0 WorkerThread "GC Thread#6" [stack: 0x000000f803c00000,0x000000f803d00000] [id=16836]
  0x00000246d97afe60 WorkerThread "GC Thread#7" [stack: 0x000000f803d00000,0x000000f803e00000] [id=13896]
  0x00000246c28a2550 ConcurrentGCThread "G1 Main Marker" [stack: 0x000000f802200000,0x000000f802300000] [id=18968]
  0x00000246c28a3690 WorkerThread "G1 Conc#0" [stack: 0x000000f802300000,0x000000f802400000] [id=2176]
  0x00000246da3fb720 WorkerThread "G1 Conc#1" [stack: 0x000000f803f00000,0x000000f804000000] [id=20340]
  0x00000246d48b80b0 ConcurrentGCThread "G1 Refine#0" [stack: 0x000000f802400000,0x000000f802500000] [id=16936]
  0x00000246d95923e0 ConcurrentGCThread "G1 Refine#1" [stack: 0x000000f803e00000,0x000000f803f00000] [id=12892]
  0x00000246d48b88d0 ConcurrentGCThread "G1 Service" [stack: 0x000000f802500000,0x000000f802600000] [id=17260]

Threads with active compile tasks:

VM state: at safepoint (normal execution)

VM Mutex/Monitor currently owned by a thread:  ([mutex/lock_event])
[0x00000246c282f350] Threads_lock - owner thread: 0x00000246c28b71e0
[0x00000246c282fa10] Heap_lock - owner thread: 0x00000246d93e8fb0

Heap address: 0x0000000081e00000, size: 2018 MB, Compressed Oops mode: 32-bit

CDS archive(s) mapped at: [0x0000000800000000-0x0000000800ba0000-0x0000000800ba0000), size 12189696, SharedBaseAddress: 0x0000000800000000, ArchiveRelocationMode: 0.
Compressed class space mapped at: 0x0000000800c00000-0x0000000840c00000, reserved size: 1073741824
Narrow klass base: 0x0000000800000000, Narrow klass shift: 0, Narrow klass range: 0x100000000

GC Precious Log:
 CardTable entry size: 512
 Card Set container configuration: InlinePtr #cards 5 size 8 Array Of Cards #cards 12 size 40 Howl #buckets 4 coarsen threshold 1843 Howl Bitmap #cards 512 size 80 coarsen threshold 460 Card regions per heap region 1 cards per card region 2048
 CPUs: 8 total, 8 available
 Memory: 8070M
 Large Page Support: Disabled
 NUMA Support: Disabled
 Compressed Oops: Enabled (32-bit)
 Heap Region Size: 1M
 Heap Min Capacity: 8M
 Heap Initial Capacity: 128M
 Heap Max Capacity: 2018M
 Pre-touch: Disabled
 Parallel Workers: 8
 Concurrent Workers: 2
 Concurrent Refinement Workers: 8
 Periodic GC: Disabled

Heap:
 garbage-first heap   total 131072K, used 58114K [0x0000000081e00000, 0x0000000100000000)
  region size 1024K, 4 young (4096K), 4 survivors (4096K)
 Metaspace       used 63076K, committed 63744K, reserved 1114112K
  class space    used 9123K, committed 9408K, reserved 1048576K

Heap Regions: E=young(eden), S=young(survivor), O=old, HS=humongous(starts), HC=humongous(continues), CS=collection set, F=free, OA=open archive, CA=closed archive, TAMS=top-at-mark-start (previous, next)
|   0|0x0000000081e00000, 0x0000000081f00000, 0x0000000081f00000|100%|HS|  |TAMS 0x0000000081f00000, 0x0000000081f00000| Complete 
|   1|0x0000000081f00000, 0x0000000082000000, 0x0000000082000000|100%| O|  |TAMS 0x0000000082000000, 0x0000000082000000| Untracked 
|   2|0x0000000082000000, 0x0000000082100000, 0x0000000082100000|100%| O|  |TAMS 0x0000000082100000, 0x0000000082100000| Untracked 
|   3|0x0000000082100000, 0x0000000082200000, 0x0000000082200000|100%| O|  |TAMS 0x0000000082200000, 0x0000000082200000| Untracked 
|   4|0x0000000082200000, 0x0000000082300000, 0x0000000082300000|100%| O|  |TAMS 0x0000000082300000, 0x0000000082300000| Untracked 
|   5|0x0000000082300000, 0x0000000082400000, 0x0000000082400000|100%| O|  |TAMS 0x0000000082400000, 0x0000000082400000| Untracked 
|   6|0x0000000082400000, 0x0000000082500000, 0x0000000082500000|100%| O|  |TAMS 0x0000000082500000, 0x0000000082500000| Untracked 
|   7|0x0000000082500000, 0x0000000082600000, 0x0000000082600000|100%| O|  |TAMS 0x0000000082600000, 0x0000000082600000| Untracked 
|   8|0x0000000082600000, 0x0000000082700000, 0x0000000082700000|100%| O|  |TAMS 0x0000000082700000, 0x0000000082700000| Untracked 
|   9|0x0000000082700000, 0x0000000082800000, 0x0000000082800000|100%| O|  |TAMS 0x0000000082800000, 0x0000000082800000| Untracked 
|  10|0x0000000082800000, 0x0000000082900000, 0x0000000082900000|100%| O|  |TAMS 0x0000000082900000, 0x0000000082900000| Untracked 
|  11|0x0000000082900000, 0x0000000082944400, 0x0000000082a00000| 26%| O|  |TAMS 0x0000000082944400, 0x0000000082944400| Untracked 
|  12|0x0000000082a00000, 0x0000000082b00000, 0x0000000082b00000|100%| O|  |TAMS 0x0000000082b00000, 0x0000000082b00000| Untracked 
|  13|0x0000000082b00000, 0x0000000082c00000, 0x0000000082c00000|100%| O|  |TAMS 0x0000000082c00000, 0x0000000082c00000| Untracked 
|  14|0x0000000082c00000, 0x0000000082d00000, 0x0000000082d00000|100%| O|  |TAMS 0x0000000082d00000, 0x0000000082d00000| Untracked 
|  15|0x0000000082d00000, 0x0000000082e00000, 0x0000000082e00000|100%| O|  |TAMS 0x0000000082e00000, 0x0000000082e00000| Untracked 
|  16|0x0000000082e00000, 0x0000000082f00000, 0x0000000082f00000|100%| O|  |TAMS 0x0000000082f00000, 0x0000000082f00000| Untracked 
|  17|0x0000000082f00000, 0x0000000083000000, 0x0000000083000000|100%| O|  |TAMS 0x0000000083000000, 0x0000000083000000| Untracked 
|  18|0x0000000083000000, 0x0000000083100000, 0x0000000083100000|100%| O|  |TAMS 0x0000000083100000, 0x0000000083100000| Untracked 
|  19|0x0000000083100000, 0x0000000083200000, 0x0000000083200000|100%| O|  |TAMS 0x0000000083200000, 0x0000000083200000| Untracked 
|  20|0x0000000083200000, 0x0000000083300000, 0x0000000083300000|100%| O|  |TAMS 0x0000000083300000, 0x0000000083300000| Untracked 
|  21|0x0000000083300000, 0x0000000083400000, 0x0000000083400000|100%| O|  |TAMS 0x0000000083400000, 0x0000000083400000| Untracked 
|  22|0x0000000083400000, 0x0000000083500000, 0x0000000083500000|100%| O|  |TAMS 0x0000000083500000, 0x0000000083500000| Untracked 
|  23|0x0000000083500000, 0x0000000083600000, 0x0000000083600000|100%| O|  |TAMS 0x0000000083600000, 0x0000000083600000| Untracked 
|  24|0x0000000083600000, 0x0000000083700000, 0x0000000083700000|100%| O|  |TAMS 0x0000000083700000, 0x0000000083700000| Untracked 
|  25|0x0000000083700000, 0x0000000083800000, 0x0000000083800000|100%| O|  |TAMS 0x0000000083800000, 0x0000000083800000| Untracked 
|  26|0x0000000083800000, 0x0000000083900000, 0x0000000083900000|100%| O|  |TAMS 0x00000000838eb800, 0x0000000083900000| Untracked 
|  27|0x0000000083900000, 0x0000000083a00000, 0x0000000083a00000|100%| O|  |TAMS 0x0000000083900000, 0x0000000083a00000| Untracked 
|  28|0x0000000083a00000, 0x0000000083b00000, 0x0000000083b00000|100%| O|  |TAMS 0x0000000083a00000, 0x0000000083b00000| Untracked 
|  29|0x0000000083b00000, 0x0000000083c00000, 0x0000000083c00000|100%| O|  |TAMS 0x0000000083b00000, 0x0000000083b00000| Untracked 
|  30|0x0000000083c00000, 0x0000000083d00000, 0x0000000083d00000|100%| O|  |TAMS 0x0000000083c00000, 0x0000000083d00000| Untracked 
|  31|0x0000000083d00000, 0x0000000083e00000, 0x0000000083e00000|100%| O|  |TAMS 0x0000000083d00000, 0x0000000083e00000| Untracked 
|  32|0x0000000083e00000, 0x0000000083f00000, 0x0000000083f00000|100%| O|  |TAMS 0x0000000083e00000, 0x0000000083f00000| Untracked 
|  33|0x0000000083f00000, 0x0000000084000000, 0x0000000084000000|100%| O|  |TAMS 0x0000000083f00000, 0x0000000084000000| Untracked 
|  34|0x0000000084000000, 0x0000000084100000, 0x0000000084100000|100%| O|  |TAMS 0x0000000084000000, 0x0000000084100000| Untracked 
|  35|0x0000000084100000, 0x0000000084200000, 0x0000000084200000|100%| O|  |TAMS 0x0000000084100000, 0x0000000084200000| Untracked 
|  36|0x0000000084200000, 0x0000000084300000, 0x0000000084300000|100%| O|  |TAMS 0x0000000084200000, 0x0000000084300000| Untracked 
|  37|0x0000000084300000, 0x0000000084400000, 0x0000000084400000|100%| O|  |TAMS 0x0000000084300000, 0x0000000084400000| Untracked 
|  38|0x0000000084400000, 0x0000000084500000, 0x0000000084500000|100%| O|  |TAMS 0x0000000084400000, 0x0000000084500000| Untracked 
|  39|0x0000000084500000, 0x0000000084600000, 0x0000000084600000|100%| O|  |TAMS 0x0000000084500000, 0x0000000084600000| Untracked 
|  40|0x0000000084600000, 0x0000000084700000, 0x0000000084700000|100%| O|  |TAMS 0x0000000084600000, 0x0000000084700000| Untracked 
|  41|0x0000000084700000, 0x0000000084800000, 0x0000000084800000|100%| O|  |TAMS 0x0000000084700000, 0x0000000084800000| Untracked 
|  42|0x0000000084800000, 0x0000000084900000, 0x0000000084900000|100%| O|  |TAMS 0x0000000084800000, 0x0000000084900000| Untracked 
|  43|0x0000000084900000, 0x0000000084a00000, 0x0000000084a00000|100%| O|  |TAMS 0x0000000084900000, 0x0000000084a00000| Untracked 
|  44|0x0000000084a00000, 0x0000000084b00000, 0x0000000084b00000|100%| O|  |TAMS 0x0000000084a00000, 0x0000000084b00000| Untracked 
|  45|0x0000000084b00000, 0x0000000084c00000, 0x0000000084c00000|100%| O|  |TAMS 0x0000000084b00000, 0x0000000084c00000| Untracked 
|  46|0x0000000084c00000, 0x0000000084d00000, 0x0000000084d00000|100%| O|  |TAMS 0x0000000084c00000, 0x0000000084d00000| Untracked 
|  47|0x0000000084d00000, 0x0000000084e00000, 0x0000000084e00000|100%| O|  |TAMS 0x0000000084d00000, 0x0000000084e00000| Untracked 
|  48|0x0000000084e00000, 0x0000000084f00000, 0x0000000084f00000|100%| O|  |TAMS 0x0000000084e00000, 0x0000000084e96000| Untracked 
|  49|0x0000000084f00000, 0x0000000085000000, 0x0000000085000000|100%| O|  |TAMS 0x0000000084f00000, 0x0000000084f00000| Untracked 
|  50|0x0000000085000000, 0x0000000085100000, 0x0000000085100000|100%| O|  |TAMS 0x0000000085000000, 0x0000000085000000| Untracked 
|  51|0x0000000085100000, 0x0000000085200000, 0x0000000085200000|100%| O|  |TAMS 0x0000000085100000, 0x0000000085100000| Untracked 
|  52|0x0000000085200000, 0x0000000085300000, 0x0000000085300000|100%| O|  |TAMS 0x0000000085200000, 0x0000000085200000| Untracked 
|  53|0x0000000085300000, 0x000000008537c600, 0x0000000085400000| 48%| O|  |TAMS 0x0000000085300000, 0x0000000085300000| Untracked 
|  54|0x0000000085400000, 0x0000000085400000, 0x0000000085500000|  0%| F|  |TAMS 0x0000000085400000, 0x0000000085400000| Untracked 
|  55|0x0000000085500000, 0x0000000085500000, 0x0000000085600000|  0%| F|  |TAMS 0x0000000085500000, 0x0000000085500000| Untracked 
|  56|0x0000000085600000, 0x0000000085600000, 0x0000000085700000|  0%| F|  |TAMS 0x0000000085600000, 0x0000000085600000| Untracked 
|  57|0x0000000085700000, 0x0000000085700000, 0x0000000085800000|  0%| F|  |TAMS 0x0000000085700000, 0x0000000085700000| Untracked 
|  58|0x0000000085800000, 0x0000000085800000, 0x0000000085900000|  0%| F|  |TAMS 0x0000000085800000, 0x0000000085800000| Untracked 
|  59|0x0000000085900000, 0x0000000085900000, 0x0000000085a00000|  0%| F|  |TAMS 0x0000000085900000, 0x0000000085900000| Untracked 
|  60|0x0000000085a00000, 0x0000000085a00000, 0x0000000085b00000|  0%| F|  |TAMS 0x0000000085a00000, 0x0000000085a00000| Untracked 
|  61|0x0000000085b00000, 0x0000000085b00000, 0x0000000085c00000|  0%| F|  |TAMS 0x0000000085b00000, 0x0000000085b00000| Untracked 
|  62|0x0000000085c00000, 0x0000000085c00000, 0x0000000085d00000|  0%| F|  |TAMS 0x0000000085c00000, 0x0000000085c00000| Untracked 
|  63|0x0000000085d00000, 0x0000000085d00000, 0x0000000085e00000|  0%| F|  |TAMS 0x0000000085d00000, 0x0000000085d00000| Untracked 
|  64|0x0000000085e00000, 0x0000000085e00000, 0x0000000085f00000|  0%| F|  |TAMS 0x0000000085e00000, 0x0000000085e00000| Untracked 
|  65|0x0000000085f00000, 0x0000000085f00000, 0x0000000086000000|  0%| F|  |TAMS 0x0000000085f00000, 0x0000000085f00000| Untracked 
|  66|0x0000000086000000, 0x0000000086000000, 0x0000000086100000|  0%| F|  |TAMS 0x0000000086000000, 0x0000000086000000| Untracked 
|  67|0x0000000086100000, 0x0000000086100000, 0x0000000086200000|  0%| F|  |TAMS 0x0000000086100000, 0x0000000086100000| Untracked 
|  68|0x0000000086200000, 0x0000000086200000, 0x0000000086300000|  0%| F|  |TAMS 0x0000000086200000, 0x0000000086200000| Untracked 
|  69|0x0000000086300000, 0x0000000086400000, 0x0000000086400000|100%| S|CS|TAMS 0x0000000086300000, 0x0000000086300000| Complete 
|  70|0x0000000086400000, 0x0000000086500000, 0x0000000086500000|100%| S|CS|TAMS 0x0000000086400000, 0x0000000086400000| Complete 
|  71|0x0000000086500000, 0x0000000086600000, 0x0000000086600000|100%| S|CS|TAMS 0x0000000086500000, 0x0000000086500000| Complete 
|  72|0x0000000086600000, 0x0000000086700000, 0x0000000086700000|100%| S|CS|TAMS 0x0000000086600000, 0x0000000086600000| Complete 
|  73|0x0000000086700000, 0x0000000086700000, 0x0000000086800000|  0%| F|  |TAMS 0x0000000086700000, 0x0000000086700000| Untracked 
|  74|0x0000000086800000, 0x0000000086800000, 0x0000000086900000|  0%| F|  |TAMS 0x0000000086800000, 0x0000000086800000| Untracked 
|  75|0x0000000086900000, 0x0000000086900000, 0x0000000086a00000|  0%| F|  |TAMS 0x0000000086900000, 0x0000000086900000| Untracked 
|  76|0x0000000086a00000, 0x0000000086a00000, 0x0000000086b00000|  0%| F|  |TAMS 0x0000000086a00000, 0x0000000086a00000| Untracked 
|  77|0x0000000086b00000, 0x0000000086b00000, 0x0000000086c00000|  0%| F|  |TAMS 0x0000000086b00000, 0x0000000086b00000| Untracked 
|  78|0x0000000086c00000, 0x0000000086c00000, 0x0000000086d00000|  0%| F|  |TAMS 0x0000000086c00000, 0x0000000086c00000| Untracked 
|  79|0x0000000086d00000, 0x0000000086d00000, 0x0000000086e00000|  0%| F|  |TAMS 0x0000000086d00000, 0x0000000086d00000| Untracked 
|  80|0x0000000086e00000, 0x0000000086e00000, 0x0000000086f00000|  0%| F|  |TAMS 0x0000000086e00000, 0x0000000086e00000| Untracked 
|  81|0x0000000086f00000, 0x0000000086f00000, 0x0000000087000000|  0%| F|  |TAMS 0x0000000086f00000, 0x0000000086f00000| Untracked 
|  82|0x0000000087000000, 0x0000000087000000, 0x0000000087100000|  0%| F|  |TAMS 0x0000000087000000, 0x0000000087000000| Untracked 
|  83|0x0000000087100000, 0x0000000087100000, 0x0000000087200000|  0%| F|  |TAMS 0x0000000087100000, 0x0000000087100000| Untracked 
|  84|0x0000000087200000, 0x0000000087200000, 0x0000000087300000|  0%| F|  |TAMS 0x0000000087200000, 0x0000000087200000| Untracked 
|  85|0x0000000087300000, 0x0000000087300000, 0x0000000087400000|  0%| F|  |TAMS 0x0000000087300000, 0x0000000087300000| Untracked 
|  86|0x0000000087400000, 0x0000000087400000, 0x0000000087500000|  0%| F|  |TAMS 0x0000000087400000, 0x0000000087400000| Untracked 
|  87|0x0000000087500000, 0x0000000087500000, 0x0000000087600000|  0%| F|  |TAMS 0x0000000087500000, 0x0000000087500000| Untracked 
|  88|0x0000000087600000, 0x0000000087600000, 0x0000000087700000|  0%| F|  |TAMS 0x0000000087600000, 0x0000000087600000| Untracked 
|  89|0x0000000087700000, 0x0000000087700000, 0x0000000087800000|  0%| F|  |TAMS 0x0000000087700000, 0x0000000087700000| Untracked 
|  90|0x0000000087800000, 0x0000000087800000, 0x0000000087900000|  0%| F|  |TAMS 0x0000000087800000, 0x0000000087800000| Untracked 
|  91|0x0000000087900000, 0x0000000087900000, 0x0000000087a00000|  0%| F|  |TAMS 0x0000000087900000, 0x0000000087900000| Untracked 
|  92|0x0000000087a00000, 0x0000000087a00000, 0x0000000087b00000|  0%| F|  |TAMS 0x0000000087a00000, 0x0000000087a00000| Untracked 
|  93|0x0000000087b00000, 0x0000000087b00000, 0x0000000087c00000|  0%| F|  |TAMS 0x0000000087b00000, 0x0000000087b00000| Untracked 
|  94|0x0000000087c00000, 0x0000000087c00000, 0x0000000087d00000|  0%| F|  |TAMS 0x0000000087c00000, 0x0000000087c00000| Untracked 
|  95|0x0000000087d00000, 0x0000000087d00000, 0x0000000087e00000|  0%| F|  |TAMS 0x0000000087d00000, 0x0000000087d00000| Untracked 
|  96|0x0000000087e00000, 0x0000000087e00000, 0x0000000087f00000|  0%| F|  |TAMS 0x0000000087e00000, 0x0000000087e00000| Untracked 
|  97|0x0000000087f00000, 0x0000000087f00000, 0x0000000088000000|  0%| F|  |TAMS 0x0000000087f00000, 0x0000000087f00000| Untracked 
|  98|0x0000000088000000, 0x0000000088000000, 0x0000000088100000|  0%| F|  |TAMS 0x0000000088000000, 0x0000000088000000| Untracked 
|  99|0x0000000088100000, 0x0000000088100000, 0x0000000088200000|  0%| F|  |TAMS 0x0000000088100000, 0x0000000088100000| Untracked 
| 100|0x0000000088200000, 0x0000000088200000, 0x0000000088300000|  0%| F|  |TAMS 0x0000000088200000, 0x0000000088200000| Untracked 
| 101|0x0000000088300000, 0x0000000088300000, 0x0000000088400000|  0%| F|  |TAMS 0x0000000088300000, 0x0000000088300000| Untracked 
| 102|0x0000000088400000, 0x0000000088400000, 0x0000000088500000|  0%| F|  |TAMS 0x0000000088400000, 0x0000000088400000| Untracked 
| 103|0x0000000088500000, 0x0000000088500000, 0x0000000088600000|  0%| F|  |TAMS 0x0000000088500000, 0x0000000088500000| Untracked 
| 104|0x0000000088600000, 0x0000000088600000, 0x0000000088700000|  0%| F|  |TAMS 0x0000000088600000, 0x0000000088600000| Untracked 
| 105|0x0000000088700000, 0x0000000088700000, 0x0000000088800000|  0%| F|  |TAMS 0x0000000088700000, 0x0000000088700000| Untracked 
| 106|0x0000000088800000, 0x0000000088800000, 0x0000000088900000|  0%| F|  |TAMS 0x0000000088800000, 0x0000000088800000| Untracked 
| 107|0x0000000088900000, 0x0000000088900000, 0x0000000088a00000|  0%| F|  |TAMS 0x0000000088900000, 0x0000000088900000| Untracked 
| 108|0x0000000088a00000, 0x0000000088a00000, 0x0000000088b00000|  0%| F|  |TAMS 0x0000000088a00000, 0x0000000088a00000| Untracked 
| 109|0x0000000088b00000, 0x0000000088b00000, 0x0000000088c00000|  0%| F|  |TAMS 0x0000000088b00000, 0x0000000088b00000| Untracked 
| 110|0x0000000088c00000, 0x0000000088c00000, 0x0000000088d00000|  0%| F|  |TAMS 0x0000000088c00000, 0x0000000088c00000| Untracked 
| 111|0x0000000088d00000, 0x0000000088d00000, 0x0000000088e00000|  0%| F|  |TAMS 0x0000000088d00000, 0x0000000088d00000| Untracked 
| 112|0x0000000088e00000, 0x0000000088e00000, 0x0000000088f00000|  0%| F|  |TAMS 0x0000000088e00000, 0x0000000088e00000| Untracked 
| 113|0x0000000088f00000, 0x0000000088f00000, 0x0000000089000000|  0%| F|  |TAMS 0x0000000088f00000, 0x0000000088f00000| Untracked 
| 114|0x0000000089000000, 0x0000000089000000, 0x0000000089100000|  0%| F|  |TAMS 0x0000000089000000, 0x0000000089000000| Untracked 
| 115|0x0000000089100000, 0x0000000089100000, 0x0000000089200000|  0%| F|  |TAMS 0x0000000089100000, 0x0000000089100000| Untracked 
| 116|0x0000000089200000, 0x0000000089200000, 0x0000000089300000|  0%| F|  |TAMS 0x0000000089200000, 0x0000000089200000| Untracked 
| 117|0x0000000089300000, 0x0000000089300000, 0x0000000089400000|  0%| F|  |TAMS 0x0000000089300000, 0x0000000089300000| Untracked 
| 118|0x0000000089400000, 0x0000000089400000, 0x0000000089500000|  0%| F|  |TAMS 0x0000000089400000, 0x0000000089400000| Untracked 
| 119|0x0000000089500000, 0x0000000089500000, 0x0000000089600000|  0%| F|  |TAMS 0x0000000089500000, 0x0000000089500000| Untracked 
| 120|0x0000000089600000, 0x0000000089600000, 0x0000000089700000|  0%| F|  |TAMS 0x0000000089600000, 0x0000000089600000| Untracked 
| 121|0x0000000089700000, 0x0000000089700000, 0x0000000089800000|  0%| F|  |TAMS 0x0000000089700000, 0x0000000089700000| Untracked 
| 122|0x0000000089800000, 0x0000000089800000, 0x0000000089900000|  0%| F|  |TAMS 0x0000000089800000, 0x0000000089800000| Untracked 
| 123|0x0000000089900000, 0x0000000089900000, 0x0000000089a00000|  0%| F|  |TAMS 0x0000000089900000, 0x0000000089900000| Untracked 
| 124|0x0000000089a00000, 0x0000000089a00000, 0x0000000089b00000|  0%| F|  |TAMS 0x0000000089a00000, 0x0000000089a00000| Untracked 
| 125|0x0000000089b00000, 0x0000000089b00000, 0x0000000089c00000|  0%| F|  |TAMS 0x0000000089b00000, 0x0000000089b00000| Untracked 
| 126|0x0000000089c00000, 0x0000000089c00000, 0x0000000089d00000|  0%| F|  |TAMS 0x0000000089c00000, 0x0000000089c00000| Untracked 
| 127|0x0000000089d00000, 0x0000000089d00000, 0x0000000089e00000|  0%| F|  |TAMS 0x0000000089d00000, 0x0000000089d00000| Untracked 

Card table byte_map: [0x00000246cd910000,0x00000246cdd10000] _byte_map_base: 0x00000246cd501000

Marking Bits (Prev, Next): (CMBitMap*) 0x00000246c2892020, (CMBitMap*) 0x00000246c2891fe0
 Prev Bits: [0x00000246d00a0000, 0x00000246d2028000)
 Next Bits: [0x00000246ce110000, 0x00000246d0098000)

Polling page: 0x00000246c07b0000

Metaspace:

Usage:
  Non-class:     52.69 MB used.
      Class:      8.91 MB used.
       Both:     61.60 MB used.

Virtual space:
  Non-class space:       64.00 MB reserved,      53.06 MB ( 83%) committed,  1 nodes.
      Class space:        1.00 GB reserved,       9.19 MB ( <1%) committed,  1 nodes.
             Both:        1.06 GB reserved,      62.25 MB (  6%) committed. 

Chunk freelists:
   Non-Class:  2.21 MB
       Class:  2.82 MB
        Both:  5.04 MB

MaxMetaspaceSize: unlimited
CompressedClassSpaceSize: 1.00 GB
Initial GC threshold: 21.00 MB
Current GC threshold: 98.75 MB
CDS: on
MetaspaceReclaimPolicy: balanced
 - commit_granule_bytes: 65536.
 - commit_granule_words: 8192.
 - virtual_space_node_default_size: 8388608.
 - enlarge_chunks_in_place: 1.
 - new_chunks_are_fully_committed: 0.
 - uncommit_free_chunks: 1.
 - use_allocation_guard: 0.


Internal statistics:

num_allocs_failed_limit: 9.
num_arena_births: 982.
num_arena_deaths: 0.
num_vsnodes_births: 2.
num_vsnodes_deaths: 0.
num_space_committed: 996.
num_space_uncommitted: 0.
num_chunks_returned_to_freelist: 9.
num_chunks_taken_from_freelist: 3189.
num_chunk_merges: 9.
num_chunk_splits: 2393.
num_chunks_enlarged: 1937.
num_inconsistent_stats: 0.

CodeCache: size=49152Kb used=12765Kb max_used=12765Kb free=36386Kb
 bounds [0x00000246ca3f0000, 0x00000246cb070000, 0x00000246cd3f0000]
 total_blobs=6789 nmethods=6125 adapters=587
 compilation: enabled
              stopped_count=0, restarted_count=0
 full_count=0

Compilation events (20 events):
Event: 15.654 Thread 0x00000246d94e58f0 6116       1       java.io.FileDescriptor::setHandle (33 bytes)
Event: 15.655 Thread 0x00000246d94e58f0 nmethod 6116 0x00000246cb060410 code [0x00000246cb0605a0, 0x00000246cb0606e8]
Event: 15.655 Thread 0x00000246d4a353a0 nmethod 6118 0x00000246cb060790 code [0x00000246cb060940, 0x00000246cb060c38]
Event: 15.655 Thread 0x00000246d93453d0 nmethod 6117 0x00000246cb060d90 code [0x00000246cb060f60, 0x00000246cb061348]
Event: 15.655 Thread 0x00000246d93453d0 6119       1       java.lang.Math::min (12 bytes)
Event: 15.656 Thread 0x00000246d93453d0 nmethod 6119 0x00000246cb061590 code [0x00000246cb061720, 0x00000246cb0617d8]
Event: 15.659 Thread 0x00000246d4a353a0 6120       1       java.util.concurrent.atomic.AtomicBoolean::<init> (14 bytes)
Event: 15.660 Thread 0x00000246d4a353a0 nmethod 6120 0x00000246cb061890 code [0x00000246cb061a20, 0x00000246cb061af8]
Event: 15.663 Thread 0x00000246d94e58f0 6121   !   1       sun.nio.fs.WindowsLinkSupport::getRealPath (500 bytes)
Event: 15.671 Thread 0x00000246d94e58f0 nmethod 6121 0x00000246cb061b90 code [0x00000246cb062060, 0x00000246cb063858]
Event: 15.672 Thread 0x00000246d93b09a0 6122       1       java.nio.file.FileSystems::getDefault (14 bytes)
Event: 15.673 Thread 0x00000246d93b09a0 nmethod 6122 0x00000246cb064d10 code [0x00000246cb064ea0, 0x00000246cb064fb8]
Event: 15.676 Thread 0x00000246d93453d0 6123       1       java.nio.file.Files::isReadable (15 bytes)
Event: 15.676 Thread 0x00000246d4a353a0 6124   !   1       java.nio.file.Files::isAccessible (14 bytes)
Event: 15.676 Thread 0x00000246d94e58f0 6126   !   1       sun.nio.fs.WindowsFileSystemProvider::checkReadAccess (70 bytes)
Event: 15.676 Thread 0x00000246d93b09a0 6125   !   1       sun.nio.fs.WindowsFileSystemProvider::checkAccess (298 bytes)
Event: 15.676 Thread 0x00000246d4a353a0 nmethod 6124 0x00000246cb065090 code [0x00000246cb065240, 0x00000246cb065398]
Event: 15.676 Thread 0x00000246d93453d0 nmethod 6123 0x00000246cb065510 code [0x00000246cb0656c0, 0x00000246cb065978]
Event: 15.676 Thread 0x00000246d94e58f0 nmethod 6126 0x00000246cb065b90 code [0x00000246cb065da0, 0x00000246cb066168]
Event: 15.677 Thread 0x00000246d93b09a0 nmethod 6125 0x00000246cb066490 code [0x00000246cb066720, 0x00000246cb066ed8]

GC Heap History (20 events):
Event: 11.741 GC heap after
{Heap after GC invocations=7 (full 0):
 garbage-first heap   total 65536K, used 21526K [0x0000000081e00000, 0x0000000100000000)
  region size 1024K, 2 young (2048K), 2 survivors (2048K)
 Metaspace       used 30085K, committed 30528K, reserved 1114112K
  class space    used 4099K, committed 4288K, reserved 1048576K
}
Event: 12.217 GC heap before
{Heap before GC invocations=7 (full 0):
 garbage-first heap   total 65536K, used 38934K [0x0000000081e00000, 0x0000000100000000)
  region size 1024K, 21 young (21504K), 2 survivors (2048K)
 Metaspace       used 35444K, committed 35968K, reserved 1114112K
  class space    used 4848K, committed 5120K, reserved 1048576K
}
Event: 12.227 GC heap after
{Heap after GC invocations=8 (full 0):
 garbage-first heap   total 65536K, used 22480K [0x0000000081e00000, 0x0000000100000000)
  region size 1024K, 3 young (3072K), 3 survivors (3072K)
 Metaspace       used 35444K, committed 35968K, reserved 1114112K
  class space    used 4848K, committed 5120K, reserved 1048576K
}
Event: 12.795 GC heap before
{Heap before GC invocations=9 (full 0):
 garbage-first heap   total 65536K, used 47056K [0x0000000081e00000, 0x0000000100000000)
  region size 1024K, 28 young (28672K), 3 survivors (3072K)
 Metaspace       used 41822K, committed 42368K, reserved 1114112K
  class space    used 5719K, committed 5952K, reserved 1048576K
}
Event: 12.803 GC heap after
{Heap after GC invocations=10 (full 0):
 garbage-first heap   total 78848K, used 25207K [0x0000000081e00000, 0x0000000100000000)
  region size 1024K, 4 young (4096K), 4 survivors (4096K)
 Metaspace       used 41822K, committed 42368K, reserved 1114112K
  class space    used 5719K, committed 5952K, reserved 1048576K
}
Event: 13.609 GC heap before
{Heap before GC invocations=10 (full 0):
 garbage-first heap   total 78848K, used 57975K [0x0000000081e00000, 0x0000000100000000)
  region size 1024K, 37 young (37888K), 4 survivors (4096K)
 Metaspace       used 50276K, committed 50816K, reserved 1114112K
  class space    used 7130K, committed 7360K, reserved 1048576K
}
Event: 13.619 GC heap after
{Heap after GC invocations=11 (full 0):
 garbage-first heap   total 78848K, used 26728K [0x0000000081e00000, 0x0000000100000000)
  region size 1024K, 4 young (4096K), 4 survivors (4096K)
 Metaspace       used 50276K, committed 50816K, reserved 1114112K
  class space    used 7130K, committed 7360K, reserved 1048576K
}
Event: 14.276 GC heap before
{Heap before GC invocations=11 (full 0):
 garbage-first heap   total 78848K, used 60520K [0x0000000081e00000, 0x0000000100000000)
  region size 1024K, 37 young (37888K), 4 survivors (4096K)
 Metaspace       used 54813K, committed 55424K, reserved 1114112K
  class space    used 7735K, committed 8064K, reserved 1048576K
}
Event: 14.284 GC heap after
{Heap after GC invocations=12 (full 0):
 garbage-first heap   total 78848K, used 28894K [0x0000000081e00000, 0x0000000100000000)
  region size 1024K, 4 young (4096K), 4 survivors (4096K)
 Metaspace       used 54813K, committed 55424K, reserved 1114112K
  class space    used 7735K, committed 8064K, reserved 1048576K
}
Event: 14.586 GC heap before
{Heap before GC invocations=12 (full 0):
 garbage-first heap   total 78848K, used 60638K [0x0000000081e00000, 0x0000000100000000)
  region size 1024K, 35 young (35840K), 4 survivors (4096K)
 Metaspace       used 57846K, committed 58432K, reserved 1114112K
  class space    used 8359K, committed 8640K, reserved 1048576K
}
Event: 14.596 GC heap after
{Heap after GC invocations=13 (full 0):
 garbage-first heap   total 78848K, used 31578K [0x0000000081e00000, 0x0000000100000000)
  region size 1024K, 5 young (5120K), 5 survivors (5120K)
 Metaspace       used 57846K, committed 58432K, reserved 1114112K
  class space    used 8359K, committed 8640K, reserved 1048576K
}
Event: 14.823 GC heap before
{Heap before GC invocations=13 (full 0):
 garbage-first heap   total 78848K, used 53082K [0x0000000081e00000, 0x0000000100000000)
  region size 1024K, 27 young (27648K), 5 survivors (5120K)
 Metaspace       used 59868K, committed 60416K, reserved 1114112K
  class space    used 8643K, committed 8896K, reserved 1048576K
}
Event: 14.827 GC heap after
{Heap after GC invocations=14 (full 0):
 garbage-first heap   total 95232K, used 32549K [0x0000000081e00000, 0x0000000100000000)
  region size 1024K, 4 young (4096K), 4 survivors (4096K)
 Metaspace       used 59868K, committed 60416K, reserved 1114112K
  class space    used 8643K, committed 8896K, reserved 1048576K
}
Event: 15.400 GC heap before
{Heap before GC invocations=15 (full 0):
 garbage-first heap   total 95232K, used 75557K [0x0000000081e00000, 0x0000000100000000)
  region size 1024K, 45 young (46080K), 4 survivors (4096K)
 Metaspace       used 62976K, committed 63680K, reserved 1114112K
  class space    used 9109K, committed 9408K, reserved 1048576K
}
Event: 15.409 GC heap after
{Heap after GC invocations=16 (full 0):
 garbage-first heap   total 95232K, used 38419K [0x0000000081e00000, 0x0000000100000000)
  region size 1024K, 6 young (6144K), 6 survivors (6144K)
 Metaspace       used 62976K, committed 63680K, reserved 1114112K
  class space    used 9109K, committed 9408K, reserved 1048576K
}
Event: 15.523 GC heap before
{Heap before GC invocations=16 (full 0):
 garbage-first heap   total 95232K, used 72211K [0x0000000081e00000, 0x0000000100000000)
  region size 1024K, 40 young (40960K), 6 survivors (6144K)
 Metaspace       used 62989K, committed 63680K, reserved 1114112K
  class space    used 9111K, committed 9408K, reserved 1048576K
}
Event: 15.531 GC heap after
{Heap after GC invocations=17 (full 0):
 garbage-first heap   total 95232K, used 43959K [0x0000000081e00000, 0x0000000100000000)
  region size 1024K, 5 young (5120K), 5 survivors (5120K)
 Metaspace       used 62989K, committed 63680K, reserved 1114112K
  class space    used 9111K, committed 9408K, reserved 1048576K
}
Event: 15.635 GC heap before
{Heap before GC invocations=17 (full 0):
 garbage-first heap   total 95232K, used 72631K [0x0000000081e00000, 0x0000000100000000)
  region size 1024K, 33 young (33792K), 5 survivors (5120K)
 Metaspace       used 63076K, committed 63744K, reserved 1114112K
  class space    used 9123K, committed 9408K, reserved 1048576K
}
Event: 15.644 GC heap after
{Heap after GC invocations=18 (full 0):
 garbage-first heap   total 95232K, used 53097K [0x0000000081e00000, 0x0000000100000000)
  region size 1024K, 5 young (5120K), 5 survivors (5120K)
 Metaspace       used 63076K, committed 63744K, reserved 1114112K
  class space    used 9123K, committed 9408K, reserved 1048576K
}
Event: 15.682 GC heap before
{Heap before GC invocations=18 (full 0):
 garbage-first heap   total 95232K, used 72553K [0x0000000081e00000, 0x0000000100000000)
  region size 1024K, 25 young (25600K), 5 survivors (5120K)
 Metaspace       used 63076K, committed 63744K, reserved 1114112K
  class space    used 9123K, committed 9408K, reserved 1048576K
}

Deoptimization events (16 events):
Event: 9.050 Thread 0x00000246c28339d0 DEOPT PACKING pc=0x00000246ca964e99 sp=0x000000f8020fd170
Event: 9.050 Thread 0x00000246c28339d0 DEOPT UNPACKING pc=0x00000246ca442b43 sp=0x000000f8020fc650 mode 3
Event: 10.638 Thread 0x00000246c28339d0 DEOPT PACKING pc=0x00000246cabb3719 sp=0x000000f8020fdb80
Event: 10.638 Thread 0x00000246c28339d0 DEOPT UNPACKING pc=0x00000246ca442b43 sp=0x000000f8020fd068 mode 3
Event: 12.114 Thread 0x00000246c28339d0 DEOPT PACKING pc=0x00000246cac7109d sp=0x000000f8020f6850
Event: 12.114 Thread 0x00000246c28339d0 DEOPT UNPACKING pc=0x00000246ca442b43 sp=0x000000f8020f5db8 mode 3
Event: 12.316 Thread 0x00000246c28339d0 DEOPT PACKING pc=0x00000246ca97c601 sp=0x000000f8020f9ba0
Event: 12.316 Thread 0x00000246c28339d0 DEOPT UNPACKING pc=0x00000246ca442b43 sp=0x000000f8020f9030 mode 3
Event: 12.316 Thread 0x00000246daa64060 DEOPT PACKING pc=0x00000246ca930217 sp=0x000000f8042ff310
Event: 12.316 Thread 0x00000246daa64060 DEOPT UNPACKING pc=0x00000246ca442b43 sp=0x000000f8042fe768 mode 3
Event: 14.061 Thread 0x00000246c28339d0 DEOPT PACKING pc=0x00000246ca9c4d24 sp=0x000000f8020fb090
Event: 14.061 Thread 0x00000246c28339d0 DEOPT UNPACKING pc=0x00000246ca442b43 sp=0x000000f8020fa5e8 mode 0
Event: 14.709 Thread 0x00000246c28339d0 DEOPT PACKING pc=0x00000246ca9df1a2 sp=0x000000f8020fc9d0
Event: 14.709 Thread 0x00000246c28339d0 DEOPT UNPACKING pc=0x00000246ca442b43 sp=0x000000f8020fbed8 mode 3
Event: 15.342 Thread 0x00000246c28339d0 DEOPT PACKING pc=0x00000246cafa88fb sp=0x000000f8020fab00
Event: 15.342 Thread 0x00000246c28339d0 DEOPT UNPACKING pc=0x00000246ca442b43 sp=0x000000f8020fa048 mode 3

Classes loaded (20 events):
Event: 15.212 Loading class java/lang/reflect/MalformedParametersException
Event: 15.212 Loading class java/lang/reflect/MalformedParametersException done
Event: 15.300 Loading class java/lang/LayerInstantiationException
Event: 15.301 Loading class java/lang/LayerInstantiationException done
Event: 15.301 Loading class jdk/internal/loader/Loader
Event: 15.301 Loading class jdk/internal/loader/Loader done
Event: 15.310 Loading class java/io/IOError
Event: 15.310 Loading class java/io/IOError done
Event: 15.325 Loading class java/util/AbstractMap$SimpleEntry
Event: 15.325 Loading class java/util/AbstractMap$SimpleEntry done
Event: 15.357 Loading class sun/nio/fs/WindowsLinkSupport
Event: 15.358 Loading class sun/nio/fs/WindowsLinkSupport done
Event: 15.376 Loading class java/nio/channels/spi/AbstractInterruptibleChannel$1
Event: 15.376 Loading class sun/nio/ch/Interruptible
Event: 15.377 Loading class sun/nio/ch/Interruptible done
Event: 15.377 Loading class java/nio/channels/spi/AbstractInterruptibleChannel$1 done
Event: 15.378 Loading class java/nio/ReadOnlyBufferException
Event: 15.379 Loading class java/nio/ReadOnlyBufferException done
Event: 15.381 Loading class java/util/zip/DataFormatException
Event: 15.382 Loading class java/util/zip/DataFormatException done

Classes unloaded (0 events):
No events

Classes redefined (0 events):
No events

Internal exceptions (20 events):
Event: 15.605 Thread 0x00000246d93e8fb0 Exception <a 'sun/nio/fs/WindowsException'{0x0000000086e8eca0}> (0x0000000086e8eca0) 
thrown [s\src\hotspot\share\prims\jni.cpp, line 516]
Event: 15.605 Thread 0x00000246d93e8fb0 Exception <a 'sun/nio/fs/WindowsException'{0x0000000086e8ef70}> (0x0000000086e8ef70) 
thrown [s\src\hotspot\share\prims\jni.cpp, line 516]
Event: 15.605 Thread 0x00000246d93e8fb0 Exception <a 'sun/nio/fs/WindowsException'{0x0000000086e8f8b8}> (0x0000000086e8f8b8) 
thrown [s\src\hotspot\share\prims\jni.cpp, line 516]
Event: 15.605 Thread 0x00000246d93e8fb0 Exception <a 'sun/nio/fs/WindowsException'{0x0000000086e8fbb8}> (0x0000000086e8fbb8) 
thrown [s\src\hotspot\share\prims\jni.cpp, line 516]
Event: 15.606 Thread 0x00000246d93e8fb0 Exception <a 'sun/nio/fs/WindowsException'{0x0000000086e904d8}> (0x0000000086e904d8) 
thrown [s\src\hotspot\share\prims\jni.cpp, line 516]
Event: 15.606 Thread 0x00000246d93e8fb0 Exception <a 'sun/nio/fs/WindowsException'{0x0000000086e907a8}> (0x0000000086e907a8) 
thrown [s\src\hotspot\share\prims\jni.cpp, line 516]
Event: 15.606 Thread 0x00000246d93e8fb0 Exception <a 'sun/nio/fs/WindowsException'{0x0000000086e910a0}> (0x0000000086e910a0) 
thrown [s\src\hotspot\share\prims\jni.cpp, line 516]
Event: 15.606 Thread 0x00000246d93e8fb0 Exception <a 'sun/nio/fs/WindowsException'{0x0000000086e91340}> (0x0000000086e91340) 
thrown [s\src\hotspot\share\prims\jni.cpp, line 516]
Event: 15.606 Thread 0x00000246d93e8fb0 Exception <a 'sun/nio/fs/WindowsException'{0x0000000086e91c48}> (0x0000000086e91c48) 
thrown [s\src\hotspot\share\prims\jni.cpp, line 516]
Event: 15.607 Thread 0x00000246d93e8fb0 Exception <a 'sun/nio/fs/WindowsException'{0x0000000086e91f08}> (0x0000000086e91f08) 
thrown [s\src\hotspot\share\prims\jni.cpp, line 516]
Event: 15.607 Thread 0x00000246d93e8fb0 Exception <a 'sun/nio/fs/WindowsException'{0x0000000086e92800}> (0x0000000086e92800) 
thrown [s\src\hotspot\share\prims\jni.cpp, line 516]
Event: 15.607 Thread 0x00000246d93e8fb0 Exception <a 'sun/nio/fs/WindowsException'{0x0000000086e92aa0}> (0x0000000086e92aa0) 
thrown [s\src\hotspot\share\prims\jni.cpp, line 516]
Event: 15.607 Thread 0x00000246d93e8fb0 Exception <a 'sun/nio/fs/WindowsException'{0x0000000086e933a8}> (0x0000000086e933a8) 
thrown [s\src\hotspot\share\prims\jni.cpp, line 516]
Event: 15.607 Thread 0x00000246d93e8fb0 Exception <a 'sun/nio/fs/WindowsException'{0x0000000086e93668}> (0x0000000086e93668) 
thrown [s\src\hotspot\share\prims\jni.cpp, line 516]
Event: 15.607 Thread 0x00000246d93e8fb0 Exception <a 'sun/nio/fs/WindowsException'{0x0000000086e93f88}> (0x0000000086e93f88) 
thrown [s\src\hotspot\share\prims\jni.cpp, line 516]
Event: 15.607 Thread 0x00000246d93e8fb0 Exception <a 'sun/nio/fs/WindowsException'{0x0000000086e94258}> (0x0000000086e94258) 
thrown [s\src\hotspot\share\prims\jni.cpp, line 516]
Event: 15.608 Thread 0x00000246d93e8fb0 Exception <a 'sun/nio/fs/WindowsException'{0x0000000086e94b90}> (0x0000000086e94b90) 
thrown [s\src\hotspot\share\prims\jni.cpp, line 516]
Event: 15.610 Thread 0x00000246d93e8fb0 Exception <a 'sun/nio/fs/WindowsException'{0x0000000086e94e80}> (0x0000000086e94e80) 
thrown [s\src\hotspot\share\prims\jni.cpp, line 516]
Event: 15.610 Thread 0x00000246d93e8fb0 Exception <a 'sun/nio/fs/WindowsException'{0x0000000086e957b0}> (0x0000000086e957b0) 
thrown [s\src\hotspot\share\prims\jni.cpp, line 516]
Event: 15.610 Thread 0x00000246d93e8fb0 Exception <a 'sun/nio/fs/WindowsException'{0x0000000086e95aa0}> (0x0000000086e95aa0) 
thrown [s\src\hotspot\share\prims\jni.cpp, line 516]

VM Operations (20 events):
Event: 14.866 Executing VM operation: G1Concurrent done
Event: 15.110 Executing VM operation: HandshakeAllThreads
Event: 15.110 Executing VM operation: HandshakeAllThreads done
Event: 15.131 Executing VM operation: HandshakeAllThreads
Event: 15.131 Executing VM operation: HandshakeAllThreads done
Event: 15.132 Executing VM operation: HandshakeAllThreads
Event: 15.132 Executing VM operation: HandshakeAllThreads done
Event: 15.132 Executing VM operation: HandshakeAllThreads
Event: 15.132 Executing VM operation: HandshakeAllThreads done
Event: 15.400 Executing VM operation: G1CollectForAllocation
Event: 15.411 Executing VM operation: G1CollectForAllocation done
Event: 15.523 Executing VM operation: G1CollectForAllocation
Event: 15.532 Executing VM operation: G1CollectForAllocation done
Event: 15.569 Executing VM operation: HandshakeAllThreads
Event: 15.569 Executing VM operation: HandshakeAllThreads done
Event: 15.634 Executing VM operation: G1CollectForAllocation
Event: 15.635 Executing VM operation: G1CollectForAllocation done
Event: 15.635 Executing VM operation: G1CollectForAllocation
Event: 15.644 Executing VM operation: G1CollectForAllocation done
Event: 15.681 Executing VM operation: G1CollectForAllocation

Events (20 events):
Event: 15.579 Thread 0x00000246d93e8fb0 Thread exited: 0x00000246d93e8fb0
Event: 15.579 Thread 0x00000246d93e8140 Thread exited: 0x00000246d93e8140
Event: 15.579 Thread 0x00000246d93e8610 Thread exited: 0x00000246d93e8610
Event: 15.579 Thread 0x00000246d93e8ae0 Thread exited: 0x00000246d93e8ae0
Event: 15.579 Thread 0x00000246d93e77a0 Thread exited: 0x00000246d93e77a0
Event: 15.579 Thread 0x00000246db628b70 Thread exited: 0x00000246db628b70
Event: 15.601 Thread 0x00000246d93e72d0 Thread added: 0x00000246d93e72d0
Event: 15.601 Thread 0x00000246d93e8fb0 Thread added: 0x00000246d93e8fb0
Event: 15.602 Thread 0x00000246d93e77a0 Thread added: 0x00000246d93e77a0
Event: 15.602 Thread 0x00000246d93e8140 Thread added: 0x00000246d93e8140
Event: 15.602 Thread 0x00000246d93e7c70 Thread added: 0x00000246d93e7c70
Event: 15.602 Thread 0x00000246d93e8610 Thread added: 0x00000246d93e8610
Event: 15.602 Thread 0x00000246d93e5f90 Thread added: 0x00000246d93e5f90
Event: 15.602 Thread 0x00000246d93e6930 Thread added: 0x00000246d93e6930
Event: 15.602 Thread 0x00000246d93e8ae0 Thread added: 0x00000246d93e8ae0
Event: 15.603 Thread 0x00000246d93e9480 Thread added: 0x00000246d93e9480
Event: 15.603 Thread 0x00000246d93e6460 Thread added: 0x00000246d93e6460
Event: 15.603 Thread 0x00000246db649830 Thread added: 0x00000246db649830
Event: 15.603 Thread 0x00000246db64d1f0 Thread added: 0x00000246db64d1f0
Event: 15.603 Thread 0x00000246db646ce0 Thread added: 0x00000246db646ce0


Dynamic libraries:
0x00007ff654be0000 - 0x00007ff654bed000 	C:\Users\ASUS\.jdks\corretto-18.0.2\bin\java.exe
0x00007ffa2b210000 - 0x00007ffa2b408000 	C:\Windows\SYSTEM32\ntdll.dll
0x00007ffa29c60000 - 0x00007ffa29d1f000 	C:\Windows\System32\KERNEL32.DLL
0x00007ffa28f70000 - 0x00007ffa29266000 	C:\Windows\System32\KERNELBASE.dll
0x00007ffa28e00000 - 0x00007ffa28f00000 	C:\Windows\System32\ucrtbase.dll
0x00007ffa217a0000 - 0x00007ffa217b5000 	C:\Users\ASUS\.jdks\corretto-18.0.2\bin\VCRUNTIME140.dll
0x00007ffa23680000 - 0x00007ffa23697000 	C:\Users\ASUS\.jdks\corretto-18.0.2\bin\jli.dll
0x00007ffa29650000 - 0x00007ffa297ed000 	C:\Windows\System32\USER32.dll
0x00007ffa12ec0000 - 0x00007ffa1315a000 	C:\Windows\WinSxS\amd64_microsoft.windows.common-controls_6595b64144ccf1df_6.0.19041.1110_none_60b5254171f9507e\COMCTL32.dll
0x00007ffa28aa0000 - 0x00007ffa28ac2000 	C:\Windows\System32\win32u.dll
0x00007ffa29b10000 - 0x00007ffa29bae000 	C:\Windows\System32\msvcrt.dll
0x00007ffa298a0000 - 0x00007ffa298cc000 	C:\Windows\System32\GDI32.dll
0x00007ffa28ad0000 - 0x00007ffa28be5000 	C:\Windows\System32\gdi32full.dll
0x00007ffa28cb0000 - 0x00007ffa28d4d000 	C:\Windows\System32\msvcp_win.dll
0x00007ffa2a410000 - 0x00007ffa2a440000 	C:\Windows\System32\IMM32.DLL
0x00007ffa11310000 - 0x00007ffa113ab000 	C:\Users\ASUS\.jdks\corretto-18.0.2\bin\msvcp140.dll
0x00007ff9e1590000 - 0x00007ff9e2201000 	C:\Users\ASUS\.jdks\corretto-18.0.2\bin\server\jvm.dll
0x00007ffa29bb0000 - 0x00007ffa29c5f000 	C:\Windows\System32\ADVAPI32.dll
0x00007ffa2a370000 - 0x00007ffa2a40c000 	C:\Windows\System32\sechost.dll
0x00007ffa292f0000 - 0x00007ffa29416000 	C:\Windows\System32\RPCRT4.dll
0x00007ffa2a4b0000 - 0x00007ffa2a4b8000 	C:\Windows\System32\PSAPI.DLL
0x00007ffa21fd0000 - 0x00007ffa21fd9000 	C:\Windows\SYSTEM32\WSOCK32.dll
0x00007ffa298d0000 - 0x00007ffa2993b000 	C:\Windows\System32\WS2_32.dll
0x00007ffa14bd0000 - 0x00007ffa14bf7000 	C:\Windows\SYSTEM32\WINMM.dll
0x00007ffa238a0000 - 0x00007ffa238aa000 	C:\Windows\SYSTEM32\VERSION.dll
0x00007ffa27120000 - 0x00007ffa27132000 	C:\Windows\SYSTEM32\kernel.appcore.dll
0x00007ffa23b00000 - 0x00007ffa23b0a000 	C:\Users\ASUS\.jdks\corretto-18.0.2\bin\jimage.dll
0x00007ffa26670000 - 0x00007ffa26854000 	C:\Windows\SYSTEM32\DBGHELP.DLL
0x00007ffa20ce0000 - 0x00007ffa20d14000 	C:\Windows\SYSTEM32\dbgcore.DLL
0x00007ffa28c20000 - 0x00007ffa28ca2000 	C:\Windows\System32\bcryptPrimitives.dll
0x00007ffa24370000 - 0x00007ffa2437e000 	C:\Users\ASUS\.jdks\corretto-18.0.2\bin\instrument.dll
0x00007ffa1b840000 - 0x00007ffa1b865000 	C:\Users\ASUS\.jdks\corretto-18.0.2\bin\java.dll
0x00007ffa04700000 - 0x00007ffa047d6000 	C:\Users\ASUS\.jdks\corretto-18.0.2\bin\jsvml.dll
0x00007ffa2a4c0000 - 0x00007ffa2ac04000 	C:\Windows\System32\SHELL32.dll
0x00007ffa26970000 - 0x00007ffa27103000 	C:\Windows\SYSTEM32\windows.storage.dll
0x00007ffa2ac10000 - 0x00007ffa2af64000 	C:\Windows\System32\combase.dll
0x00007ffa28260000 - 0x00007ffa2828e000 	C:\Windows\SYSTEM32\Wldp.dll
0x00007ffa297f0000 - 0x00007ffa2989d000 	C:\Windows\System32\SHCORE.dll
0x00007ffa2a450000 - 0x00007ffa2a4a5000 	C:\Windows\System32\shlwapi.dll
0x00007ffa28820000 - 0x00007ffa28845000 	C:\Windows\SYSTEM32\profapi.dll
0x00007ffa1cc90000 - 0x00007ffa1cca8000 	C:\Users\ASUS\.jdks\corretto-18.0.2\bin\zip.dll
0x00007ffa1f5c0000 - 0x00007ffa1f5d3000 	C:\Users\ASUS\.jdks\corretto-18.0.2\bin\net.dll
0x00007ffa22110000 - 0x00007ffa2221a000 	C:\Windows\SYSTEM32\WINHTTP.dll
0x00007ffa27fc0000 - 0x00007ffa2802a000 	C:\Windows\system32\mswsock.dll
0x00007ffa1f1f0000 - 0x00007ffa1f205000 	C:\Users\ASUS\.jdks\corretto-18.0.2\bin\nio.dll
0x00007ffa23480000 - 0x00007ffa2349a000 	C:\Program Files\JetBrains\IntelliJ IDEA 2022.3.3\bin\breakgen64.dll
0x00007ffa27cf0000 - 0x00007ffa27dba000 	C:\Windows\SYSTEM32\DNSAPI.dll
0x00007ffa27cb0000 - 0x00007ffa27ceb000 	C:\Windows\SYSTEM32\IPHLPAPI.DLL
0x00007ffa29b00000 - 0x00007ffa29b08000 	C:\Windows\System32\NSI.dll
0x00007ffa1e1a0000 - 0x00007ffa1e1aa000 	C:\Windows\System32\rasadhlp.dll
0x00007ffa1e1c0000 - 0x00007ffa1e242000 	C:\Windows\System32\fwpuclnt.dll
0x00007ffa28bf0000 - 0x00007ffa28c17000 	C:\Windows\System32\bcrypt.dll
0x00007ffa23720000 - 0x00007ffa23729000 	C:\Users\ASUS\.jdks\corretto-18.0.2\bin\management.dll
0x00007ffa23710000 - 0x00007ffa2371b000 	C:\Users\ASUS\.jdks\corretto-18.0.2\bin\management_ext.dll
0x00007ffa281b0000 - 0x00007ffa281c8000 	C:\Windows\SYSTEM32\CRYPTSP.dll
0x00007ffa278d0000 - 0x00007ffa27904000 	C:\Windows\system32\rsaenh.dll
0x00007ffa287e0000 - 0x00007ffa2880e000 	C:\Windows\SYSTEM32\USERENV.dll
0x00007ffa281d0000 - 0x00007ffa281dc000 	C:\Windows\SYSTEM32\CRYPTBASE.dll
0x00007ffa22480000 - 0x00007ffa22497000 	C:\Windows\SYSTEM32\dhcpcsvc6.DLL
0x00007ffa227b0000 - 0x00007ffa227cd000 	C:\Windows\SYSTEM32\dhcpcsvc.DLL
0x00007ff9ff160000 - 0x00007ff9ff177000 	C:\Windows\system32\napinsp.dll
0x00007ff9fc9c0000 - 0x00007ff9fc9db000 	C:\Windows\system32\pnrpnsp.dll
0x00007ff9fe860000 - 0x00007ff9fe875000 	C:\Windows\system32\wshbth.dll
0x00007ffa22cf0000 - 0x00007ffa22d0d000 	C:\Windows\system32\NLAapi.dll
0x00007ff9fc970000 - 0x00007ff9fc982000 	C:\Windows\System32\winrnr.dll
0x00007ffa23380000 - 0x00007ffa2338e000 	C:\Users\ASUS\.jdks\corretto-18.0.2\bin\sunmscapi.dll
0x00007ffa288f0000 - 0x00007ffa28a4e000 	C:\Windows\System32\CRYPT32.dll
0x00007ffa28330000 - 0x00007ffa28358000 	C:\Windows\SYSTEM32\ncrypt.dll
0x00007ffa282f0000 - 0x00007ffa2832b000 	C:\Windows\SYSTEM32\NTASN1.dll
0x00007ffa1f1a0000 - 0x00007ffa1f1b0000 	C:\Users\ASUS\.jdks\corretto-18.0.2\bin\verify.dll

dbghelp: loaded successfully - version: 4.0.5 - missing functions: none
symbol engine: initialized successfully - sym options: 0x614 - pdb path: .;C:\Users\ASUS\.jdks\corretto-18.0.2\bin;C:\Windows\SYSTEM32;C:\Windows\WinSxS\amd64_microsoft.windows.common-controls_6595b64144ccf1df_6.0.19041.1110_none_60b5254171f9507e;C:\Users\ASUS\.jdks\corretto-18.0.2\bin\server;C:\Program Files\JetBrains\IntelliJ IDEA 2022.3.3\bin

VM Arguments:
jvm_args: -XX:TieredStopAtLevel=1 -Dspring.output.ansi.enabled=always -Dcom.sun.management.jmxremote -Dspring.jmx.enabled=true -Dspring.liveBeansView.mbeanDomain -Dspring.application.admin.enabled=true -Dmanagement.endpoints.jmx.exposure.include=* -javaagent:C:\Program Files\JetBrains\IntelliJ IDEA 2022.3.3\lib\idea_rt.jar=64765:C:\Program Files\JetBrains\IntelliJ IDEA 2022.3.3\bin -Dfile.encoding=UTF-8 -Dsun.stdout.encoding=UTF-8 -Dsun.stderr.encoding=UTF-8 
java_command: com.esprit.socialNetwork.SocialNetworkApplication
java_class_path (initial): C:\Users\ASUS\Desktop\Stage\Social-Network\target\classes;C:\Users\ASUS\.m2\repository\org\springframework\boot\spring-boot-starter-data-jpa\3.1.1\spring-boot-starter-data-jpa-3.1.1.jar;C:\Users\ASUS\.m2\repository\org\springframework\boot\spring-boot-starter-aop\3.1.1\spring-boot-starter-aop-3.1.1.jar;C:\Users\ASUS\.m2\repository\org\aspectj\aspectjweaver\1.9.19\aspectjweaver-1.9.19.jar;C:\Users\ASUS\.m2\repository\org\springframework\boot\spring-boot-starter-jdbc\3.1.1\spring-boot-starter-jdbc-3.1.1.jar;C:\Users\ASUS\.m2\repository\com\zaxxer\HikariCP\5.0.1\HikariCP-5.0.1.jar;C:\Users\ASUS\.m2\repository\org\springframework\spring-jdbc\6.0.10\spring-jdbc-6.0.10.jar;C:\Users\ASUS\.m2\repository\org\hibernate\orm\hibernate-core\6.2.5.Final\hibernate-core-6.2.5.Final.jar;C:\Users\ASUS\.m2\repository\jakarta\persistence\jakarta.persistence-api\3.1.0\jakarta.persistence-api-3.1.0.jar;C:\Users\ASUS\.m2\repository\jakarta\transaction\jakarta.transaction-api\2.0.1\jakarta.transaction-api-2.0.1.jar;C:\Users\ASUS\.m2\repository\org\hibernate\common\hibernate-commons-annotations\6.0.6.Final\hibernate-commons-annotations-6.0.6.Final.jar;C:\Users\ASUS\.m2\repository\io\smallrye\jandex\3.0.5\jandex-3.0.5.jar;C:\Users\ASUS\.m2\repository\com\fasterxml\classmate\1.5.1\classmate-1.5.1.jar;C:\Users\ASUS\.m2\repository\net\bytebuddy\byte-buddy\1.14.5\byte-buddy-1.14.5.jar;C:\Users\ASUS\.m2\repository\org\glassfish\jaxb\jaxb-runtime\4.0.3\jaxb-runtime-4.0.3.jar;C:\Users\ASUS\.m2\repository\org\glassfish\jaxb\jaxb-core\4.0.3\jaxb-core-4.0.3.jar;C:\Users\ASUS\.m2\repository\org\eclipse\angus\angus-activation\2.0.1\angus-activation-2.0.1.jar;C:\Users\ASUS\.m2\repository\org\glassfish\jaxb\txw2\4.0.3\txw2-4.0.3.jar;C:\Users\ASUS\.m2\repository\com\sun\istack\istack-commons-runtime\4.1.2\istack-commons-runtime-4.1.2.jar;C:\Users\ASUS\.m2\repository\jakarta\inject\jakarta.inject-api\2.0.1\jakarta.inject-api-2.0.1.jar;C:\Users\ASUS\.m2\repository\org\antlr\antlr4-runtime\4.10.1\antlr4-runtime-4.10.1.jar;C:\Users\ASUS\.m2\repository\org\springframework\data\spring-data-jpa\3.1.1\spring-data-jpa-3.1.1.jar;C:\Users\ASUS\.m2\repository\org\springframework\data\spring-data-commons\3.1.1\spring-data-commons-3.1.1.jar;C:\Users\ASUS\.m2\repository\org\springframework\spring-orm\6.0.10\spring-orm-6.0.10.jar;C:\Users\ASUS\.m2\repository\org\springframework\spring-context\6.0.10\spring-context-6.0.10.jar;C:\Users\ASUS\.m2\repository\org\springframework\spring-tx\6.0.10\spring-tx-6.0.10.jar;C:\Users\ASUS\.m2\repository\org\springframework\spring-beans\6.0.10\spring-beans-6.0.10.jar;C:\Users\ASUS\.m2\repository\jakarta\annotation\jakarta.annotation-api\2.1.1\jakarta.annotation-api-2.1.1.jar;C:\Users\ASUS\.m2\repository\org\slf4j\slf4j-api\2.0.7\slf4j-api-2.0.7.jar;C:\Users\ASUS\.m2\repository\org\springframework\spring-aspects\6.0.10\spring-aspects-6.0.10.jar;C:\Users\ASUS\.m2\repository\org\springframework\boot\spring-boot-starter-security\3.1.1\spring-boot-starter-security-3.1.1.jar;C:\Users\ASUS\.m2\repository\org\springframework\boot\spring-boot-starter\3.1.1\spring-boot-starter-3.1.1.jar;C:\Users\ASUS\.m2\repository\org\springframework\boot\spring-boot-starter-logging\3.1.1\spring-boot-starter-logging-3.1.1.jar;C:\Users\ASUS\.m2\repository\ch\qos\logback\logback-classic\1.4.8\logback-classic-1.4.8.jar;C:\Users\ASUS\.m2\repository\ch\qos\logback\logback-core\1.4.8\logback-core-1.4.8.jar;C:\Users\ASUS\.m2\repository\org\apache\logging\log4j\log4j-to-slf4j\2.20.0\log4j-to-slf4j-2.20.0.jar;C:\Users\ASUS\.m2\repository\org\apache\logging\log4j\log4j-api\2.20.0\log4j-api-2.20.0.jar;C:\Users\ASUS\.m2\repository\org\slf4j\jul-to-slf4j\2.0.7\jul-to-slf4j-2.0.7.jar;C:\Users\ASUS\.m2\repository\org\yaml\snakeyaml\1.33\snakeyaml-1.33.jar;C:\Users\ASUS\.m2\repository\org\springframework\spring-aop\6.0.10\spring-aop-6.0.10.jar;C:\Users\ASUS\.m2\repository\org\springframework\security\spring-security-config\6.1.1\spring-security-config-6.1.1.jar;C:\Users\ASUS\.m2\repository\org\springframework\security\spring-security-web\6.1.1\spring-security-web-6.1.1.jar;C:\Users\ASUS\.m2\repository\org\springframework\spring-expression\6.0.10\spring-expression-6.0.10.jar;C:\Users\ASUS\.m2\repository\org\springframework\boot\spring-boot-starter-web\3.1.1\spring-boot-starter-web-3.1.1.jar;C:\Users\ASUS\.m2\repository\org\springframework\boot\spring-boot-starter-json\3.1.1\spring-boot-starter-json-3.1.1.jar;C:\Users\ASUS\.m2\repository\com\fasterxml\jackson\datatype\jackson-datatype-jdk8\2.15.2\jackson-datatype-jdk8-2.15.2.jar;C:\Users\ASUS\.m2\repository\com\fasterxml\jackson\datatype\jackson-datatype-jsr310\2.15.2\jackson-datatype-jsr310-2.15.2.jar;C:\Users\ASUS\.m2\repository\com\fasterxml\jackson\module\jackson-module-parameter-names\2.15.2\jackson-module-parameter-names-2.15.2.jar;C:\Users\ASUS\.m2\repository\org\springframework\boot\spring-boot-starter-tomcat\3.1.1\spring-boot-starter-tomcat-3.1.1.jar;C:\Users\ASUS\.m2\repository\org\apache\tomcat\embed\tomcat-embed-core\10.1.10\tomcat-embed-core-10.1.10.jar;C:\Users\ASUS\.m2\repository\org\apache\tomcat\embed\tomcat-embed-el\10.1.10\tomcat-embed-el-10.1.10.jar;C:\Users\ASUS\.m2\repository\org\apache\tomcat\embed\tomcat-embed-websocket\10.1.10\tomcat-embed-websocket-10.1.10.jar;C:\Users\ASUS\.m2\repository\org\springframework\spring-web\6.0.10\spring-web-6.0.10.jar;C:\Users\ASUS\.m2\repository\io\micrometer\micrometer-observation\1.11.1\micrometer-observation-1.11.1.jar;C:\Users\ASUS\.m2\repository\io\micrometer\micrometer-commons\1.11.1\micrometer-commons-1.11.1.jar;C:\Users\ASUS\.m2\repository\org\springframework\spring-webmvc\6.0.10\spring-webmvc-6.0.10.jar;C:\Users\ASUS\.m2\repository\com\mysql\mysql-connector-j\8.0.33\mysql-connector-j-8.0.33.jar;C:\Users\ASUS\.m2\repository\org\projectlombok\lombok\1.18.28\lombok-1.18.28.jar;C:\Users\ASUS\.m2\repository\jakarta\xml\bind\jakarta.xml.bind-api\4.0.0\jakarta.xml.bind-api-4.0.0.jar;C:\Users\ASUS\.m2\repository\jakarta\activation\jakarta.activation-api\2.1.2\jakarta.activation-api-2.1.2.jar;C:\Users\ASUS\.m2\repository\org\springframework\spring-core\6.0.10\spring-core-6.0.10.jar;C:\Users\ASUS\.m2\repository\org\springframework\spring-jcl\6.0.10\spring-jcl-6.0.10.jar;C:\Users\ASUS\.m2\repository\org\springframework\security\spring-security-core\6.1.1\spring-security-core-6.1.1.jar;C:\Users\ASUS\.m2\repository\org\springframework\security\spring-security-crypto\6.1.1\spring-security-crypto-6.1.1.jar;C:\Users\ASUS\.m2\repository\org\hibernate\hibernate-c3p0\4.3.6.Final\hibernate-c3p0-4.3.6.Final.jar;C:\Users\ASUS\.m2\repository\org\jboss\logging\jboss-logging\3.5.1.Final\jboss-logging-3.5.1.Final.jar;C:\Users\ASUS\.m2\repository\org\jboss\logging\jboss-logging-annotations\1.2.0.Beta1\jboss-logging-annotations-1.2.0.Beta1.jar;C:\Users\ASUS\.m2\repository\org\hibernate\hibernate-core\4.3.6.Final\hibernate-core-4.3.6.Final.jar;C:\Users\ASUS\.m2\repository\org\jboss\spec\javax\transaction\jboss-transaction-api_1.2_spec\1.0.0.Final\jboss-transaction-api_1.2_spec-1.0.0.Final.jar;C:\Users\ASUS\.m2\repository\dom4j\dom4j\1.6.1\dom4j-1.6.1.jar;C:\Users\ASUS\.m2\repository\xml-apis\xml-apis\1.0.b2\xml-apis-1.0.b2.jar;C:\Users\ASUS\.m2\repository\org\hibernate\javax\persistence\hibernate-jpa-2.1-api\1.0.0.Final\hibernate-jpa-2.1-api-1.0.0.Final.jar;C:\Users\ASUS\.m2\repository\org\javassist\javassist\3.18.1-GA\javassist-3.18.1-GA.jar;C:\Users\ASUS\.m2\repository\antlr\antlr\2.7.7\antlr-2.7.7.jar;C:\Users\ASUS\.m2\repository\org\jboss\jandex\1.1.0.Final\jandex-1.1.0.Final.jar;C:\Users\ASUS\.m2\repository\com\mchange\c3p0\0.9.2.1\c3p0-0.9.2.1.jar;C:\Users\ASUS\.m2\repository\com\mchange\mchange-commons-java\0.2.3.4\mchange-commons-java-0.2.3.4.jar;C:\Users\ASUS\.m2\repository\io\jsonwebtoken\jjwt-api\0.11.5\jjwt-api-0.11.5.jar;C:\Users\ASUS\.m2\repository\io\jsonwebtoken\jjwt-impl\0.11.5\jjwt-impl-0.11.5.jar;C:\Users\ASUS\.m2\repository\io\jsonwebtoken\jjwt-jackson\0.11.5\jjwt-jackson-0.11.5.jar;C:\Users\ASUS\.m2\repository\com\fasterxml\jackson\core\jackson-databind\2.15.2\jackson-databind-2.15.2.jar;C:\Users\ASUS\.m2\repository\com\fasterxml\jackson\core\jackson-core\2.15.2\jackson-core-2.15.2.jar;C:\Users\ASUS\.m2\repository\org\springdoc\springdoc-openapi-ui\1.6.9\springdoc-openapi-ui-1.6.9.jar;C:\Users\ASUS\.m2\repository\org\springdoc\springdoc-openapi-webmvc-core\1.6.9\springdoc-openapi-webmvc-core-1.6.9.jar;C:\Users\ASUS\.m2\repository\org\springdoc\springdoc-openapi-common\1.6.9\springdoc-openapi-common-1.6.9.jar;C:\Users\ASUS\.m2\repository\io\swagger\core\v3\swagger-core\2.2.0\swagger-core-2.2.0.jar;C:\Users\ASUS\.m2\repository\org\apache\commons\commons-lang3\3.12.0\commons-lang3-3.12.0.jar;C:\Users\ASUS\.m2\repository\com\fasterxml\jackson\dataformat\jackson-dataformat-yaml\2.15.2\jackson-dataformat-yaml-2.15.2.jar;C:\Users\ASUS\.m2\repository\io\swagger\core\v3\swagger-annotations\2.2.0\swagger-annotations-2.2.0.jar;C:\Users\ASUS\.m2\repository\io\swagger\core\v3\swagger-models\2.2.0\swagger-models-2.2.0.jar;C:\Users\ASUS\.m2\repository\jakarta\validation\jakarta.validation-api\3.0.2\jakarta.validation-api-3.0.2.jar;C:\Users\ASUS\.m2\repository\org\webjars\swagger-ui\4.11.1\swagger-ui-4.11.1.jar;C:\Users\ASUS\.m2\repository\org\webjars\webjars-locator-core\0.52\webjars-locator-core-0.52.jar;C:\Users\ASUS\.m2\repository\io\github\classgraph\classgraph\4.8.147\classgraph-4.8.147.jar;C:\Users\ASUS\.m2\repository\org\springframework\security\oauth\boot\spring-security-oauth2-autoconfigure\2.0.6.RELEASE\spring-security-oauth2-autoconfigure-2.0.6.RELEASE.jar;C:\Users\ASUS\.m2\repository\com\fasterxml\jackson\core\jackson-annotations\2.15.2\jackson-annotations-2.15.2.jar;C:\Users\ASUS\.m2\repository\org\springframework\boot\spring-boot\3.1.1\spring-boot-3.1.1.jar;C:\Users\ASUS\.m2\repository\org\springframework\boot\spring-boot-autoconfigure\3.1.1\spring-boot-autoconfigure-3.1.1.jar;C:\Users\ASUS\.m2\repository\org\springframework\security\oauth\spring-security-oauth2\2.2.3.RELEASE\spring-security-oauth2-2.2.3.RELEASE.jar;C:\Users\ASUS\.m2\repository\commons-codec\commons-codec\1.15\commons-codec-1.15.jar;C:\Users\ASUS\.m2\repository\org\codehaus\jackson\jackson-mapper-asl\1.9.13\jackson-mapper-asl-1.9.13.jar;C:\Users\ASUS\.m2\repository\org\codehaus\jackson\jackson-core-asl\1.9.13\jackson-core-asl-1.9.13.jar;C:\Users\ASUS\.m2\repository\org\springframework\security\spring-security-jwt\1.0.9.RELEASE\spring-security-jwt-1.0.9.RELEASE.jar;C:\Users\ASUS\.m2\repository\org\bouncycastle\bcpkix-jdk15on\1.56\bcpkix-jdk15on-1.56.jar;C:\Users\ASUS\.m2\repository\org\bouncycastle\bcprov-jdk15on\1.56\bcprov-jdk15on-1.56.jar;C:\Users\ASUS\.m2\repository\com\auth0\java-jwt\4.0.0\java-jwt-4.0.0.jar;C:\Users\ASUS\.m2\repository\com\google\api-client\google-api-client\1.32.1\google-api-client-1.32.1.jar;C:\Users\ASUS\.m2\repository\com\google\oauth-client\google-oauth-client\1.31.5\google-oauth-client-1.31.5.jar;C:\Users\ASUS\.m2\repository\com\google\http-client\google-http-client-gson\1.39.2\google-http-client-gson-1.39.2.jar;C:\Users\ASUS\.m2\repository\com\google\code\gson\gson\2.10.1\gson-2.10.1.jar;C:\Users\ASUS\.m2\repository\com\google\guava\guava\30.1.1-android\guava-30.1.1-android.jar;C:\Users\ASUS\.m2\repository\com\google\guava\failureaccess\1.0.1\failureaccess-1.0.1.jar;C:\Users\ASUS\.m2\repository\com\google\guava\listenablefuture\9999.0-empty-to-avoid-conflict-with-guava\listenablefuture-9999.0-empty-to-avoid-conflict-with-guava.jar;C:\Users\ASUS\.m2\repository\com\google\code\findbugs\jsr305\3.0.2\jsr305-3.0.2.jar;C:\Users\ASUS\.m2\repository\org\checkerframework\checker-compat-qual\2.5.5\checker-compat-qual-2.5.5.jar;C:\Users\ASUS\.m2\repository\com\google\errorprone\error_prone_annotations\2.5.1\error_prone_annotations-2.5.1.jar;C:\Users\ASUS\.m2\repository\com\google\j2objc\j2objc-annotations\1.3\j2objc-annotations-1.3.jar;C:\Users\ASUS\.m2\repository\com\google\http-client\google-http-client-apache-v2\1.39.2\google-http-client-apache-v2-1.39.2.jar;C:\Users\ASUS\.m2\repository\org\apache\httpcomponents\httpcore\4.4.16\httpcore-4.4.16.jar;C:\Users\ASUS\.m2\repository\org\apache\httpcomponents\httpclient\4.5.13\httpclient-4.5.13.jar;C:\Users\ASUS\.m2\repository\commons-logging\commons-logging\1.2\commons-logging-1.2.jar;C:\Users\ASUS\.m2\repository\com\google\http-client\google-http-client\1.39.2\google-http-client-1.39.2.jar;C:\Users\ASUS\.m2\repository\io\opencensus\opencensus-api\0.28.0\opencensus-api-0.28.0.jar;C:\Users\ASUS\.m2\repository\io\grpc\grpc-context\1.27.2\grpc-context-1.27.2.jar;C:\Users\ASUS\.m2\repository\io\opencensus\opencensus-contrib-http-util\0.28.0\opencensus-contrib-http-util-0.28.0.jar;C:\Users\ASUS\.m2\repository\com\google\oauth-client\google-oauth-client-jetty\1.32.1\google-oauth-client-jetty-1.32.1.jar;C:\Users\ASUS\.m2\repository\com\google\oauth-client\google-oauth-client-java6\1.32.1\google-oauth-client-java6-1.32.1.jar;C:\Users\ASUS\.m2\repository\org\modelmapper\modelmapper\2.3.5\modelmapper-2.3.5.jar
Launcher Type: SUN_STANDARD

[Global flags]
     intx CICompilerCount                          = 4                                         {product} {ergonomic}
     uint ConcGCThreads                            = 2                                         {product} {ergonomic}
     uint G1ConcRefinementThreads                  = 8                                         {product} {ergonomic}
   size_t G1HeapRegionSize                         = 1048576                                   {product} {ergonomic}
    uintx GCDrainStackTargetSize                   = 64                                        {product} {ergonomic}
   size_t InitialHeapSize                          = 134217728                                 {product} {ergonomic}
     bool ManagementServer                         = true                                      {product} {command line}
   size_t MarkStackSize                            = 4194304                                   {product} {ergonomic}
   size_t MaxHeapSize                              = 2116026368                                {product} {ergonomic}
   size_t MaxNewSize                               = 1268776960                                {product} {ergonomic}
   size_t MinHeapDeltaBytes                        = 1048576                                   {product} {ergonomic}
   size_t MinHeapSize                              = 8388608                                   {product} {ergonomic}
    uintx NonProfiledCodeHeapSize                  = 0                                      {pd product} {ergonomic}
     bool ProfileInterpreter                       = false                                  {pd product} {command line}
    uintx ProfiledCodeHeapSize                     = 0                                      {pd product} {ergonomic}
   size_t SoftMaxHeapSize                          = 2116026368                             {manageable} {ergonomic}
     intx TieredStopAtLevel                        = 1                                         {product} {command line}
     bool UseCompressedClassPointers               = true                           {product lp64_product} {ergonomic}
     bool UseCompressedOops                        = true                           {product lp64_product} {ergonomic}
     bool UseG1GC                                  = true                                      {product} {ergonomic}
     bool UseLargePagesIndividualAllocation        = false                                  {pd product} {ergonomic}

Logging:
Log output configuration:
 #0: stdout all=warning uptime,level,tags foldmultilines=false
 #1: stderr all=off uptime,level,tags foldmultilines=false

Environment Variables:
PATH=C:\Program Files (x86)\Common Files\Oracle\Java\javapath;C:\Windows\system32;C:\Windows;C:\Windows\System32\Wbem;C:\Windows\System32\WindowsPowerShell\v1.0\;C:\Windows\System32\OpenSSH\;C:\Program Files (x86)\NVIDIA Corporation\PhysX\Common;C:\Program Files\NVIDIA Corporation\NVIDIA NvDLISR;C:\Program Files\nodejs\;C:\Program Files\Git\cmd;C:\Program Files (x86)\Microsoft SQL Server\110\DTS\Binn\;C:\Program Files (x86)\Microsoft SQL Server\110\Tools\Binn\;C:\Program Files (x86)\Microsoft SQL Server\110\Tools\Binn\ManagementStudio\;C:\Program Files (x86)\Microsoft Visual Studio 10.0\Common7\IDE\PrivateAssemblies\;C:\Users\ASUS\AppData\Local\Programs\Python\Python311\Scripts\;C:\Users\ASUS\AppData\Local\Programs\Python\Python311\;C:\Users\ASUS\AppData\Local\Microsoft\WindowsApps;;C:\Program Files\JetBrains\IntelliJ IDEA 2022.3.3\bin;;C:\Users\ASUS\AppData\Local\Programs\Microsoft VS Code\bin;C:\Users\ASUS\AppData\Roaming\npm
USERNAME=ASUS
OS=Windows_NT
PROCESSOR_IDENTIFIER=Intel64 Family 6 Model 142 Stepping 10, GenuineIntel



---------------  S Y S T E M  ---------------

OS:
 Windows 10 , 64 bit Build 19041 (10.0.19041.3155)
OS uptime: 16 days 13:24 hours

CPU: total 8 (initial active 8) (4 cores per cpu, 2 threads per core) family 6 model 142 stepping 10 microcode 0xb4, cx8, cmov, fxsr, ht, mmx, 3dnowpref, sse, sse2, sse3, ssse3, sse4.1, sse4.2, popcnt, lzcnt, tsc, tscinvbit, avx, avx2, aes, erms, clmul, bmi1, bmi2, adx, fma, vzeroupper, clflush, clflushopt

Memory: 4k page, system-wide physical 8070M (423M free)
TotalPageFile size 15070M (AvailPageFile size 8M)
current process WorkingSet (physical memory assigned to process): 243M, peak: 243M
current process commit charge ("private bytes"): 323M, peak: 328M

vm_info: OpenJDK 64-Bit Server VM (18.0.2+9-FR) for windows-amd64 JRE (18.0.2+9-FR), built on Jul 15 2022 20:03:03 by "Administrator" with MS VC++ 15.9 (VS2017)

END.
