#
# There is insufficient memory for the Java Runtime Environment to continue.
# Native memory allocation (mmap) failed to map 22020096 bytes for G1 virtual space
# Possible reasons:
#   The system is out of physical RAM or swap space
#   The process is running with CompressedOops enabled, and the Java Heap may be blocking the growth of the native heap
# Possible solutions:
#   Reduce memory load on the system
#   Increase physical memory or swap space
#   Check if swap backing store is full
#   Decrease Java heap size (-Xmx/-Xms)
#   Decrease number of Java threads
#   Decrease Java thread stack sizes (-Xss)
#   Set larger code cache with -XX:ReservedCodeCacheSize=
#   JVM is running with Unscaled Compressed Oops mode in which the Java heap is
#     placed in the first 4GB address space. The Java Heap base address is the
#     maximum limit for the native heap growth. Please use -XX:HeapBaseMinAddress
#     to set the Java Heap base and to place the Java Heap above 4GB virtual address.
# This output file may be truncated or incomplete.
#
#  Out of Memory Error (os_windows.cpp:3530), pid=16744, tid=6584
#
# JRE version: OpenJDK Runtime Environment Corretto-18.0.2.9.1 (18.0.2+9) (build 18.0.2+9-FR)
# Java VM: OpenJDK 64-Bit Server VM Corretto-18.0.2.9.1 (18.0.2+9-FR, mixed mode, emulated-client, sharing, tiered, compressed oops, compressed class ptrs, g1 gc, windows-amd64)
# No core dump will be written. Minidumps are not enabled by default on client versions of Windows
#

---------------  S U M M A R Y ------------

Command Line: -XX:TieredStopAtLevel=1 -Dspring.output.ansi.enabled=always -Dcom.sun.management.jmxremote -Dspring.jmx.enabled=true -Dspring.liveBeansView.mbeanDomain -Dspring.application.admin.enabled=true -Dmanagement.endpoints.jmx.exposure.include=* -javaagent:C:\Program Files\JetBrains\IntelliJ IDEA 2022.3.3\lib\idea_rt.jar=65277:C:\Program Files\JetBrains\IntelliJ IDEA 2022.3.3\bin -Dfile.encoding=UTF-8 -Dsun.stdout.encoding=UTF-8 -Dsun.stderr.encoding=UTF-8 com.esprit.socialnetwork.SocialNetworkApplication

Host: Intel(R) Core(TM) i7-8550U CPU @ 1.80GHz, 8 cores, 7G,  Windows 10 , 64 bit Build 19041 (10.0.19041.3155)
Time: Sat Aug 26 07:54:36 2023 Paris, Madrid (heure duild 19041 (10.0.19041.3155) elapsed time: 9.580625 seconds (0d 0h 0m 9s)

---------------  T H R E A D  ---------------

Current thread (0x00000247d048f710):  VMThread "VM Thread" [stack: 0x000000a66a500000,0x000000a66a600000] [id=6584]

Stack: [0x000000a66a500000,0x000000a66a600000]
Native frames: (J=compiled Java code, j=interpreted, Vv=VM code, C=native code)
V  [jvm.dll+0x685a2a]
V  [jvm.dll+0x82ae8d]
V  [jvm.dll+0x82c75e]
V  [jvm.dll+0x82ce03]
V  [jvm.dll+0x25ef4b]
V  [jvm.dll+0x6828ca]
V  [jvm.dll+0x67745a]
V  [jvm.dll+0x3243f9]
V  [jvm.dll+0x32ba86]
V  [jvm.dll+0x37e00a]
V  [jvm.dll+0x37e24f]
V  [jvm.dll+0x2fb50a]
V  [jvm.dll+0x2fb5b7]
V  [jvm.dll+0x33f162]
V  [jvm.dll+0x33d8f0]
V  [jvm.dll+0x2fad70]
V  [jvm.dll+0x33cecb]
V  [jvm.dll+0x831b3b]
V  [jvm.dll+0x8328c8]
V  [jvm.dll+0x832e15]
V  [jvm.dll+0x833254]
V  [jvm.dll+0x833315]
V  [jvm.dll+0x7d9cba]
V  [jvm.dll+0x6848a5]
C  [ucrtbase.dll+0x21bb2]
C  [KERNEL32.DLL+0x17614]
C  [ntdll.dll+0x526b1]

VM_Operation (0x000000a66c8fd510): G1CollectForAllocation, mode: safepoint, requested by thread 0x00000247e93f0210


---------------  P R O C E S S  ---------------

Threads class SMR info:
_java_thread_list=0x00000247e9125d40, length=38, elements={
0x00000247d0410c30, 0x00000247e268f7f0, 0x00000247e2690850, 0x00000247e26a70c0,
0x00000247e26a7580, 0x00000247e26a81e0, 0x00000247e26ade10, 0x00000247e26b1370,
0x00000247e26b3160, 0x00000247e6a3b210, 0x00000247e273e430, 0x00000247e6a47ed0,
0x00000247e6a4a3e0, 0x00000247e6a3b6e0, 0x00000247e6a3c080, 0x00000247e6a39ed0,
0x00000247e6a3ad40, 0x00000247e6a3c550, 0x00000247e6a3ca20, 0x00000247e6a3a870,
0x00000247e6a3bbb0, 0x00000247e6a3cef0, 0x00000247e6a3d3c0, 0x00000247e6a3d890,
0x00000247e93f0210, 0x00000247e93f0bb0, 0x00000247e93f5d80, 0x00000247e93efd40,
0x00000247e93f53e0, 0x00000247e93ef3a0, 0x00000247e93f6250, 0x00000247e93f3230,
0x00000247e93f3700, 0x00000247e93f4a40, 0x00000247e93f06e0, 0x00000247e93ef870,
0x00000247e93f4f10, 0x00000247e93f1ef0
}

Java Threads: ( => current thread )
  0x00000247d0410c30 JavaThread "main" [_thread_blocked, id=13960, stack(0x000000a669f00000,0x000000a66a000000)]
  0x00000247e268f7f0 JavaThread "Reference Handler" daemon [_thread_blocked, id=20260, stack(0x000000a66a600000,0x000000a66a700000)]
  0x00000247e2690850 JavaThread "Finalizer" daemon [_thread_blocked, id=11096, stack(0x000000a66a700000,0x000000a66a800000)]
  0x00000247e26a70c0 JavaThread "Signal Dispatcher" daemon [_thread_blocked, id=2036, stack(0x000000a66a800000,0x000000a66a900000)]
  0x00000247e26a7580 JavaThread "Attach Listener" daemon [_thread_blocked, id=19392, stack(0x000000a66a900000,0x000000a66aa00000)]
  0x00000247e26a81e0 JavaThread "Service Thread" daemon [_thread_blocked, id=16612, stack(0x000000a66aa00000,0x000000a66ab00000)]
  0x00000247e26ade10 JavaThread "Monitor Deflation Thread" daemon [_thread_blocked, id=14760, stack(0x000000a66ab00000,0x000000a66ac00000)]
  0x00000247e26b1370 JavaThread "C1 CompilerThread0" daemon [_thread_blocked, id=15348, stack(0x000000a66ac00000,0x000000a66ad00000)]
  0x00000247e26b3160 JavaThread "Sweeper thread" daemon [_thread_blocked, id=7688, stack(0x000000a66ad00000,0x000000a66ae00000)]
  0x00000247e6a3b210 JavaThread "Common-Cleaner" daemon [_thread_blocked, id=10140, stack(0x000000a66ae00000,0x000000a66af00000)]
  0x00000247e273e430 JavaThread "C1 CompilerThread1" daemon [_thread_blocked, id=4512, stack(0x000000a66af00000,0x000000a66b000000)]
  0x00000247e6a47ed0 JavaThread "C1 CompilerThread2" daemon [_thread_blocked, id=13612, stack(0x000000a66b000000,0x000000a66b100000)]
  0x00000247e6a4a3e0 JavaThread "C1 CompilerThread3" daemon [_thread_blocked, id=7700, stack(0x000000a66b100000,0x000000a66b200000)]
  0x00000247e6a3b6e0 JavaThread "Monitor Ctrl-Break" daemon [_thread_in_native, id=3400, stack(0x000000a66b200000,0x000000a66b300000)]
  0x00000247e6a3c080 JavaThread "Notification Thread" daemon [_thread_blocked, id=13912, stack(0x000000a66b300000,0x000000a66b400000)]
  0x00000247e6a39ed0 JavaThread "RMI TCP Accept-0" daemon [_thread_in_native, id=17452, stack(0x000000a66b400000,0x000000a66b500000)]
  0x00000247e6a3ad40 JavaThread "RMI TCP Connection(1)-192.168.1.199" daemon [_thread_in_native, id=20116, stack(0x000000a66bf00000,0x000000a66c000000)]
  0x00000247e6a3c550 JavaThread "RMI Scheduler(0)" daemon [_thread_blocked, id=5156, stack(0x000000a66c000000,0x000000a66c100000)]
  0x00000247e6a3ca20 JavaThread "mysql-cj-abandoned-connection-cleanup" daemon [_thread_blocked, id=12344, stack(0x000000a66c100000,0x000000a66c200000)]
  0x00000247e6a3a870 JavaThread "HikariPool-1 housekeeper" daemon [_thread_blocked, id=7672, stack(0x000000a66c400000,0x000000a66c500000)]
  0x00000247e6a3bbb0 JavaThread "HikariPool-1 connection adder" daemon [_thread_blocked, id=16840, stack(0x000000a66c300000,0x000000a66c400000)]
  0x00000247e6a3cef0 JavaThread "Catalina-utility-1" [_thread_blocked, id=13524, stack(0x000000a66c500000,0x000000a66c600000)]
  0x00000247e6a3d3c0 JavaThread "Catalina-utility-2" [_thread_blocked, id=7428, stack(0x000000a66c600000,0x000000a66c700000)]
  0x00000247e6a3d890 JavaThread "container-0" [_thread_blocked, id=7036, stack(0x000000a66c700000,0x000000a66c800000)]
  0x00000247e93f0210 JavaThread "ClassGraph-worker-28" daemon [_thread_blocked, id=17524, stack(0x000000a66c800000,0x000000a66c900000)]
  0x00000247e93f0bb0 JavaThread "ClassGraph-worker-29" daemon [_thread_blocked, id=14816, stack(0x000000a66c900000,0x000000a66ca00000)]
  0x00000247e93f5d80 JavaThread "ClassGraph-worker-30" daemon [_thread_blocked, id=2608, stack(0x000000a66ca00000,0x000000a66cb00000)]
  0x00000247e93efd40 JavaThread "ClassGraph-worker-31" daemon [_thread_blocked, id=2976, stack(0x000000a66cb00000,0x000000a66cc00000)]
  0x00000247e93f53e0 JavaThread "ClassGraph-worker-32" daemon [_thread_blocked, id=10988, stack(0x000000a66cc00000,0x000000a66cd00000)]
  0x00000247e93ef3a0 JavaThread "ClassGraph-worker-33" daemon [_thread_blocked, id=5172, stack(0x000000a66cd00000,0x000000a66ce00000)]
  0x00000247e93f6250 JavaThread "ClassGraph-worker-34" daemon [_thread_blocked, id=15844, stack(0x000000a66ce00000,0x000000a66cf00000)]
  0x00000247e93f3230 JavaThread "ClassGraph-worker-35" daemon [_thread_blocked, id=2096, stack(0x000000a66cf00000,0x000000a66d000000)]
  0x00000247e93f3700 JavaThread "ClassGraph-worker-36" daemon [_thread_blocked, id=6840, stack(0x000000a66d000000,0x000000a66d100000)]
  0x00000247e93f4a40 JavaThread "ClassGraph-worker-37" daemon [_thread_blocked, id=12640, stack(0x000000a66d100000,0x000000a66d200000)]
  0x00000247e93f06e0 JavaThread "ClassGraph-worker-38" daemon [_thread_blocked, id=6072, stack(0x000000a66d200000,0x000000a66d300000)]
  0x00000247e93ef870 JavaThread "ClassGraph-worker-39" daemon [_thread_blocked, id=14100, stack(0x000000a66d300000,0x000000a66d400000)]
  0x00000247e93f4f10 JavaThread "ClassGraph-worker-40" daemon [_thread_blocked, id=19852, stack(0x000000a66d400000,0x000000a66d500000)]
  0x00000247e93f1ef0 JavaThread "ClassGraph-worker-41" daemon [_thread_blocked, id=17376, stack(0x000000a66d500000,0x000000a66d600000)]

Other Threads:
=>0x00000247d048f710 VMThread "VM Thread" [stack: 0x000000a66a500000,0x000000a66a600000] [id=6584]
  0x00000247e710c050 WatcherThread "VM Periodic Task Thread" [stack: 0x000000a66b500000,0x000000a66b600000] [id=12440]
  0x00000247d0473d40 WorkerThread "GC Thread#0" [stack: 0x000000a66a000000,0x000000a66a100000] [id=5492]
  0x00000247e7491360 WorkerThread "GC Thread#1" [stack: 0x000000a66b600000,0x000000a66b700000] [id=5464]
  0x00000247e7491600 WorkerThread "GC Thread#2" [stack: 0x000000a66b700000,0x000000a66b800000] [id=10916]
  0x00000247e75158b0 WorkerThread "GC Thread#3" [stack: 0x000000a66b800000,0x000000a66b900000] [id=6320]
  0x00000247e7517b60 WorkerThread "GC Thread#4" [stack: 0x000000a66b900000,0x000000a66ba00000] [id=13168]
  0x00000247e7518210 WorkerThread "GC Thread#5" [stack: 0x000000a66ba00000,0x000000a66bb00000] [id=8616]
  0x00000247e75184b0 WorkerThread "GC Thread#6" [stack: 0x000000a66bb00000,0x000000a66bc00000] [id=7848]
  0x00000247e7518de0 WorkerThread "GC Thread#7" [stack: 0x000000a66bc00000,0x000000a66bd00000] [id=17036]
  0x00000247d04847c0 ConcurrentGCThread "G1 Main Marker" [stack: 0x000000a66a100000,0x000000a66a200000] [id=16804]
  0x00000247d0485900 WorkerThread "G1 Conc#0" [stack: 0x000000a66a200000,0x000000a66a300000] [id=18424]
  0x00000247e820b090 WorkerThread "G1 Conc#1" [stack: 0x000000a66be00000,0x000000a66bf00000] [id=19660]
  0x00000247d04cdd50 ConcurrentGCThread "G1 Refine#0" [stack: 0x000000a66a300000,0x000000a66a400000] [id=19028]
  0x00000247e74918a0 ConcurrentGCThread "G1 Refine#1" [stack: 0x000000a66bd00000,0x000000a66be00000] [id=16872]
  0x00000247d04ce180 ConcurrentGCThread "G1 Service" [stack: 0x000000a66a400000,0x000000a66a500000] [id=15032]

Threads with active compile tasks:

VM state: at safepoint (normal execution)

VM Mutex/Monitor currently owned by a thread:  ([mutex/lock_event])
[0x00000247d040d060] Threads_lock - owner thread: 0x00000247d048f710
[0x00000247d040bcb0] Heap_lock - owner thread: 0x00000247e93f0210

Heap address: 0x0000000081e00000, size: 2018 MB, Compressed Oops mode: 32-bit

CDS archive(s) mapped at: [0x0000000800000000-0x0000000800ba0000-0x0000000800ba0000), size 12189696, SharedBaseAddress: 0x0000000800000000, ArchiveRelocationMode: 0.
Compressed class space mapped at: 0x0000000800c00000-0x0000000840c00000, reserved size: 1073741824
Narrow klass base: 0x0000000800000000, Narrow klass shift: 0, Narrow klass range: 0x100000000

GC Precious Log:
 CardTable entry size: 512
 Card Set container configuration: InlinePtr #cards 5 size 8 Array Of Cards #cards 12 size 40 Howl #buckets 4 coarsen threshold 1843 Howl Bitmap #cards 512 size 80 coarsen threshold 460 Card regions per heap region 1 cards per card region 2048
 CPUs: 8 total, 8 available
 Memory: 8070M
 Large Page Support: Disabled
 NUMA Support: Disabled
 Compressed Oops: Enabled (32-bit)
 Heap Region Size: 1M
 Heap Min Capacity: 8M
 Heap Initial Capacity: 128M
 Heap Max Capacity: 2018M
 Pre-touch: Disabled
 Parallel Workers: 8
 Concurrent Workers: 2
 Concurrent Refinement Workers: 8
 Periodic GC: Disabled

Heap:
 garbage-first heap   total 89088K, used 58763K [0x0000000081e00000, 0x0000000100000000)
  region size 1024K, 3 young (3072K), 3 survivors (3072K)
 Metaspace       used 63544K, committed 64320K, reserved 1114112K
  class space    used 9193K, committed 9536K, reserved 1048576K

Heap Regions: E=young(eden), S=young(survivor), O=old, HS=humongous(starts), HC=humongous(continues), CS=collection set, F=free, OA=open archive, CA=closed archive, TAMS=top-at-mark-start (previous, next)
|   0|0x0000000081e00000, 0x0000000081f00000, 0x0000000081f00000|100%|HS|  |TAMS 0x0000000081f00000, 0x0000000081f00000| Complete 
|   1|0x0000000081f00000, 0x0000000082000000, 0x0000000082000000|100%| O|  |TAMS 0x0000000082000000, 0x0000000082000000| Untracked 
|   2|0x0000000082000000, 0x0000000082100000, 0x0000000082100000|100%| O|  |TAMS 0x0000000082100000, 0x0000000082100000| Untracked 
|   3|0x0000000082100000, 0x0000000082200000, 0x0000000082200000|100%| O|  |TAMS 0x0000000082200000, 0x0000000082200000| Untracked 
|   4|0x0000000082200000, 0x0000000082300000, 0x0000000082300000|100%| O|  |TAMS 0x0000000082300000, 0x0000000082300000| Untracked 
|   5|0x0000000082300000, 0x0000000082400000, 0x0000000082400000|100%| O|  |TAMS 0x0000000082400000, 0x0000000082400000| Untracked 
|   6|0x0000000082400000, 0x0000000082500000, 0x0000000082500000|100%| O|  |TAMS 0x0000000082500000, 0x0000000082500000| Untracked 
|   7|0x0000000082500000, 0x0000000082600000, 0x0000000082600000|100%| O|  |TAMS 0x0000000082600000, 0x0000000082600000| Untracked 
|   8|0x0000000082600000, 0x0000000082700000, 0x0000000082700000|100%| O|  |TAMS 0x0000000082700000, 0x0000000082700000| Untracked 
|   9|0x0000000082700000, 0x0000000082800000, 0x0000000082800000|100%| O|  |TAMS 0x0000000082800000, 0x0000000082800000| Untracked 
|  10|0x0000000082800000, 0x0000000082900000, 0x0000000082900000|100%| O|  |TAMS 0x0000000082900000, 0x0000000082900000| Untracked 
|  11|0x0000000082900000, 0x0000000082941c00, 0x0000000082a00000| 25%| O|  |TAMS 0x0000000082941c00, 0x0000000082941c00| Untracked 
|  12|0x0000000082a00000, 0x0000000082b00000, 0x0000000082b00000|100%| O|  |TAMS 0x0000000082b00000, 0x0000000082b00000| Untracked 
|  13|0x0000000082b00000, 0x0000000082c00000, 0x0000000082c00000|100%| O|  |TAMS 0x0000000082c00000, 0x0000000082c00000| Untracked 
|  14|0x0000000082c00000, 0x0000000082d00000, 0x0000000082d00000|100%| O|  |TAMS 0x0000000082d00000, 0x0000000082d00000| Untracked 
|  15|0x0000000082d00000, 0x0000000082e00000, 0x0000000082e00000|100%| O|  |TAMS 0x0000000082e00000, 0x0000000082e00000| Untracked 
|  16|0x0000000082e00000, 0x0000000082f00000, 0x0000000082f00000|100%| O|  |TAMS 0x0000000082f00000, 0x0000000082f00000| Untracked 
|  17|0x0000000082f00000, 0x0000000083000000, 0x0000000083000000|100%| O|  |TAMS 0x0000000083000000, 0x0000000083000000| Untracked 
|  18|0x0000000083000000, 0x0000000083100000, 0x0000000083100000|100%| O|  |TAMS 0x0000000083100000, 0x0000000083100000| Untracked 
|  19|0x0000000083100000, 0x0000000083200000, 0x0000000083200000|100%| O|  |TAMS 0x0000000083200000, 0x0000000083200000| Untracked 
|  20|0x0000000083200000, 0x0000000083300000, 0x0000000083300000|100%| O|  |TAMS 0x0000000083300000, 0x0000000083300000| Untracked 
|  21|0x0000000083300000, 0x0000000083400000, 0x0000000083400000|100%| O|  |TAMS 0x0000000083400000, 0x0000000083400000| Untracked 
|  22|0x0000000083400000, 0x0000000083500000, 0x0000000083500000|100%| O|  |TAMS 0x0000000083500000, 0x0000000083500000| Untracked 
|  23|0x0000000083500000, 0x0000000083600000, 0x0000000083600000|100%| O|  |TAMS 0x0000000083600000, 0x0000000083600000| Untracked 
|  24|0x0000000083600000, 0x0000000083700000, 0x0000000083700000|100%| O|  |TAMS 0x0000000083700000, 0x0000000083700000| Untracked 
|  25|0x0000000083700000, 0x0000000083800000, 0x0000000083800000|100%| O|  |TAMS 0x0000000083800000, 0x0000000083800000| Untracked 
|  26|0x0000000083800000, 0x0000000083900000, 0x0000000083900000|100%| O|  |TAMS 0x0000000083900000, 0x0000000083900000| Untracked 
|  27|0x0000000083900000, 0x0000000083a00000, 0x0000000083a00000|100%| O|  |TAMS 0x00000000839b1600, 0x0000000083a00000| Untracked 
|  28|0x0000000083a00000, 0x0000000083b00000, 0x0000000083b00000|100%| O|  |TAMS 0x0000000083a00000, 0x0000000083b00000| Untracked 
|  29|0x0000000083b00000, 0x0000000083c00000, 0x0000000083c00000|100%| O|  |TAMS 0x0000000083b00000, 0x0000000083c00000| Untracked 
|  30|0x0000000083c00000, 0x0000000083d00000, 0x0000000083d00000|100%| O|  |TAMS 0x0000000083c00000, 0x0000000083d00000| Untracked 
|  31|0x0000000083d00000, 0x0000000083e00000, 0x0000000083e00000|100%| O|  |TAMS 0x0000000083d00000, 0x0000000083e00000| Untracked 
|  32|0x0000000083e00000, 0x0000000083f00000, 0x0000000083f00000|100%| O|  |TAMS 0x0000000083e00000, 0x0000000083f00000| Untracked 
|  33|0x0000000083f00000, 0x0000000084000000, 0x0000000084000000|100%| O|  |TAMS 0x0000000083f00000, 0x0000000083f00000| Untracked 
|  34|0x0000000084000000, 0x0000000084100000, 0x0000000084100000|100%| O|  |TAMS 0x0000000084000000, 0x0000000084100000| Untracked 
|  35|0x0000000084100000, 0x0000000084200000, 0x0000000084200000|100%| O|  |TAMS 0x0000000084100000, 0x0000000084200000| Untracked 
|  36|0x0000000084200000, 0x0000000084300000, 0x0000000084300000|100%| O|  |TAMS 0x0000000084200000, 0x0000000084300000| Untracked 
|  37|0x0000000084300000, 0x0000000084400000, 0x0000000084400000|100%| O|  |TAMS 0x0000000084300000, 0x0000000084400000| Untracked 
|  38|0x0000000084400000, 0x0000000084500000, 0x0000000084500000|100%| O|  |TAMS 0x0000000084400000, 0x0000000084500000| Untracked 
|  39|0x0000000084500000, 0x0000000084600000, 0x0000000084600000|100%| O|  |TAMS 0x0000000084500000, 0x0000000084600000| Untracked 
|  40|0x0000000084600000, 0x0000000084700000, 0x0000000084700000|100%| O|  |TAMS 0x0000000084600000, 0x0000000084700000| Untracked 
|  41|0x0000000084700000, 0x0000000084800000, 0x0000000084800000|100%| O|  |TAMS 0x0000000084700000, 0x0000000084800000| Untracked 
|  42|0x0000000084800000, 0x0000000084900000, 0x0000000084900000|100%| O|  |TAMS 0x0000000084800000, 0x0000000084900000| Untracked 
|  43|0x0000000084900000, 0x0000000084a00000, 0x0000000084a00000|100%| O|  |TAMS 0x0000000084900000, 0x0000000084a00000| Untracked 
|  44|0x0000000084a00000, 0x0000000084b00000, 0x0000000084b00000|100%| O|  |TAMS 0x0000000084a00000, 0x0000000084b00000| Untracked 
|  45|0x0000000084b00000, 0x0000000084c00000, 0x0000000084c00000|100%| O|  |TAMS 0x0000000084b00000, 0x0000000084b00000| Untracked 
|  46|0x0000000084c00000, 0x0000000084d00000, 0x0000000084d00000|100%| O|  |TAMS 0x0000000084c00000, 0x0000000084c00000| Untracked 
|  47|0x0000000084d00000, 0x0000000084e00000, 0x0000000084e00000|100%| O|  |TAMS 0x0000000084d00000, 0x0000000084d00000| Untracked 
|  48|0x0000000084e00000, 0x0000000084f00000, 0x0000000084f00000|100%| O|  |TAMS 0x0000000084e00000, 0x0000000084e00000| Untracked 
|  49|0x0000000084f00000, 0x0000000085000000, 0x0000000085000000|100%| O|  |TAMS 0x0000000084f00000, 0x0000000084f00000| Untracked 
|  50|0x0000000085000000, 0x0000000085100000, 0x0000000085100000|100%| O|  |TAMS 0x0000000085000000, 0x0000000085100000| Untracked 
|  51|0x0000000085100000, 0x0000000085200000, 0x0000000085200000|100%| O|  |TAMS 0x0000000085100000, 0x00000000851b9400| Untracked 
|  52|0x0000000085200000, 0x0000000085300000, 0x0000000085300000|100%| O|  |TAMS 0x0000000085200000, 0x0000000085200000| Untracked 
|  53|0x0000000085300000, 0x0000000085400000, 0x0000000085400000|100%| O|  |TAMS 0x0000000085300000, 0x0000000085300000| Untracked 
|  54|0x0000000085400000, 0x0000000085500000, 0x0000000085500000|100%| O|  |TAMS 0x0000000085400000, 0x0000000085400000| Untracked 
|  55|0x0000000085500000, 0x0000000085521200, 0x0000000085600000| 12%| O|  |TAMS 0x0000000085500000, 0x0000000085500000| Untracked 
|  56|0x0000000085600000, 0x0000000085600000, 0x0000000085700000|  0%| F|  |TAMS 0x0000000085600000, 0x0000000085600000| Untracked 
|  57|0x0000000085700000, 0x0000000085700000, 0x0000000085800000|  0%| F|  |TAMS 0x0000000085700000, 0x0000000085700000| Untracked 
|  58|0x0000000085800000, 0x0000000085800000, 0x0000000085900000|  0%| F|  |TAMS 0x0000000085800000, 0x0000000085800000| Untracked 
|  59|0x0000000085900000, 0x0000000085900000, 0x0000000085a00000|  0%| F|  |TAMS 0x0000000085900000, 0x0000000085900000| Untracked 
|  60|0x0000000085a00000, 0x0000000085a00000, 0x0000000085b00000|  0%| F|  |TAMS 0x0000000085a00000, 0x0000000085a00000| Untracked 
|  61|0x0000000085b00000, 0x0000000085b00000, 0x0000000085c00000|  0%| F|  |TAMS 0x0000000085b00000, 0x0000000085b00000| Untracked 
|  62|0x0000000085c00000, 0x0000000085c00000, 0x0000000085d00000|  0%| F|  |TAMS 0x0000000085c00000, 0x0000000085c00000| Untracked 
|  63|0x0000000085d00000, 0x0000000085d00000, 0x0000000085e00000|  0%| F|  |TAMS 0x0000000085d00000, 0x0000000085d00000| Untracked 
|  64|0x0000000085e00000, 0x0000000085e00000, 0x0000000085f00000|  0%| F|  |TAMS 0x0000000085e00000, 0x0000000085e00000| Untracked 
|  65|0x0000000085f00000, 0x0000000085f00000, 0x0000000086000000|  0%| F|  |TAMS 0x0000000085f00000, 0x0000000085f00000| Untracked 
|  66|0x0000000086000000, 0x0000000086000000, 0x0000000086100000|  0%| F|  |TAMS 0x0000000086000000, 0x0000000086000000| Untracked 
|  67|0x0000000086100000, 0x0000000086200000, 0x0000000086200000|100%| S|CS|TAMS 0x0000000086100000, 0x0000000086100000| Complete 
|  68|0x0000000086200000, 0x0000000086200000, 0x0000000086300000|  0%| F|  |TAMS 0x0000000086200000, 0x0000000086200000| Untracked 
|  69|0x0000000086300000, 0x0000000086300000, 0x0000000086400000|  0%| F|  |TAMS 0x0000000086300000, 0x0000000086300000| Untracked 
|  70|0x0000000086400000, 0x0000000086400000, 0x0000000086500000|  0%| F|  |TAMS 0x0000000086400000, 0x0000000086400000| Untracked 
|  71|0x0000000086500000, 0x0000000086600000, 0x0000000086600000|100%| S|CS|TAMS 0x0000000086500000, 0x0000000086500000| Complete 
|  72|0x0000000086600000, 0x0000000086700000, 0x0000000086700000|100%| S|CS|TAMS 0x0000000086600000, 0x0000000086600000| Complete 
|  73|0x0000000086700000, 0x0000000086700000, 0x0000000086800000|  0%| F|  |TAMS 0x0000000086700000, 0x0000000086700000| Untracked 
|  74|0x0000000086800000, 0x0000000086800000, 0x0000000086900000|  0%| F|  |TAMS 0x0000000086800000, 0x0000000086800000| Untracked 
|  75|0x0000000086900000, 0x0000000086900000, 0x0000000086a00000|  0%| F|  |TAMS 0x0000000086900000, 0x0000000086900000| Untracked 
|  76|0x0000000086a00000, 0x0000000086a00000, 0x0000000086b00000|  0%| F|  |TAMS 0x0000000086a00000, 0x0000000086a00000| Untracked 
|  77|0x0000000086b00000, 0x0000000086b00000, 0x0000000086c00000|  0%| F|  |TAMS 0x0000000086b00000, 0x0000000086b00000| Untracked 
|  78|0x0000000086c00000, 0x0000000086c00000, 0x0000000086d00000|  0%| F|  |TAMS 0x0000000086c00000, 0x0000000086c00000| Untracked 
|  79|0x0000000086d00000, 0x0000000086d00000, 0x0000000086e00000|  0%| F|  |TAMS 0x0000000086d00000, 0x0000000086d00000| Untracked 
|  80|0x0000000086e00000, 0x0000000086e00000, 0x0000000086f00000|  0%| F|  |TAMS 0x0000000086e00000, 0x0000000086e00000| Untracked 
| 102|0x0000000088400000, 0x0000000088400000, 0x0000000088500000|  0%| F|  |TAMS 0x0000000088400000, 0x0000000088400000| Untracked 
| 103|0x0000000088500000, 0x0000000088500000, 0x0000000088600000|  0%| F|  |TAMS 0x0000000088500000, 0x0000000088500000| Untracked 
| 104|0x0000000088600000, 0x0000000088600000, 0x0000000088700000|  0%| F|  |TAMS 0x0000000088600000, 0x0000000088600000| Untracked 
| 105|0x0000000088700000, 0x0000000088700000, 0x0000000088800000|  0%| F|  |TAMS 0x0000000088700000, 0x0000000088700000| Untracked 
| 106|0x0000000088800000, 0x0000000088800000, 0x0000000088900000|  0%| F|  |TAMS 0x0000000088800000, 0x0000000088800000| Untracked 
| 127|0x0000000089d00000, 0x0000000089d00000, 0x0000000089e00000|  0%| F|  |TAMS 0x0000000089d00000, 0x0000000089d00000| Untracked 

Card table byte_map: [0x00000247db4f0000,0x00000247db8f0000] _byte_map_base: 0x00000247db0e1000

Marking Bits (Prev, Next): (CMBitMap*) 0x00000247d0474290, (CMBitMap*) 0x00000247d0474250
 Prev Bits: [0x00000247ddc80000, 0x00000247dfc08000)
 Next Bits: [0x00000247dbcf0000, 0x00000247ddc78000)

Polling page: 0x00000247ce2f0000

Metaspace:

Usage:
  Non-class:     53.08 MB used.
      Class:      8.98 MB used.
       Both:     62.06 MB used.

Virtual space:
  Non-class space:       64.00 MB reserved,      53.50 MB ( 84%) committed,  1 nodes.
      Class space:        1.00 GB reserved,       9.31 MB ( <1%) committed,  1 nodes.
             Both:        1.06 GB reserved,      62.81 MB (  6%) committed. 

Chunk freelists:
   Non-Class:  1.87 MB
       Class:  2.54 MB
        Both:  4.41 MB

MaxMetaspaceSize: unlimited
CompressedClassSpaceSize: 1.00 GB
Initial GC threshold: 21.00 MB
Current GC threshold: 99.00 MB
CDS: on
MetaspaceReclaimPolicy: balanced
 - commit_granule_bytes: 65536.
 - commit_granule_words: 8192.
 - virtual_space_node_default_size: 8388608.
 - enlarge_chunks_in_place: 1.
 - new_chunks_are_fully_committed: 0.
 - uncommit_free_chunks: 1.
 - use_allocation_guard: 0.


Internal statistics:

num_allocs_failed_limit: 9.
num_arena_births: 1056.
num_arena_deaths: 0.
num_vsnodes_births: 2.
num_vsnodes_deaths: 0.
num_space_committed: 1005.
num_space_uncommitted: 0.
num_chunks_returned_to_freelist: 9.
num_chunks_taken_from_freelist: 3322.
num_chunk_merges: 9.
num_chunk_splits: 2444.
num_chunks_enlarged: 1946.
num_inconsistent_stats: 0.

CodeCache: size=49152Kb used=13018Kb max_used=13018Kb free=36133Kb
 bounds [0x00000247d7fd0000, 0x00000247d8c90000, 0x00000247dafd0000]
 total_blobs=6956 nmethods=6291 adapters=589
 compilation: enabled
              stopped_count=0, restarted_count=0
 full_count=0

Compilation events (20 events):
Event: 9.534 Thread 0x00000247e273e430 6282       1       java.io.FileDescriptor::setHandle (33 bytes)
Event: 9.534 Thread 0x00000247e26b1370 6283   !   1       sun.nio.ch.FileChannelImpl$Closer::run (28 bytes)
Event: 9.534 Thread 0x00000247e6a4a3e0 6284       1       java.io.FileDescriptor$1::close (5 bytes)
Event: 9.535 Thread 0x00000247e273e430 nmethod 6282 0x00000247d8c7fd90 code [0x00000247d8c7ff20, 0x00000247d8c80068]
Event: 9.535 Thread 0x00000247e26b1370 nmethod 6283 0x00000247d8c80110 code [0x00000247d8c802e0, 0x00000247d8c806c8]
Event: 9.535 Thread 0x00000247e6a4a3e0 nmethod 6284 0x00000247d8c80910 code [0x00000247d8c80ac0, 0x00000247d8c80db8]
Event: 9.545 Thread 0x00000247e6a4a3e0 6285       1       java.util.concurrent.atomic.AtomicBoolean::<init> (14 bytes)
Event: 9.546 Thread 0x00000247e6a4a3e0 nmethod 6285 0x00000247d8c80f10 code [0x00000247d8c810a0, 0x00000247d8c81178]
Event: 9.546 Thread 0x00000247e273e430 6286   !   1       sun.nio.fs.WindowsLinkSupport::getRealPath (500 bytes)
Event: 9.554 Thread 0x00000247e273e430 nmethod 6286 0x00000247d8c81210 code [0x00000247d8c816e0, 0x00000247d8c82ed8]
Event: 9.560 Thread 0x00000247e26b1370 6287       1       java.nio.file.FileSystems::getDefault (14 bytes)
Event: 9.560 Thread 0x00000247e26b1370 nmethod 6287 0x00000247d8c84390 code [0x00000247d8c84520, 0x00000247d8c84638]
Event: 9.570 Thread 0x00000247e6a4a3e0 6288       1       java.nio.file.Files::isReadable (15 bytes)
Event: 9.570 Thread 0x00000247e6a47ed0 6290   !   1       sun.nio.fs.WindowsFileSystemProvider::checkAccess (298 bytes)
Event: 9.570 Thread 0x00000247e26b1370 6291   !   1       sun.nio.fs.WindowsFileSystemProvider::checkReadAccess (70 bytes)
Event: 9.570 Thread 0x00000247e273e430 6289   !   1       java.nio.file.Files::isAccessible (14 bytes)
Event: 9.571 Thread 0x00000247e273e430 nmethod 6289 0x00000247d8c84710 code [0x00000247d8c848c0, 0x00000247d8c84a18]
Event: 9.571 Thread 0x00000247e6a4a3e0 nmethod 6288 0x00000247d8c84b90 code [0x00000247d8c84d40, 0x00000247d8c84ff8]
Event: 9.571 Thread 0x00000247e26b1370 nmethod 6291 0x00000247d8c85210 code [0x00000247d8c85420, 0x00000247d8c857e8]
Event: 9.572 Thread 0x00000247e6a47ed0 nmethod 6290 0x00000247d8c85b10 code [0x00000247d8c85da0, 0x00000247d8c86558]

GC Heap History (20 events):
Event: 6.911 GC heap after
{Heap after GC invocations=12 (full 0):
 garbage-first heap   total 73728K, used 26194K [0x0000000081e00000, 0x0000000100000000)
  region size 1024K, 1 young (1024K), 1 survivors (1024K)
 Metaspace       used 47606K, committed 48128K, reserved 1114112K
  class space    used 6716K, committed 6976K, reserved 1048576K
}
Event: 7.718 GC heap before
{Heap before GC invocations=12 (full 0):
 garbage-first heap   total 73728K, used 54866K [0x0000000081e00000, 0x0000000100000000)
  region size 1024K, 30 young (30720K), 1 survivors (1024K)
 Metaspace       used 53309K, committed 53888K, reserved 1114112K
  class space    used 7478K, committed 7744K, reserved 1048576K
}
Event: 7.725 GC heap after
{Heap after GC invocations=13 (full 0):
 garbage-first heap   total 73728K, used 27622K [0x0000000081e00000, 0x0000000100000000)
  region size 1024K, 3 young (3072K), 3 survivors (3072K)
 Metaspace       used 53309K, committed 53888K, reserved 1114112K
  class space    used 7478K, committed 7744K, reserved 1048576K
}
Event: 8.192 GC heap before
{Heap before GC invocations=13 (full 0):
 garbage-first heap   total 73728K, used 56294K [0x0000000081e00000, 0x0000000100000000)
  region size 1024K, 31 young (31744K), 3 survivors (3072K)
 Metaspace       used 56764K, committed 57472K, reserved 1114112K
  class space    used 8099K, committed 8448K, reserved 1048576K
}
Event: 8.206 GC heap after
{Heap after GC invocations=14 (full 0):
 garbage-first heap   total 73728K, used 29622K [0x0000000081e00000, 0x0000000100000000)
  region size 1024K, 4 young (4096K), 4 survivors (4096K)
 Metaspace       used 56764K, committed 57472K, reserved 1114112K
  class space    used 8099K, committed 8448K, reserved 1048576K
}
Event: 8.405 GC heap before
{Heap before GC invocations=14 (full 0):
 garbage-first heap   total 73728K, used 56246K [0x0000000081e00000, 0x0000000100000000)
  region size 1024K, 30 young (30720K), 4 survivors (4096K)
 Metaspace       used 58312K, committed 59008K, reserved 1114112K
  class space    used 8427K, committed 8768K, reserved 1048576K
}
Event: 8.415 GC heap after
{Heap after GC invocations=15 (full 0):
 garbage-first heap   total 73728K, used 31569K [0x0000000081e00000, 0x0000000100000000)
  region size 1024K, 4 young (4096K), 4 survivors (4096K)
 Metaspace       used 58312K, committed 59008K, reserved 1114112K
  class space    used 8427K, committed 8768K, reserved 1048576K
}
Event: 8.599 GC heap before
{Heap before GC invocations=15 (full 0):
 garbage-first heap   total 73728K, used 48977K [0x0000000081e00000, 0x0000000100000000)
  region size 1024K, 22 young (22528K), 4 survivors (4096K)
 Metaspace       used 60012K, committed 60608K, reserved 1114112K
  class space    used 8660K, committed 8960K, reserved 1048576K
}
Event: 8.603 GC heap after
{Heap after GC invocations=16 (full 0):
 garbage-first heap   total 73728K, used 32184K [0x0000000081e00000, 0x0000000100000000)
  region size 1024K, 3 young (3072K), 3 survivors (3072K)
 Metaspace       used 60012K, committed 60608K, reserved 1114112K
  class space    used 8660K, committed 8960K, reserved 1048576K
}
Event: 9.089 GC heap before
{Heap before GC invocations=17 (full 0):
 garbage-first heap   total 73728K, used 58808K [0x0000000081e00000, 0x0000000100000000)
  region size 1024K, 29 young (29696K), 3 survivors (3072K)
 Metaspace       used 62524K, committed 63232K, reserved 1114112K
  class space    used 9069K, committed 9408K, reserved 1048576K
}
Event: 9.093 GC heap after
{Heap after GC invocations=18 (full 0):
 garbage-first heap   total 73728K, used 34111K [0x0000000081e00000, 0x0000000100000000)
  region size 1024K, 3 young (3072K), 3 survivors (3072K)
 Metaspace       used 62524K, committed 63232K, reserved 1114112K
  class space    used 9069K, committed 9408K, reserved 1048576K
}
Event: 9.230 GC heap before
{Heap before GC invocations=18 (full 0):
 garbage-first heap   total 73728K, used 41279K [0x0000000081e00000, 0x0000000100000000)
  region size 1024K, 11 young (11264K), 3 survivors (3072K)
 Metaspace       used 63415K, committed 64128K, reserved 1114112K
  class space    used 9175K, committed 9472K, reserved 1048576K
}
Event: 9.237 GC heap after
{Heap after GC invocations=19 (full 0):
 garbage-first heap   total 89088K, used 35007K [0x0000000081e00000, 0x0000000100000000)
  region size 1024K, 3 young (3072K), 3 survivors (3072K)
 Metaspace       used 63415K, committed 64128K, reserved 1114112K
  class space    used 9175K, committed 9472K, reserved 1048576K
}
Event: 9.346 GC heap before
{Heap before GC invocations=19 (full 0):
 garbage-first heap   total 89088K, used 69823K [0x0000000081e00000, 0x0000000100000000)
  region size 1024K, 37 young (37888K), 3 survivors (3072K)
 Metaspace       used 63443K, committed 64128K, reserved 1114112K
  class space    used 9179K, committed 9472K, reserved 1048576K
}
Event: 9.354 GC heap after
{Heap after GC invocations=20 (full 0):
 garbage-first heap   total 89088K, used 42858K [0x0000000081e00000, 0x0000000100000000)
  region size 1024K, 5 young (5120K), 5 survivors (5120K)
 Metaspace       used 63443K, committed 64128K, reserved 1114112K
  class space    used 9179K, committed 9472K, reserved 1048576K
}
Event: 9.472 GC heap before
{Heap before GC invocations=20 (full 0):
 garbage-first heap   total 89088K, used 68458K [0x0000000081e00000, 0x0000000100000000)
  region size 1024K, 30 young (30720K), 5 survivors (5120K)
 Metaspace       used 63544K, committed 64320K, reserved 1114112K
  class space    used 9193K, committed 9536K, reserved 1048576K
}
Event: 9.481 GC heap after
{Heap after GC invocations=21 (full 0):
 garbage-first heap   total 89088K, used 51180K [0x0000000081e00000, 0x0000000100000000)
  region size 1024K, 4 young (4096K), 4 survivors (4096K)
 Metaspace       used 63544K, committed 64320K, reserved 1114112K
  class space    used 9193K, committed 9536K, reserved 1048576K
}
Event: 9.516 GC heap before
{Heap before GC invocations=21 (full 0):
 garbage-first heap   total 89088K, used 67564K [0x0000000081e00000, 0x0000000100000000)
  region size 1024K, 20 young (20480K), 4 survivors (4096K)
 Metaspace       used 63544K, committed 64320K, reserved 1114112K
  class space    used 9193K, committed 9536K, reserved 1048576K
}
Event: 9.522 GC heap after
{Heap after GC invocations=22 (full 0):
 garbage-first heap   total 89088K, used 54386K [0x0000000081e00000, 0x0000000100000000)
  region size 1024K, 3 young (3072K), 3 survivors (3072K)
 Metaspace       used 63544K, committed 64320K, reserved 1114112K
  class space    used 9193K, committed 9536K, reserved 1048576K
}
Event: 9.572 GC heap before
{Heap before GC invocations=22 (full 0):
 garbage-first heap   total 89088K, used 67698K [0x0000000081e00000, 0x0000000100000000)
  region size 1024K, 17 young (17408K), 3 survivors (3072K)
 Metaspace       used 63544K, committed 64320K, reserved 1114112K
  class space    used 9193K, committed 9536K, reserved 1048576K
}

Deoptimization events (14 events):
Event: 2.830 Thread 0x00000247d0410c30 DEOPT PACKING pc=0x00000247d855ce19 sp=0x000000a669ffd1e0
Event: 2.830 Thread 0x00000247d0410c30 DEOPT UNPACKING pc=0x00000247d8022b43 sp=0x000000a669ffc6c0 mode 3
Event: 4.123 Thread 0x00000247d0410c30 DEOPT PACKING pc=0x00000247d87bac19 sp=0x000000a669ffdc00
Event: 4.123 Thread 0x00000247d0410c30 DEOPT UNPACKING pc=0x00000247d8022b43 sp=0x000000a669ffd0e0 mode 3
Event: 5.676 Thread 0x00000247d0410c30 DEOPT PACKING pc=0x00000247d887519d sp=0x000000a669ff68c0
Event: 5.676 Thread 0x00000247d0410c30 DEOPT UNPACKING pc=0x00000247d8022b43 sp=0x000000a669ff5e28 mode 3
Event: 5.916 Thread 0x00000247e6a3a870 DEOPT PACKING pc=0x00000247d8500d17 sp=0x000000a66c4ff1f0
Event: 5.917 Thread 0x00000247e6a3a870 DEOPT UNPACKING pc=0x00000247d8022b43 sp=0x000000a66c4fe648 mode 3
Event: 7.765 Thread 0x00000247d0410c30 DEOPT PACKING pc=0x00000247d85c9e24 sp=0x000000a669ffb100
Event: 7.765 Thread 0x00000247d0410c30 DEOPT UNPACKING pc=0x00000247d8022b43 sp=0x000000a669ffa658 mode 0
Event: 8.537 Thread 0x00000247d0410c30 DEOPT PACKING pc=0x00000247d85ae8a2 sp=0x000000a669ffca40
Event: 8.537 Thread 0x00000247d0410c30 DEOPT UNPACKING pc=0x00000247d8022b43 sp=0x000000a669ffbf48 mode 3
Event: 9.196 Thread 0x00000247d0410c30 DEOPT PACKING pc=0x00000247d8bc927b sp=0x000000a669ffab70
Event: 9.196 Thread 0x00000247d0410c30 DEOPT UNPACKING pc=0x00000247d8022b43 sp=0x000000a669ffa0b8 mode 3

Classes loaded (20 events):
Event: 9.054 Loading class java/lang/reflect/MalformedParametersException
Event: 9.054 Loading class java/lang/reflect/MalformedParametersException done
Event: 9.156 Loading class java/lang/LayerInstantiationException
Event: 9.156 Loading class java/lang/LayerInstantiationException done
Event: 9.156 Loading class jdk/internal/loader/Loader
Event: 9.157 Loading class jdk/internal/loader/Loader done
Event: 9.168 Loading class java/io/IOError
Event: 9.168 Loading class java/io/IOError done
Event: 9.182 Loading class java/util/AbstractMap$SimpleEntry
Event: 9.182 Loading class java/util/AbstractMap$SimpleEntry done
Event: 9.212 Loading class sun/nio/fs/WindowsLinkSupport
Event: 9.212 Loading class sun/nio/fs/WindowsLinkSupport done
Event: 9.229 Loading class java/nio/channels/spi/AbstractInterruptibleChannel$1
Event: 9.229 Loading class sun/nio/ch/Interruptible
Event: 9.229 Loading class sun/nio/ch/Interruptible done
Event: 9.229 Loading class java/nio/channels/spi/AbstractInterruptibleChannel$1 done
Event: 9.239 Loading class java/nio/ReadOnlyBufferException
Event: 9.239 Loading class java/nio/ReadOnlyBufferException done
Event: 9.242 Loading class java/util/zip/DataFormatException
Event: 9.243 Loading class java/util/zip/DataFormatException done

Classes unloaded (0 events):
No events

Classes redefined (0 events):
No events

Internal exceptions (20 events):
Event: 9.448 Thread 0x00000247e93f0bb0 Exception <a 'sun/nio/fs/WindowsException'{0x0000000085e0f5a0}> (0x0000000085e0f5a0) 
thrown [s\src\hotspot\share\prims\jni.cpp, line 516]
Event: 9.448 Thread 0x00000247e93f0bb0 Exception <a 'sun/nio/fs/WindowsException'{0x0000000085e0f870}> (0x0000000085e0f870) 
thrown [s\src\hotspot\share\prims\jni.cpp, line 516]
Event: 9.448 Thread 0x00000247e93f0bb0 Exception <a 'sun/nio/fs/WindowsException'{0x0000000085e101b8}> (0x0000000085e101b8) 
thrown [s\src\hotspot\share\prims\jni.cpp, line 516]
Event: 9.448 Thread 0x00000247e93f0bb0 Exception <a 'sun/nio/fs/WindowsException'{0x0000000085e104b8}> (0x0000000085e104b8) 
thrown [s\src\hotspot\share\prims\jni.cpp, line 516]
Event: 9.448 Thread 0x00000247e93f0bb0 Exception <a 'sun/nio/fs/WindowsException'{0x0000000085e10dd8}> (0x0000000085e10dd8) 
thrown [s\src\hotspot\share\prims\jni.cpp, line 516]
Event: 9.448 Thread 0x00000247e93f0bb0 Exception <a 'sun/nio/fs/WindowsException'{0x0000000085e110a8}> (0x0000000085e110a8) 
thrown [s\src\hotspot\share\prims\jni.cpp, line 516]
Event: 9.448 Thread 0x00000247e93f0bb0 Exception <a 'sun/nio/fs/WindowsException'{0x0000000085e119a0}> (0x0000000085e119a0) 
thrown [s\src\hotspot\share\prims\jni.cpp, line 516]
Event: 9.448 Thread 0x00000247e93f0bb0 Exception <a 'sun/nio/fs/WindowsException'{0x0000000085e11c40}> (0x0000000085e11c40) 
thrown [s\src\hotspot\share\prims\jni.cpp, line 516]
Event: 9.449 Thread 0x00000247e93f0bb0 Exception <a 'sun/nio/fs/WindowsException'{0x0000000085e12548}> (0x0000000085e12548) 
thrown [s\src\hotspot\share\prims\jni.cpp, line 516]
Event: 9.449 Thread 0x00000247e93f0bb0 Exception <a 'sun/nio/fs/WindowsException'{0x0000000085e12808}> (0x0000000085e12808) 
thrown [s\src\hotspot\share\prims\jni.cpp, line 516]
Event: 9.449 Thread 0x00000247e93f0bb0 Exception <a 'sun/nio/fs/WindowsException'{0x0000000085e13100}> (0x0000000085e13100) 
thrown [s\src\hotspot\share\prims\jni.cpp, line 516]
Event: 9.449 Thread 0x00000247e93f0bb0 Exception <a 'sun/nio/fs/WindowsException'{0x0000000085e133a0}> (0x0000000085e133a0) 
thrown [s\src\hotspot\share\prims\jni.cpp, line 516]
Event: 9.449 Thread 0x00000247e93f0bb0 Exception <a 'sun/nio/fs/WindowsException'{0x0000000085e13ca8}> (0x0000000085e13ca8) 
thrown [s\src\hotspot\share\prims\jni.cpp, line 516]
Event: 9.449 Thread 0x00000247e93f0bb0 Exception <a 'sun/nio/fs/WindowsException'{0x0000000085e13f68}> (0x0000000085e13f68) 
thrown [s\src\hotspot\share\prims\jni.cpp, line 516]
Event: 9.449 Thread 0x00000247e93f0bb0 Exception <a 'sun/nio/fs/WindowsException'{0x0000000085e14888}> (0x0000000085e14888) 
thrown [s\src\hotspot\share\prims\jni.cpp, line 516]
Event: 9.449 Thread 0x00000247e93f0bb0 Exception <a 'sun/nio/fs/WindowsException'{0x0000000085e14b58}> (0x0000000085e14b58) 
thrown [s\src\hotspot\share\prims\jni.cpp, line 516]
Event: 9.449 Thread 0x00000247e93f0bb0 Exception <a 'sun/nio/fs/WindowsException'{0x0000000085e15490}> (0x0000000085e15490) 
thrown [s\src\hotspot\share\prims\jni.cpp, line 516]
Event: 9.449 Thread 0x00000247e93f0bb0 Exception <a 'sun/nio/fs/WindowsException'{0x0000000085e15780}> (0x0000000085e15780) 
thrown [s\src\hotspot\share\prims\jni.cpp, line 516]
Event: 9.450 Thread 0x00000247e93f0bb0 Exception <a 'sun/nio/fs/WindowsException'{0x0000000085e513a0}> (0x0000000085e513a0) 
thrown [s\src\hotspot\share\prims\jni.cpp, line 516]
Event: 9.450 Thread 0x00000247e93f0bb0 Exception <a 'sun/nio/fs/WindowsException'{0x0000000085e51690}> (0x0000000085e51690) 
thrown [s\src\hotspot\share\prims\jni.cpp, line 516]

VM Operations (20 events):
Event: 8.960 Executing VM operation: HandshakeAllThreads done
Event: 8.961 Executing VM operation: HandshakeAllThreads
Event: 8.961 Executing VM operation: HandshakeAllThreads done
Event: 8.961 Executing VM operation: HandshakeAllThreads
Event: 8.961 Executing VM operation: HandshakeAllThreads done
Event: 9.088 Executing VM operation: G1CollectForAllocation
Event: 9.093 Executing VM operation: G1CollectForAllocation done
Event: 9.230 Executing VM operation: G1TryInitiateConcMark
Event: 9.237 Executing VM operation: G1TryInitiateConcMark done
Event: 9.346 Executing VM operation: G1CollectForAllocation
Event: 9.355 Executing VM operation: G1CollectForAllocation done
Event: 9.415 Executing VM operation: HandshakeAllThreads
Event: 9.415 Executing VM operation: HandshakeAllThreads done
Event: 9.455 Executing VM operation: G1CollectForAllocation
Event: 9.482 Executing VM operation: G1CollectForAllocation done
Event: 9.515 Executing VM operation: G1CollectForAllocation
Event: 9.516 Executing VM operation: G1CollectForAllocation done
Event: 9.516 Executing VM operation: G1CollectForAllocation
Event: 9.522 Executing VM operation: G1CollectForAllocation done
Event: 9.572 Executing VM operation: G1CollectForAllocation

Events (20 events):
Event: 9.424 Thread 0x00000247e93f4a40 Thread exited: 0x00000247e93f4a40
Event: 9.424 Thread 0x00000247e93ef3a0 Thread exited: 0x00000247e93ef3a0
Event: 9.424 Thread 0x00000247e93f6720 Thread exited: 0x00000247e93f6720
Event: 9.424 Thread 0x00000247e93f3700 Thread exited: 0x00000247e93f3700
Event: 9.445 Thread 0x00000247e93f0210 Thread added: 0x00000247e93f0210
Event: 9.446 Thread 0x00000247e93f0bb0 Thread added: 0x00000247e93f0bb0
Event: 9.446 Thread 0x00000247e93f5d80 Thread added: 0x00000247e93f5d80
Event: 9.446 Thread 0x00000247e93efd40 Thread added: 0x00000247e93efd40
Event: 9.446 Thread 0x00000247e93f53e0 Thread added: 0x00000247e93f53e0
Event: 9.446 Thread 0x00000247e93ef3a0 Thread added: 0x00000247e93ef3a0
Event: 9.447 Thread 0x00000247e93f6250 Thread added: 0x00000247e93f6250
Event: 9.447 Thread 0x00000247e93f3230 Thread added: 0x00000247e93f3230
Event: 9.447 Thread 0x00000247e93f3700 Thread added: 0x00000247e93f3700
Event: 9.447 Thread 0x00000247e93f4a40 Thread added: 0x00000247e93f4a40
Event: 9.447 Thread 0x00000247e93f06e0 Thread added: 0x00000247e93f06e0
Event: 9.447 Thread 0x00000247e93ef870 Thread added: 0x00000247e93ef870
Event: 9.447 Thread 0x00000247e93f4f10 Thread added: 0x00000247e93f4f10
Event: 9.447 Thread 0x00000247e93f1ef0 Thread added: 0x00000247e93f1ef0
Event: 9.452 Thread 0x00000247e93f1080 Thread added: 0x00000247e93f1080
Event: 9.484 Thread 0x00000247e93f1080 Thread exited: 0x00000247e93f1080


Dynamic libraries:
0x00007ff654be0000 - 0x00007ff654bed000 	C:\Users\ASUS\.jdks\corretto-18.0.2\bin\java.exe
0x00007ffa2b210000 - 0x00007ffa2b408000 	C:\Windows\SYSTEM32\ntdll.dll
0x00007ffa29c60000 - 0x00007ffa29d1f000 	C:\Windows\System32\KERNEL32.DLL
0x00007ffa28f70000 - 0x00007ffa29266000 	C:\Windows\System32\KERNELBASE.dll
0x00007ffa28e00000 - 0x00007ffa28f00000 	C:\Windows\System32\ucrtbase.dll
0x00007ffa201b0000 - 0x00007ffa201c7000 	C:\Users\ASUS\.jdks\corretto-18.0.2\bin\jli.dll
0x00007ffa1f5c0000 - 0x00007ffa1f5d5000 	C:\Users\ASUS\.jdks\corretto-18.0.2\bin\VCRUNTIME140.dll
0x00007ffa29650000 - 0x00007ffa297ed000 	C:\Windows\System32\USER32.dll
0x00007ffa12ec0000 - 0x00007ffa1315a000 	C:\Windows\WinSxS\amd64_microsoft.windows.common-controls_6595b64144ccf1df_6.0.19041.1110_none_60b5254171f9507e\COMCTL32.dll
0x00007ffa28aa0000 - 0x00007ffa28ac2000 	C:\Windows\System32\win32u.dll
0x00007ffa29b10000 - 0x00007ffa29bae000 	C:\Windows\System32\msvcrt.dll
0x00007ffa298a0000 - 0x00007ffa298cc000 	C:\Windows\System32\GDI32.dll
0x00007ffa28ad0000 - 0x00007ffa28be5000 	C:\Windows\System32\gdi32full.dll
0x00007ffa28cb0000 - 0x00007ffa28d4d000 	C:\Windows\System32\msvcp_win.dll
0x00007ffa2a410000 - 0x00007ffa2a440000 	C:\Windows\System32\IMM32.DLL
0x00007ffa11310000 - 0x00007ffa113ab000 	C:\Users\ASUS\.jdks\corretto-18.0.2\bin\msvcp140.dll
0x00007ff9df200000 - 0x00007ff9dfe71000 	C:\Users\ASUS\.jdks\corretto-18.0.2\bin\server\jvm.dll
0x00007ffa29bb0000 - 0x00007ffa29c5f000 	C:\Windows\System32\ADVAPI32.dll
0x00007ffa2a370000 - 0x00007ffa2a40c000 	C:\Windows\System32\sechost.dll
0x00007ffa292f0000 - 0x00007ffa29416000 	C:\Windows\System32\RPCRT4.dll
0x00007ffa2a4b0000 - 0x00007ffa2a4b8000 	C:\Windows\System32\PSAPI.DLL
0x00007ffa243a0000 - 0x00007ffa243a9000 	C:\Windows\SYSTEM32\WSOCK32.dll
0x00007ffa14bd0000 - 0x00007ffa14bf7000 	C:\Windows\SYSTEM32\WINMM.dll
0x00007ffa298d0000 - 0x00007ffa2993b000 	C:\Windows\System32\WS2_32.dll
0x00007ffa238a0000 - 0x00007ffa238aa000 	C:\Windows\SYSTEM32\VERSION.dll
0x00007ffa27120000 - 0x00007ffa27132000 	C:\Windows\SYSTEM32\kernel.appcore.dll
0x00007ffa21fd0000 - 0x00007ffa21fda000 	C:\Users\ASUS\.jdks\corretto-18.0.2\bin\jimage.dll
0x00007ffa26670000 - 0x00007ffa26854000 	C:\Windows\SYSTEM32\DBGHELP.DLL
0x00007ffa20ce0000 - 0x00007ffa20d14000 	C:\Windows\SYSTEM32\dbgcore.DLL
0x00007ffa28c20000 - 0x00007ffa28ca2000 	C:\Windows\System32\bcryptPrimitives.dll
0x00007ffa21950000 - 0x00007ffa2195e000 	C:\Users\ASUS\.jdks\corretto-18.0.2\bin\instrument.dll
0x00007ffa07050000 - 0x00007ffa07075000 	C:\Users\ASUS\.jdks\corretto-18.0.2\bin\java.dll
0x00007ff9f02b0000 - 0x00007ff9f0386000 	C:\Users\ASUS\.jdks\corretto-18.0.2\bin\jsvml.dll
0x00007ffa2a4c0000 - 0x00007ffa2ac04000 	C:\Windows\System32\SHELL32.dll
0x00007ffa26970000 - 0x00007ffa27103000 	C:\Windows\SYSTEM32\windows.storage.dll
0x00007ffa2ac10000 - 0x00007ffa2af64000 	C:\Windows\System32\combase.dll
0x00007ffa28260000 - 0x00007ffa2828e000 	C:\Windows\SYSTEM32\Wldp.dll
0x00007ffa297f0000 - 0x00007ffa2989d000 	C:\Windows\System32\SHCORE.dll
0x00007ffa2a450000 - 0x00007ffa2a4a5000 	C:\Windows\System32\shlwapi.dll
0x00007ffa28820000 - 0x00007ffa28845000 	C:\Windows\SYSTEM32\profapi.dll
0x00007ffa12ad0000 - 0x00007ffa12ae8000 	C:\Users\ASUS\.jdks\corretto-18.0.2\bin\zip.dll
0x00007ffa1f1f0000 - 0x00007ffa1f203000 	C:\Users\ASUS\.jdks\corretto-18.0.2\bin\net.dll
0x00007ffa22110000 - 0x00007ffa2221a000 	C:\Windows\SYSTEM32\WINHTTP.dll
0x00007ffa27fc0000 - 0x00007ffa2802a000 	C:\Windows\system32\mswsock.dll
0x00007ffa1cc90000 - 0x00007ffa1cca5000 	C:\Users\ASUS\.jdks\corretto-18.0.2\bin\nio.dll
0x00007ffa217a0000 - 0x00007ffa217ba000 	C:\Program Files\JetBrains\IntelliJ IDEA 2022.3.3\bin\breakgen64.dll
0x00007ffa27cf0000 - 0x00007ffa27dba000 	C:\Windows\SYSTEM32\DNSAPI.dll
0x00007ffa27cb0000 - 0x00007ffa27ceb000 	C:\Windows\SYSTEM32\IPHLPAPI.DLL
0x00007ffa29b00000 - 0x00007ffa29b08000 	C:\Windows\System32\NSI.dll
0x00007ffa1e1a0000 - 0x00007ffa1e1aa000 	C:\Windows\System32\rasadhlp.dll
0x00007ffa1e1c0000 - 0x00007ffa1e242000 	C:\Windows\System32\fwpuclnt.dll
0x00007ffa28bf0000 - 0x00007ffa28c17000 	C:\Windows\System32\bcrypt.dll
0x00007ffa21970000 - 0x00007ffa21979000 	C:\Users\ASUS\.jdks\corretto-18.0.2\bin\management.dll
0x00007ffa21960000 - 0x00007ffa2196b000 	C:\Users\ASUS\.jdks\corretto-18.0.2\bin\management_ext.dll
0x00007ffa281b0000 - 0x00007ffa281c8000 	C:\Windows\SYSTEM32\CRYPTSP.dll
0x00007ffa278d0000 - 0x00007ffa27904000 	C:\Windows\system32\rsaenh.dll
0x00007ffa287e0000 - 0x00007ffa2880e000 	C:\Windows\SYSTEM32\USERENV.dll
0x00007ffa281d0000 - 0x00007ffa281dc000 	C:\Windows\SYSTEM32\CRYPTBASE.dll
0x00007ffa22480000 - 0x00007ffa22497000 	C:\Windows\SYSTEM32\dhcpcsvc6.DLL
0x00007ffa227b0000 - 0x00007ffa227cd000 	C:\Windows\SYSTEM32\dhcpcsvc.DLL
0x00007ff9ff160000 - 0x00007ff9ff177000 	C:\Windows\system32\napinsp.dll
0x00007ff9fc9c0000 - 0x00007ff9fc9db000 	C:\Windows\system32\pnrpnsp.dll
0x00007ff9fe860000 - 0x00007ff9fe875000 	C:\Windows\system32\wshbth.dll
0x00007ffa22cf0000 - 0x00007ffa22d0d000 	C:\Windows\system32\NLAapi.dll
0x00007ff9fc970000 - 0x00007ff9fc982000 	C:\Windows\System32\winrnr.dll
0x00007ffa1f7c0000 - 0x00007ffa1f7ce000 	C:\Users\ASUS\.jdks\corretto-18.0.2\bin\sunmscapi.dll
0x00007ffa288f0000 - 0x00007ffa28a4e000 	C:\Windows\System32\CRYPT32.dll
0x00007ffa28330000 - 0x00007ffa28358000 	C:\Windows\SYSTEM32\ncrypt.dll
0x00007ffa282f0000 - 0x00007ffa2832b000 	C:\Windows\SYSTEM32\NTASN1.dll
0x00007ffa21940000 - 0x00007ffa21950000 	C:\Users\ASUS\.jdks\corretto-18.0.2\bin\verify.dll

dbghelp: loaded successfully - version: 4.0.5 - missing functions: none
symbol engine: initialized successfully - sym options: 0x614 - pdb path: .;C:\Users\ASUS\.jdks\corretto-18.0.2\bin;C:\Windows\SYSTEM32;C:\Windows\WinSxS\amd64_microsoft.windows.common-controls_6595b64144ccf1df_6.0.19041.1110_none_60b5254171f9507e;C:\Users\ASUS\.jdks\corretto-18.0.2\bin\server;C:\Program Files\JetBrains\IntelliJ IDEA 2022.3.3\bin

VM Arguments:
jvm_args: -XX:TieredStopAtLevel=1 -Dspring.output.ansi.enabled=always -Dcom.sun.management.jmxremote -Dspring.jmx.enabled=true -Dspring.liveBeansView.mbeanDomain -Dspring.application.admin.enabled=true -Dmanagement.endpoints.jmx.exposure.include=* -javaagent:C:\Program Files\JetBrains\IntelliJ IDEA 2022.3.3\lib\idea_rt.jar=65277:C:\Program Files\JetBrains\IntelliJ IDEA 2022.3.3\bin -Dfile.encoding=UTF-8 -Dsun.stdout.encoding=UTF-8 -Dsun.stderr.encoding=UTF-8 
java_command: com.esprit.socialnetwork.SocialNetworkApplication
java_class_path (initial): C:\Users\ASUS\Desktop\Stage\Social-Network\target\classes;C:\Users\ASUS\.m2\repository\org\springframework\boot\spring-boot-starter-data-jpa\3.1.1\spring-boot-starter-data-jpa-3.1.1.jar;C:\Users\ASUS\.m2\repository\org\springframework\boot\spring-boot-starter-aop\3.1.1\spring-boot-starter-aop-3.1.1.jar;C:\Users\ASUS\.m2\repository\org\aspectj\aspectjweaver\1.9.19\aspectjweaver-1.9.19.jar;C:\Users\ASUS\.m2\repository\org\springframework\boot\spring-boot-starter-jdbc\3.1.1\spring-boot-starter-jdbc-3.1.1.jar;C:\Users\ASUS\.m2\repository\com\zaxxer\HikariCP\5.0.1\HikariCP-5.0.1.jar;C:\Users\ASUS\.m2\repository\org\springframework\spring-jdbc\6.0.10\spring-jdbc-6.0.10.jar;C:\Users\ASUS\.m2\repository\org\hibernate\orm\hibernate-core\6.2.5.Final\hibernate-core-6.2.5.Final.jar;C:\Users\ASUS\.m2\repository\jakarta\persistence\jakarta.persistence-api\3.1.0\jakarta.persistence-api-3.1.0.jar;C:\Users\ASUS\.m2\repository\jakarta\transaction\jakarta.transaction-api\2.0.1\jakarta.transaction-api-2.0.1.jar;C:\Users\ASUS\.m2\repository\org\hibernate\common\hibernate-commons-annotations\6.0.6.Final\hibernate-commons-annotations-6.0.6.Final.jar;C:\Users\ASUS\.m2\repository\io\smallrye\jandex\3.0.5\jandex-3.0.5.jar;C:\Users\ASUS\.m2\repository\com\fasterxml\classmate\1.5.1\classmate-1.5.1.jar;C:\Users\ASUS\.m2\repository\net\bytebuddy\byte-buddy\1.14.5\byte-buddy-1.14.5.jar;C:\Users\ASUS\.m2\repository\org\glassfish\jaxb\jaxb-runtime\4.0.3\jaxb-runtime-4.0.3.jar;C:\Users\ASUS\.m2\repository\org\glassfish\jaxb\jaxb-core\4.0.3\jaxb-core-4.0.3.jar;C:\Users\ASUS\.m2\repository\org\eclipse\angus\angus-activation\2.0.1\angus-activation-2.0.1.jar;C:\Users\ASUS\.m2\repository\org\glassfish\jaxb\txw2\4.0.3\txw2-4.0.3.jar;C:\Users\ASUS\.m2\repository\com\sun\istack\istack-commons-runtime\4.1.2\istack-commons-runtime-4.1.2.jar;C:\Users\ASUS\.m2\repository\jakarta\inject\jakarta.inject-api\2.0.1\jakarta.inject-api-2.0.1.jar;C:\Users\ASUS\.m2\repository\org\antlr\antlr4-runtime\4.10.1\antlr4-runtime-4.10.1.jar;C:\Users\ASUS\.m2\repository\org\springframework\data\spring-data-jpa\3.1.1\spring-data-jpa-3.1.1.jar;C:\Users\ASUS\.m2\repository\org\springframework\data\spring-data-commons\3.1.1\spring-data-commons-3.1.1.jar;C:\Users\ASUS\.m2\repository\org\springframework\spring-orm\6.0.10\spring-orm-6.0.10.jar;C:\Users\ASUS\.m2\repository\org\springframework\spring-context\6.0.10\spring-context-6.0.10.jar;C:\Users\ASUS\.m2\repository\org\springframework\spring-tx\6.0.10\spring-tx-6.0.10.jar;C:\Users\ASUS\.m2\repository\org\springframework\spring-beans\6.0.10\spring-beans-6.0.10.jar;C:\Users\ASUS\.m2\repository\jakarta\annotation\jakarta.annotation-api\2.1.1\jakarta.annotation-api-2.1.1.jar;C:\Users\ASUS\.m2\repository\org\slf4j\slf4j-api\2.0.7\slf4j-api-2.0.7.jar;C:\Users\ASUS\.m2\repository\org\springframework\spring-aspects\6.0.10\spring-aspects-6.0.10.jar;C:\Users\ASUS\.m2\repository\org\springframework\boot\spring-boot-starter-security\3.1.1\spring-boot-starter-security-3.1.1.jar;C:\Users\ASUS\.m2\repository\org\springframework\boot\spring-boot-starter\3.1.1\spring-boot-starter-3.1.1.jar;C:\Users\ASUS\.m2\repository\org\springframework\boot\spring-boot-starter-logging\3.1.1\spring-boot-starter-logging-3.1.1.jar;C:\Users\ASUS\.m2\repository\ch\qos\logback\logback-classic\1.4.8\logback-classic-1.4.8.jar;C:\Users\ASUS\.m2\repository\ch\qos\logback\logback-core\1.4.8\logback-core-1.4.8.jar;C:\Users\ASUS\.m2\repository\org\apache\logging\log4j\log4j-to-slf4j\2.20.0\log4j-to-slf4j-2.20.0.jar;C:\Users\ASUS\.m2\repository\org\apache\logging\log4j\log4j-api\2.20.0\log4j-api-2.20.0.jar;C:\Users\ASUS\.m2\repository\org\slf4j\jul-to-slf4j\2.0.7\jul-to-slf4j-2.0.7.jar;C:\Users\ASUS\.m2\repository\org\yaml\snakeyaml\1.33\snakeyaml-1.33.jar;C:\Users\ASUS\.m2\repository\org\springframework\spring-aop\6.0.10\spring-aop-6.0.10.jar;C:\Users\ASUS\.m2\repository\org\springframework\security\spring-security-config\6.1.1\spring-security-config-6.1.1.jar;C:\Users\ASUS\.m2\repository\org\springframework\security\spring-security-web\6.1.1\spring-security-web-6.1.1.jar;C:\Users\ASUS\.m2\repository\org\springframework\spring-expression\6.0.10\spring-expression-6.0.10.jar;C:\Users\ASUS\.m2\repository\org\springframework\boot\spring-boot-starter-web\3.1.1\spring-boot-starter-web-3.1.1.jar;C:\Users\ASUS\.m2\repository\org\springframework\boot\spring-boot-starter-json\3.1.1\spring-boot-starter-json-3.1.1.jar;C:\Users\ASUS\.m2\repository\com\fasterxml\jackson\datatype\jackson-datatype-jdk8\2.15.2\jackson-datatype-jdk8-2.15.2.jar;C:\Users\ASUS\.m2\repository\com\fasterxml\jackson\datatype\jackson-datatype-jsr310\2.15.2\jackson-datatype-jsr310-2.15.2.jar;C:\Users\ASUS\.m2\repository\com\fasterxml\jackson\module\jackson-module-parameter-names\2.15.2\jackson-module-parameter-names-2.15.2.jar;C:\Users\ASUS\.m2\repository\org\springframework\boot\spring-boot-starter-tomcat\3.1.1\spring-boot-starter-tomcat-3.1.1.jar;C:\Users\ASUS\.m2\repository\org\apache\tomcat\embed\tomcat-embed-core\10.1.10\tomcat-embed-core-10.1.10.jar;C:\Users\ASUS\.m2\repository\org\apache\tomcat\embed\tomcat-embed-el\10.1.10\tomcat-embed-el-10.1.10.jar;C:\Users\ASUS\.m2\repository\org\apache\tomcat\embed\tomcat-embed-websocket\10.1.10\tomcat-embed-websocket-10.1.10.jar;C:\Users\ASUS\.m2\repository\org\springframework\spring-web\6.0.10\spring-web-6.0.10.jar;C:\Users\ASUS\.m2\repository\io\micrometer\micrometer-observation\1.11.1\micrometer-observation-1.11.1.jar;C:\Users\ASUS\.m2\repository\io\micrometer\micrometer-commons\1.11.1\micrometer-commons-1.11.1.jar;C:\Users\ASUS\.m2\repository\org\springframework\spring-webmvc\6.0.10\spring-webmvc-6.0.10.jar;C:\Users\ASUS\.m2\repository\com\mysql\mysql-connector-j\8.0.33\mysql-connector-j-8.0.33.jar;C:\Users\ASUS\.m2\repository\org\projectlombok\lombok\1.18.28\lombok-1.18.28.jar;C:\Users\ASUS\.m2\repository\jakarta\xml\bind\jakarta.xml.bind-api\4.0.0\jakarta.xml.bind-api-4.0.0.jar;C:\Users\ASUS\.m2\repository\jakarta\activation\jakarta.activation-api\2.1.2\jakarta.activation-api-2.1.2.jar;C:\Users\ASUS\.m2\repository\org\springframework\spring-core\6.0.10\spring-core-6.0.10.jar;C:\Users\ASUS\.m2\repository\org\springframework\spring-jcl\6.0.10\spring-jcl-6.0.10.jar;C:\Users\ASUS\.m2\repository\org\springframework\security\spring-security-core\6.1.1\spring-security-core-6.1.1.jar;C:\Users\ASUS\.m2\repository\org\springframework\security\spring-security-crypto\6.1.1\spring-security-crypto-6.1.1.jar;C:\Users\ASUS\.m2\repository\org\hibernate\hibernate-c3p0\4.3.6.Final\hibernate-c3p0-4.3.6.Final.jar;C:\Users\ASUS\.m2\repository\org\jboss\logging\jboss-logging\3.5.1.Final\jboss-logging-3.5.1.Final.jar;C:\Users\ASUS\.m2\repository\org\jboss\logging\jboss-logging-annotations\1.2.0.Beta1\jboss-logging-annotations-1.2.0.Beta1.jar;C:\Users\ASUS\.m2\repository\org\hibernate\hibernate-core\4.3.6.Final\hibernate-core-4.3.6.Final.jar;C:\Users\ASUS\.m2\repository\org\jboss\spec\javax\transaction\jboss-transaction-api_1.2_spec\1.0.0.Final\jboss-transaction-api_1.2_spec-1.0.0.Final.jar;C:\Users\ASUS\.m2\repository\dom4j\dom4j\1.6.1\dom4j-1.6.1.jar;C:\Users\ASUS\.m2\repository\xml-apis\xml-apis\1.0.b2\xml-apis-1.0.b2.jar;C:\Users\ASUS\.m2\repository\org\hibernate\javax\persistence\hibernate-jpa-2.1-api\1.0.0.Final\hibernate-jpa-2.1-api-1.0.0.Final.jar;C:\Users\ASUS\.m2\repository\org\javassist\javassist\3.18.1-GA\javassist-3.18.1-GA.jar;C:\Users\ASUS\.m2\repository\antlr\antlr\2.7.7\antlr-2.7.7.jar;C:\Users\ASUS\.m2\repository\org\jboss\jandex\1.1.0.Final\jandex-1.1.0.Final.jar;C:\Users\ASUS\.m2\repository\com\mchange\c3p0\0.9.2.1\c3p0-0.9.2.1.jar;C:\Users\ASUS\.m2\repository\com\mchange\mchange-commons-java\0.2.3.4\mchange-commons-java-0.2.3.4.jar;C:\Users\ASUS\.m2\repository\io\jsonwebtoken\jjwt-api\0.11.5\jjwt-api-0.11.5.jar;C:\Users\ASUS\.m2\repository\io\jsonwebtoken\jjwt-impl\0.11.5\jjwt-impl-0.11.5.jar;C:\Users\ASUS\.m2\repository\io\jsonwebtoken\jjwt-jackson\0.11.5\jjwt-jackson-0.11.5.jar;C:\Users\ASUS\.m2\repository\com\fasterxml\jackson\core\jackson-databind\2.15.2\jackson-databind-2.15.2.jar;C:\Users\ASUS\.m2\repository\com\fasterxml\jackson\core\jackson-core\2.15.2\jackson-core-2.15.2.jar;C:\Users\ASUS\.m2\repository\org\springdoc\springdoc-openapi-ui\1.6.9\springdoc-openapi-ui-1.6.9.jar;C:\Users\ASUS\.m2\repository\org\springdoc\springdoc-openapi-webmvc-core\1.6.9\springdoc-openapi-webmvc-core-1.6.9.jar;C:\Users\ASUS\.m2\repository\org\springdoc\springdoc-openapi-common\1.6.9\springdoc-openapi-common-1.6.9.jar;C:\Users\ASUS\.m2\repository\io\swagger\core\v3\swagger-core\2.2.0\swagger-core-2.2.0.jar;C:\Users\ASUS\.m2\repository\org\apache\commons\commons-lang3\3.12.0\commons-lang3-3.12.0.jar;C:\Users\ASUS\.m2\repository\com\fasterxml\jackson\dataformat\jackson-dataformat-yaml\2.15.2\jackson-dataformat-yaml-2.15.2.jar;C:\Users\ASUS\.m2\repository\io\swagger\core\v3\swagger-annotations\2.2.0\swagger-annotations-2.2.0.jar;C:\Users\ASUS\.m2\repository\io\swagger\core\v3\swagger-models\2.2.0\swagger-models-2.2.0.jar;C:\Users\ASUS\.m2\repository\jakarta\validation\jakarta.validation-api\3.0.2\jakarta.validation-api-3.0.2.jar;C:\Users\ASUS\.m2\repository\org\webjars\swagger-ui\4.11.1\swagger-ui-4.11.1.jar;C:\Users\ASUS\.m2\repository\org\webjars\webjars-locator-core\0.52\webjars-locator-core-0.52.jar;C:\Users\ASUS\.m2\repository\io\github\classgraph\classgraph\4.8.147\classgraph-4.8.147.jar;C:\Users\ASUS\.m2\repository\org\springframework\security\oauth\boot\spring-security-oauth2-autoconfigure\2.0.6.RELEASE\spring-security-oauth2-autoconfigure-2.0.6.RELEASE.jar;C:\Users\ASUS\.m2\repository\com\fasterxml\jackson\core\jackson-annotations\2.15.2\jackson-annotations-2.15.2.jar;C:\Users\ASUS\.m2\repository\org\springframework\boot\spring-boot\3.1.1\spring-boot-3.1.1.jar;C:\Users\ASUS\.m2\repository\org\springframework\boot\spring-boot-autoconfigure\3.1.1\spring-boot-autoconfigure-3.1.1.jar;C:\Users\ASUS\.m2\repository\org\springframework\security\oauth\spring-security-oauth2\2.2.3.RELEASE\spring-security-oauth2-2.2.3.RELEASE.jar;C:\Users\ASUS\.m2\repository\commons-codec\commons-codec\1.15\commons-codec-1.15.jar;C:\Users\ASUS\.m2\repository\org\codehaus\jackson\jackson-mapper-asl\1.9.13\jackson-mapper-asl-1.9.13.jar;C:\Users\ASUS\.m2\repository\org\codehaus\jackson\jackson-core-asl\1.9.13\jackson-core-asl-1.9.13.jar;C:\Users\ASUS\.m2\repository\org\springframework\security\spring-security-jwt\1.0.9.RELEASE\spring-security-jwt-1.0.9.RELEASE.jar;C:\Users\ASUS\.m2\repository\org\bouncycastle\bcpkix-jdk15on\1.56\bcpkix-jdk15on-1.56.jar;C:\Users\ASUS\.m2\repository\org\bouncycastle\bcprov-jdk15on\1.56\bcprov-jdk15on-1.56.jar;C:\Users\ASUS\.m2\repository\com\auth0\java-jwt\4.0.0\java-jwt-4.0.0.jar;C:\Users\ASUS\.m2\repository\com\google\api-client\google-api-client\1.32.1\google-api-client-1.32.1.jar;C:\Users\ASUS\.m2\repository\com\google\oauth-client\google-oauth-client\1.31.5\google-oauth-client-1.31.5.jar;C:\Users\ASUS\.m2\repository\com\google\http-client\google-http-client-gson\1.39.2\google-http-client-gson-1.39.2.jar;C:\Users\ASUS\.m2\repository\com\google\code\gson\gson\2.10.1\gson-2.10.1.jar;C:\Users\ASUS\.m2\repository\com\google\guava\guava\30.1.1-android\guava-30.1.1-android.jar;C:\Users\ASUS\.m2\repository\com\google\guava\failureaccess\1.0.1\failureaccess-1.0.1.jar;C:\Users\ASUS\.m2\repository\com\google\guava\listenablefuture\9999.0-empty-to-avoid-conflict-with-guava\listenablefuture-9999.0-empty-to-avoid-conflict-with-guava.jar;C:\Users\ASUS\.m2\repository\com\google\code\findbugs\jsr305\3.0.2\jsr305-3.0.2.jar;C:\Users\ASUS\.m2\repository\org\checkerframework\checker-compat-qual\2.5.5\checker-compat-qual-2.5.5.jar;C:\Users\ASUS\.m2\repository\com\google\errorprone\error_prone_annotations\2.5.1\error_prone_annotations-2.5.1.jar;C:\Users\ASUS\.m2\repository\com\google\j2objc\j2objc-annotations\1.3\j2objc-annotations-1.3.jar;C:\Users\ASUS\.m2\repository\com\google\http-client\google-http-client-apache-v2\1.39.2\google-http-client-apache-v2-1.39.2.jar;C:\Users\ASUS\.m2\repository\org\apache\httpcomponents\httpcore\4.4.16\httpcore-4.4.16.jar;C:\Users\ASUS\.m2\repository\org\apache\httpcomponents\httpclient\4.5.13\httpclient-4.5.13.jar;C:\Users\ASUS\.m2\repository\commons-logging\commons-logging\1.2\commons-logging-1.2.jar;C:\Users\ASUS\.m2\repository\com\google\http-client\google-http-client\1.39.2\google-http-client-1.39.2.jar;C:\Users\ASUS\.m2\repository\io\opencensus\opencensus-api\0.28.0\opencensus-api-0.28.0.jar;C:\Users\ASUS\.m2\repository\io\grpc\grpc-context\1.27.2\grpc-context-1.27.2.jar;C:\Users\ASUS\.m2\repository\io\opencensus\opencensus-contrib-http-util\0.28.0\opencensus-contrib-http-util-0.28.0.jar;C:\Users\ASUS\.m2\repository\com\google\oauth-client\google-oauth-client-jetty\1.32.1\google-oauth-client-jetty-1.32.1.jar;C:\Users\ASUS\.m2\repository\com\google\oauth-client\google-oauth-client-java6\1.32.1\google-oauth-client-java6-1.32.1.jar;C:\Users\ASUS\.m2\repository\org\modelmapper\modelmapper\2.3.5\modelmapper-2.3.5.jar
Launcher Type: SUN_STANDARD

[Global flags]
     intx CICompilerCount                          = 4                                         {product} {ergonomic}
     uint ConcGCThreads                            = 2                                         {product} {ergonomic}
     uint G1ConcRefinementThreads                  = 8                                         {product} {ergonomic}
   size_t G1HeapRegionSize                         = 1048576                                   {product} {ergonomic}
    uintx GCDrainStackTargetSize                   = 64                                        {product} {ergonomic}
   size_t InitialHeapSize                          = 134217728                                 {product} {ergonomic}
     bool ManagementServer                         = true                                      {product} {command line}
   size_t MarkStackSize                            = 4194304                                   {product} {ergonomic}
   size_t MaxHeapSize                              = 2116026368                                {product} {ergonomic}
   size_t MaxNewSize                               = 1268776960                                {product} {ergonomic}
   size_t MinHeapDeltaBytes                        = 1048576                                   {product} {ergonomic}
   size_t MinHeapSize                              = 8388608                                   {product} {ergonomic}
    uintx NonProfiledCodeHeapSize                  = 0                                      {pd product} {ergonomic}
     bool ProfileInterpreter                       = false                                  {pd product} {command line}
    uintx ProfiledCodeHeapSize                     = 0                                      {pd product} {ergonomic}
   size_t SoftMaxHeapSize                          = 2116026368                             {manageable} {ergonomic}
     intx TieredStopAtLevel                        = 1                                         {product} {command line}
     bool UseCompressedClassPointers               = true                           {product lp64_product} {ergonomic}
     bool UseCompressedOops                        = true                           {product lp64_product} {ergonomic}
     bool UseG1GC                                  = true                                      {product} {ergonomic}
     bool UseLargePagesIndividualAllocation        = false                                  {pd product} {ergonomic}

Logging:
Log output configuration:
 #0: stdout all=warning uptime,level,tags foldmultilines=false
 #1: stderr all=off uptime,level,tags foldmultilines=false

Environment Variables:
PATH=C:\Program Files (x86)\Common Files\Oracle\Java\javapath;C:\Windows\system32;C:\Windows;C:\Windows\System32\Wbem;C:\Windows\System32\WindowsPowerShell\v1.0\;C:\Windows\System32\OpenSSH\;C:\Program Files (x86)\NVIDIA Corporation\PhysX\Common;C:\Program Files\NVIDIA Corporation\NVIDIA NvDLISR;C:\Program Files\nodejs\;C:\Program Files\Git\cmd;C:\Program Files (x86)\Microsoft SQL Server\110\DTS\Binn\;C:\Program Files (x86)\Microsoft SQL Server\110\Tools\Binn\;C:\Program Files (x86)\Microsoft SQL Server\110\Tools\Binn\ManagementStudio\;C:\Program Files (x86)\Microsoft Visual Studio 10.0\Common7\IDE\PrivateAssemblies\;C:\Users\ASUS\AppData\Local\Programs\Python\Python311\Scripts\;C:\Users\ASUS\AppData\Local\Programs\Python\Python311\;C:\Users\ASUS\AppData\Local\Microsoft\WindowsApps;;C:\Program Files\JetBrains\IntelliJ IDEA 2022.3.3\bin;;C:\Users\ASUS\AppData\Local\Programs\Microsoft VS Code\bin;C:\Users\ASUS\AppData\Roaming\npm
USERNAME=ASUS
OS=Windows_NT
PROCESSOR_IDENTIFIER=Intel64 Family 6 Model 142 Stepping 10, GenuineIntel



---------------  S Y S T E M  ---------------

OS:
 Windows 10 , 64 bit Build 19041 (10.0.19041.3155)
OS uptime: 16 days 13:36 hours

CPU: total 8 (initial active 8) (4 cores per cpu, 2 threads per core) family 6 model 142 stepping 10 microcode 0xb4, cx8, cmov, fxsr, ht, mmx, 3dnowpref, sse, sse2, sse3, ssse3, sse4.1, sse4.2, popcnt, lzcnt, tsc, tscinvbit, avx, avx2, aes, erms, clmul, bmi1, bmi2, adx, fma, vzeroupper, clflush, clflushopt

Memory: 4k page, system-wide physical 8070M (377M free)
TotalPageFile size 15070M (AvailPageFile size 8M)
current process WorkingSet (physical memory assigned to process): 237M, peak: 237M
current process commit charge ("private bytes"): 281M, peak: 302M

vm_info: OpenJDK 64-Bit Server VM (18.0.2+9-FR) for windows-amd64 JRE (18.0.2+9-FR), built on Jul 15 2022 20:03:03 by "Administrator" with MS VC++ 15.9 (VS2017)

END.
